Dec  8 04:28:59 ecc cron[929]: (CRON) INFO (pidfile fd = 3)
Dec  8 04:28:59 ecc cron[929]: (CRON) INFO (Running @reboot jobs)
Dec  8 04:29:01 ecc CRON[1276]: (sk2a03) CMD ( cat /home/sk2a03/kad08.sh)
Dec  8 04:30:01 ecc CRON[3172]: (sk2a03) CMD ( cat /home/sk2a03/kad08.sh)
Dec  8 04:31:01 ecc CRON[3345]: (sk2a03) CMD ( cat /home/sk2a03/kad08.sh)
Dec  8 04:32:01 ecc CRON[3358]: (sk2a03) CMD ( cat /home/sk2a03/kad08.sh)
Dec  8 04:33:01 ecc CRON[3363]: (sk2a03) CMD ( cat /home/sk2a03/kad08.sh)
Dec  8 04:34:01 ecc CRON[4102]: (sk2a03) CMD ( cat /home/sk2a03/kad08.sh)
Dec  8 04:35:01 ecc CRON[4241]: (sk2a03) CMD ( cat /home/sk2a03/kad08.sh)
Dec  8 04:36:01 ecc CRON[4259]: (sk2a03) CMD ( cat /home/sk2a03/kad08.sh)
Dec  8 04:37:01 ecc CRON[4264]: (sk2a03) CMD ( cat /home/sk2a03/kad08.sh)
Dec  8 04:38:01 ecc CRON[4269]: (sk2a03) CMD ( cat /home/sk2a03/kad08.sh)
Dec  8 04:39:01 ecc CRON[4286]: (sk2a03) CMD ( cat /home/sk2a03/kad08.sh)
Dec  8 04:39:01 ecc CRON[4287]: (root) CMD (  [ -x /usr/lib/php/sessionclean ] && if [ ! -d /run/systemd/system ]; then /usr/lib/php/sessionclean; fi)
Dec  8 04:40:01 ecc CRON[4340]: (sk2a03) CMD ( cat /home/sk2a03/kad08.sh)
Dec  8 04:41:01 ecc CRON[4345]: (sk2a03) CMD ( cat /home/sk2a03/kad08.sh)
Dec  8 04:42:01 ecc CRON[4350]: (sk2a03) CMD ( cat /home/sk2a03/kad08.sh)
Dec  8 04:43:01 ecc CRON[4355]: (sk2a03) CMD ( cat /home/sk2a03/kad08.sh)
Dec  8 04:44:01 ecc CRON[4364]: (sk2a03) CMD ( cat /home/sk2a03/kad08.sh)
Dec  8 04:45:01 ecc CRON[4369]: (sk2a03) CMD ( cat /home/sk2a03/kad08.sh)
Dec  8 04:46:01 ecc CRON[4374]: (sk2a03) CMD ( cat /home/sk2a03/kad08.sh)
Dec  8 04:47:01 ecc CRON[4382]: (sk2a03) CMD ( cat /home/sk2a03/kad08.sh)
Dec  8 04:48:01 ecc CRON[4388]: (sk2a03) CMD ( cat /home/sk2a03/kad08.sh)
Dec  8 04:49:01 ecc CRON[4395]: (sk2a03) CMD ( cat /home/sk2a03/kad08.sh)
Dec  8 04:50:01 ecc CRON[4404]: (sk2a03) CMD ( cat /home/sk2a03/kad08.sh)
Dec  8 04:51:01 ecc CRON[4488]: (sk2a03) CMD ( cat /home/sk2a03/kad08.sh)
Dec  8 04:52:01 ecc CRON[4497]: (sk2a03) CMD ( cat /home/sk2a03/kad08.sh)
Dec  8 04:53:01 ecc CRON[4502]: (sk2a03) CMD ( cat /home/sk2a03/kad08.sh)
Dec  8 04:54:01 ecc CRON[4567]: (sk2a03) CMD ( cat /home/sk2a03/kad08.sh)
Dec  8 04:55:01 ecc CRON[4579]: (sk2a03) CMD ( cat /home/sk2a03/kad08.sh)
Dec  8 04:56:01 ecc CRON[4595]: (sk2a03) CMD ( cat /home/sk2a03/kad08.sh)
Dec  8 04:57:01 ecc CRON[4653]: (sk2a03) CMD ( cat /home/sk2a03/kad08.sh)
Dec  8 04:58:01 ecc CRON[4658]: (sk2a03) CMD ( cat /home/sk2a03/kad08.sh)
Dec  8 04:59:01 ecc CRON[4664]: (sk2a03) CMD ( cat /home/sk2a03/kad08.sh)
Dec  8 05:00:01 ecc CRON[4671]: (sk2a03) CMD ( cat /home/sk2a03/kad08.sh)
Dec  8 05:01:01 ecc CRON[4676]: (sk2a03) CMD ( cat /home/sk2a03/kad08.sh)
Dec  8 05:02:01 ecc CRON[4683]: (sk2a03) CMD ( cat /home/sk2a03/kad08.sh)
Dec  8 05:03:01 ecc CRON[4762]: (sk2a03) CMD ( cat /home/sk2a03/kad08.sh)
Dec  8 05:04:01 ecc CRON[4767]: (sk2a03) CMD ( cat /home/sk2a03/kad08.sh)
Dec  8 05:05:01 ecc CRON[4773]: (sk2a03) CMD ( cat /home/sk2a03/kad08.sh)
Dec  8 05:06:01 ecc CRON[4778]: (sk2a03) CMD ( cat /home/sk2a03/kad08.sh)
Dec  8 05:07:01 ecc CRON[4783]: (sk2a03) CMD ( cat /home/sk2a03/kad08.sh)
Dec  8 05:08:01 ecc CRON[4788]: (sk2a03) CMD ( cat /home/sk2a03/kad08.sh)
Dec  8 05:09:01 ecc CRON[4796]: (root) CMD (  [ -x /usr/lib/php/sessionclean ] && if [ ! -d /run/systemd/system ]; then /usr/lib/php/sessionclean; fi)
Dec  8 05:09:01 ecc CRON[4798]: (sk2a03) CMD ( cat /home/sk2a03/kad08.sh)
Dec  8 05:10:01 ecc CRON[4862]: (sk2a03) CMD ( cat /home/sk2a03/kad08.sh)
Dec  8 05:11:01 ecc CRON[4884]: (sk2a03) CMD ( cat /home/sk2a03/kad08.sh)
Dec  8 05:12:01 ecc CRON[4896]: (sk2a03) CMD ( cat /home/sk2a03/kad08.sh)
Dec  8 05:13:01 ecc CRON[4906]: (sk2a03) CMD ( cat /home/sk2a03/kad08.sh)
Dec  8 05:14:01 ecc CRON[4911]: (sk2a03) CMD ( cat /home/sk2a03/kad08.sh)
Dec  8 05:15:01 ecc CRON[4918]: (sk2a03) CMD ( cat /home/sk2a03/kad08.sh)
Dec  8 05:16:01 ecc CRON[4924]: (sk2a03) CMD ( cat /home/sk2a03/kad08.sh)
Dec  8 05:17:02 ecc CRON[4932]: (root) CMD (   cd / && run-parts --report /etc/cron.hourly)
Dec  8 05:17:02 ecc CRON[4933]: (sk2a03) CMD ( cat /home/sk2a03/kad08.sh)
Dec  8 05:17:02 ecc CRON[4934]: (root) CMD (   cd / && run-parts --report /etc/cron.hourly)
Dec  8 05:18:01 ecc CRON[4944]: (sk2a03) CMD ( cat /home/sk2a03/kad08.sh)
Dec  8 05:19:01 ecc CRON[4952]: (sk2a03) CMD ( cat /home/sk2a03/kad08.sh)
Dec  8 05:20:01 ecc CRON[4958]: (sk2a03) CMD ( cat /home/sk2a03/kad08.sh)
Dec  8 05:21:01 ecc CRON[4964]: (sk2a03) CMD ( cat /home/sk2a03/kad08.sh)
Dec  8 05:22:01 ecc CRON[4969]: (sk2a03) CMD ( cat /home/sk2a03/kad08.sh)
Dec  8 05:23:01 ecc CRON[4974]: (sk2a03) CMD ( cat /home/sk2a03/kad08.sh)
Dec  8 05:24:01 ecc CRON[4979]: (sk2a03) CMD ( cat /home/sk2a03/kad08.sh)
Dec  8 05:25:01 ecc CRON[4984]: (sk2a03) CMD ( cat /home/sk2a03/kad08.sh)
Dec  8 05:26:01 ecc CRON[4990]: (sk2a03) CMD ( cat /home/sk2a03/kad08.sh)
Dec  8 05:27:01 ecc CRON[4995]: (sk2a03) CMD ( cat /home/sk2a03/kad08.sh)
Dec  8 05:28:01 ecc CRON[5000]: (sk2a03) CMD ( cat /home/sk2a03/kad08.sh)
Dec  8 05:29:01 ecc CRON[5013]: (sk2a03) CMD ( cat /home/sk2a03/kad08.sh)
Dec  8 05:30:01 ecc CRON[5029]: (sk2a03) CMD ( cat /home/sk2a03/kad08.sh)
Dec  8 05:31:01 ecc CRON[5035]: (sk2a03) CMD ( cat /home/sk2a03/kad08.sh)
Dec  8 05:32:01 ecc CRON[5043]: (sk2a03) CMD ( cat /home/sk2a03/kad08.sh)
Dec  8 05:39:01 ecc CRON[5118]: (root) CMD (  [ -x /usr/lib/php/sessionclean ] && if [ ! -d /run/systemd/system ]; then /usr/lib/php/sessionclean; fi)
Dec  8 05:45:01 ecc CRON[5235]: (sk2a03) CMD (/bin/bash /home/sk2a03/kad08.sh)
Dec  8 05:49:59 ecc cron[5254]: (CRON) INFO (pidfile fd = 3)
Dec  8 05:49:59 ecc cron[5254]: (CRON) INFO (Skipping @reboot jobs -- not system startup)
Dec  8 05:50:01 ecc CRON[5257]: (sk2a03) CMD (/bin/bash /home/sk2a03/kad08.sh >> /home/sk2a03/cron.log)
Dec  8 05:55:01 ecc CRON[5393]: (sk2a03) CMD (/bin/bash /home/sk2a03/kad08.sh >> /home/sk2a03/cron.log)
