[2023/04/20 4:27:29.938 PM] Last login: Thu Apr 20 16:26:55 on ttys005

[2023/04/20 4:27:29.971 PM] ~ ❯ %                                                                               ~ ❯ hhistort y -c
[2023/04/20 4:27:34.842 PM] History file deleted.
[2023/04/20 4:27:34.843 PM] %                                                                                
[2023/04/20 4:27:34.869 PM] ~ ❯ ccd
[2023/04/20 4:27:36.019 PM] %                                                                                
[2023/04/20 4:27:36.045 PM] ~ ❯ ppwd
[2023/04/20 4:27:39.621 PM] /Users/cyrusman
[2023/04/20 4:27:39.621 PM] %                                                                                
[2023/04/20 4:27:39.647 PM] ~ ❯ pwd > pwd.com   txt
[2023/04/20 4:27:47.730 PM] %                                                                                
[2023/04/20 4:27:47.758 PM] ~ ❯ ccdcar t p
[2023/04/20 4:27:52.213 PM] Pictures/          Public/            package-lock.json  pwd.txt          cat pwd.txt
[2023/04/20 4:27:56.561 PM] /Users/cyrusman
[2023/04/20 4:27:56.563 PM] %                                                                                
[2023/04/20 4:27:56.592 PM] ~ ❯ cat pwd.txtpwd > pwd.txt
[2023/04/20 4:28:21.271 PM] %                                                                                
[2023/04/20 4:28:21.295 PM] ~ ❯ pwd > pwd.txt
[2023/04/20 4:28:22.132 PM] %                                                                                
[2023/04/20 4:28:22.162 PM] ~ ❯ pwd > pwd.txt
[2023/04/20 4:28:22.919 PM] %                                                                                
[2023/04/20 4:28:22.950 PM] ~ ❯ pwd > pwd.txtcat pwd.txt  pwd > pwd.txtcat pwd.txt  
[2023/04/20 4:28:29.803 PM] /Users/cyrusman
[2023/04/20 4:28:29.804 PM] %                                                                                
[2023/04/20 4:28:29.833 PM] ~ ❯ ddate
[2023/04/20 4:28:36.892 PM] Thu Apr 20 16:28:36 JST 2023
[2023/04/20 4:28:36.892 PM] %                                                                                
[2023/04/20 4:28:36.921 PM] ~ ❯ date >> date.txt
[2023/04/20 4:28:44.746 PM] %                                                                                
[2023/04/20 4:28:44.775 PM] ~ ❯ ccat pwd.txtcat d      
[2023/04/20 4:28:48.107 PM] DB\(Year1\)/  Desktop/      Documents/    Downloads/    date.txt    cat date.txt  
[2023/04/20 4:28:53.532 PM] Thu Apr 20 16:28:44 JST 2023
[2023/04/20 4:28:53.533 PM] %                                                                                
[2023/04/20 4:28:53.562 PM] ~ ❯ cat date.txtde >> date.txt
[2023/04/20 4:29:01.004 PM] %                                                                                
[2023/04/20 4:29:01.034 PM] ~ ❯ date >> date.txt
[2023/04/20 4:29:02.230 PM] %                                                                                
[2023/04/20 4:29:02.259 PM] ~ ❯ date >> date.txtc date.txt    
[2023/04/20 4:29:04.498 PM] Thu Apr 20 16:28:44 JST 2023
[2023/04/20 4:29:04.499 PM] Thu Apr 20 16:29:01 JST 2023
[2023/04/20 4:29:04.499 PM] Thu Apr 20 16:29:02 JST 2023
[2023/04/20 4:29:04.499 PM] %                                                                                
[2023/04/20 4:29:04.522 PM] ~ ❯ lls -l cal.txt
[2023/04/20 4:29:19.097 PM] ls: cal.txt: No such file or directory
[2023/04/20 4:29:19.097 PM] %                                                                                
[2023/04/20 4:29:19.125 PM] ~ ❯ ls -l cal.txt 2> error.log
[2023/04/20 4:29:36.140 PM] %                                                                                
[2023/04/20 4:29:36.172 PM] ~ ❯ ccat date.txtcat e       rror.log
[2023/04/20 4:29:45.132 PM] ls: cal.txt: No such file or directory
[2023/04/20 4:29:45.132 PM] %                                                                                
[2023/04/20 4:29:45.161 PM] ~ ❯ a ccat error.logcat >         ca lass.txt
[2023/04/20 4:29:56.070 PM] 5 se2a  
[2023/04/20 4:30:00.952 PM] 4sk   sk2a
[2023/04/20 4:30:06.725 PM] 3 sk2b
[2023/04/20 4:30:12.993 PM] 2 ie2a
[2023/04/20 4:30:18.410 PM] 1 ie2b
