[2024/01/12, 1:41:00.121 PM] Last login: Fri Jan 12 13:13:02 on ttys007
[2024/01/12, 1:41:00.261 PM] %                                                                                
[2024/01/12, 1:41:00.449 PM]     ~                                                          13:41:00  
[2024/01/12, 1:41:00.450 PM] ❯ iip -a❯ ip -a
[2024/01/12, 1:41:01.970 PM] zsh: command not found: ip
[2024/01/12, 1:41:01.971 PM] %                                                                                

[2024/01/12, 1:41:01.992 PM]     ~                                                          13:41:01  
[2024/01/12, 1:41:01.992 PM] ❯ iifcom nfig❯ ifconfig
[2024/01/12, 1:41:07.496 PM] lo0: flags=8049<UP,LOOPBACK,RUNNING,MULTICAST> mtu 16384
[2024/01/12, 1:41:07.496 PM] options=1203<RXCSUM,TXCSUM,TXSTATUS,SW_TIMESTAMP>
[2024/01/12, 1:41:07.496 PM] inet 127.0.0.1 netmask 0xff000000
[2024/01/12, 1:41:07.497 PM] inet6 ::1 prefixlen 128 
[2024/01/12, 1:41:07.497 PM] inet6 fe80::1%lo0 prefixlen 64 scopeid 0x1 
[2024/01/12, 1:41:07.497 PM] nd6 options=201<PERFORMNUD,DAD>
[2024/01/12, 1:41:07.497 PM] gif0: flags=8010<POINTOPOINT,MULTICAST> mtu 1280
[2024/01/12, 1:41:07.497 PM] stf0: flags=0<> mtu 1280
[2024/01/12, 1:41:07.497 PM] anpi0: flags=8863<UP,BROADCAST,SMART,RUNNING,SIMPLEX,MULTICAST> mtu 1500
[2024/01/12, 1:41:07.497 PM] options=400<CHANNEL_IO>
[2024/01/12, 1:41:07.497 PM] ether 6e:2a:9b:60:20:e1
[2024/01/12, 1:41:07.497 PM] media: none
[2024/01/12, 1:41:07.497 PM] status: inactive
[2024/01/12, 1:41:07.497 PM] anpi1: flags=8863<UP,BROADCAST,SMART,RUNNING,SIMPLEX,MULTICAST> mtu 1500
[2024/01/12, 1:41:07.497 PM] options=400<CHANNEL_IO>
[2024/01/12, 1:41:07.497 PM] ether 6e:2a:9b:60:20:e2
[2024/01/12, 1:41:07.497 PM] media: none
[2024/01/12, 1:41:07.497 PM] status: inactive
[2024/01/12, 1:41:07.497 PM] en3: flags=8863<UP,BROADCAST,SMART,RUNNING,SIMPLEX,MULTICAST> mtu 1500
[2024/01/12, 1:41:07.497 PM] options=400<CHANNEL_IO>
[2024/01/12, 1:41:07.498 PM] ether 6e:2a:9b:60:20:c1
[2024/01/12, 1:41:07.498 PM] nd6 options=201<PERFORMNUD,DAD>
[2024/01/12, 1:41:07.498 PM] media: none
[2024/01/12, 1:41:07.498 PM] status: inactive
[2024/01/12, 1:41:07.498 PM] en4: flags=8863<UP,BROADCAST,SMART,RUNNING,SIMPLEX,MULTICAST> mtu 1500
[2024/01/12, 1:41:07.498 PM] options=400<CHANNEL_IO>
[2024/01/12, 1:41:07.498 PM] ether 6e:2a:9b:60:20:c2
[2024/01/12, 1:41:07.498 PM] nd6 options=201<PERFORMNUD,DAD>
[2024/01/12, 1:41:07.498 PM] media: none
[2024/01/12, 1:41:07.498 PM] status: inactive
[2024/01/12, 1:41:07.498 PM] en1: flags=8963<UP,BROADCAST,SMART,RUNNING,PROMISC,SIMPLEX,MULTICAST> mtu 1500
[2024/01/12, 1:41:07.498 PM] options=460<TSO4,TSO6,CHANNEL_IO>
[2024/01/12, 1:41:07.498 PM] ether 36:13:a9:79:4f:00
[2024/01/12, 1:41:07.498 PM] media: autoselect <full-duplex>
[2024/01/12, 1:41:07.498 PM] status: inactive
[2024/01/12, 1:41:07.498 PM] en2: flags=8963<UP,BROADCAST,SMART,RUNNING,PROMISC,SIMPLEX,MULTICAST> mtu 1500
[2024/01/12, 1:41:07.498 PM] options=460<TSO4,TSO6,CHANNEL_IO>
[2024/01/12, 1:41:07.498 PM] ether 36:13:a9:79:4f:04
[2024/01/12, 1:41:07.498 PM] media: autoselect <full-duplex>
[2024/01/12, 1:41:07.498 PM] status: inactive
[2024/01/12, 1:41:07.498 PM] en6: flags=8963<UP,BROADCAST,SMART,RUNNING,PROMISC,SIMPLEX,MULTICAST> mtu 1500
[2024/01/12, 1:41:07.498 PM] options=404<VLAN_MTU,CHANNEL_IO>
[2024/01/12, 1:41:07.498 PM] ether a0:ce:c8:63:7a:be
[2024/01/12, 1:41:07.498 PM] inet6 fe80::1875:951e:4ce3:936c%en6 prefixlen 64 secured scopeid 0xa 
[2024/01/12, 1:41:07.498 PM] inet 10.21.10.52 netmask 0xffffff00 broadcast 10.21.10.255
[2024/01/12, 1:41:07.498 PM] nd6 options=201<PERFORMNUD,DAD>
[2024/01/12, 1:41:07.498 PM] media: autoselect (1000baseT <full-duplex>)
[2024/01/12, 1:41:07.499 PM] status: active
[2024/01/12, 1:41:07.499 PM] ap1: flags=8843<UP,BROADCAST,RUNNING,SIMPLEX,MULTICAST> mtu 1500
[2024/01/12, 1:41:07.499 PM] options=6460<TSO4,TSO6,CHANNEL_IO,PARTIAL_CSUM,ZEROINVERT_CSUM>
[2024/01/12, 1:41:07.499 PM] ether 3e:57:dc:64:3d:e3
[2024/01/12, 1:41:07.499 PM] inet6 fe80::3c57:dcff:fe64:3de3%ap1 prefixlen 64 scopeid 0xb 
[2024/01/12, 1:41:07.499 PM] nd6 options=201<PERFORMNUD,DAD>
[2024/01/12, 1:41:07.499 PM] media: autoselect (<unknown type>)
[2024/01/12, 1:41:07.499 PM] status: inactive
[2024/01/12, 1:41:07.499 PM] en0: flags=8863<UP,BROADCAST,SMART,RUNNING,SIMPLEX,MULTICAST> mtu 1500
[2024/01/12, 1:41:07.499 PM] options=400<CHANNEL_IO>
[2024/01/12, 1:41:07.499 PM] ether 1c:57:dc:64:3d:e3
[2024/01/12, 1:41:07.499 PM] nd6 options=201<PERFORMNUD,DAD>
[2024/01/12, 1:41:07.499 PM] media: autoselect (<unknown type>)
[2024/01/12, 1:41:07.499 PM] status: inactive
[2024/01/12, 1:41:07.499 PM] bridge0: flags=8863<UP,BROADCAST,SMART,RUNNING,SIMPLEX,MULTICAST> mtu 1500
[2024/01/12, 1:41:07.499 PM] options=63<RXCSUM,TXCSUM,TSO4,TSO6>
[2024/01/12, 1:41:07.499 PM] ether 36:13:a9:79:4f:00
[2024/01/12, 1:41:07.499 PM] Configuration:
[2024/01/12, 1:41:07.499 PM] id 0:0:0:0:0:0 priority 0 hellotime 0 fwddelay 0
[2024/01/12, 1:41:07.499 PM] maxage 0 holdcnt 0 proto stp maxaddr 100 timeout 1200
[2024/01/12, 1:41:07.499 PM] root id 0:0:0:0:0:0 priority 0 ifcost 0 port 0
[2024/01/12, 1:41:07.499 PM] ipfilter disabled flags 0x0
[2024/01/12, 1:41:07.499 PM] member: en1 flags=3<LEARNING,DISCOVER>
[2024/01/12, 1:41:07.499 PM]         ifmaxaddr 0 port 8 priority 0 path cost 0
[2024/01/12, 1:41:07.499 PM] member: en2 flags=3<LEARNING,DISCOVER>
[2024/01/12, 1:41:07.499 PM]         ifmaxaddr 0 port 9 priority 0 path cost 0
[2024/01/12, 1:41:07.499 PM] nd6 options=201<PERFORMNUD,DAD>
[2024/01/12, 1:41:07.499 PM] media: <unknown type>
[2024/01/12, 1:41:07.499 PM] status: inactive
[2024/01/12, 1:41:07.499 PM] awdl0: flags=8802<BROADCAST,SIMPLEX,MULTICAST> mtu 1500
[2024/01/12, 1:41:07.499 PM] options=6460<TSO4,TSO6,CHANNEL_IO,PARTIAL_CSUM,ZEROINVERT_CSUM>
[2024/01/12, 1:41:07.500 PM] ether 5e:af:bf:e3:26:ae
[2024/01/12, 1:41:07.500 PM] inet6 fe80::5caf:bfff:fee3:26ae%awdl0 prefixlen 64 scopeid 0xe 
[2024/01/12, 1:41:07.500 PM] nd6 options=201<PERFORMNUD,DAD>
[2024/01/12, 1:41:07.500 PM] media: autoselect (<unknown type>)
[2024/01/12, 1:41:07.500 PM] status: inactive
[2024/01/12, 1:41:07.500 PM] llw0: flags=8863<UP,BROADCAST,SMART,RUNNING,SIMPLEX,MULTICAST> mtu 1500
[2024/01/12, 1:41:07.500 PM] options=400<CHANNEL_IO>
[2024/01/12, 1:41:07.500 PM] ether 5e:af:bf:e3:26:ae
[2024/01/12, 1:41:07.500 PM] inet6 fe80::5caf:bfff:fee3:26ae%llw0 prefixlen 64 scopeid 0xf 
[2024/01/12, 1:41:07.500 PM] nd6 options=201<PERFORMNUD,DAD>
[2024/01/12, 1:41:07.500 PM] media: autoselect
[2024/01/12, 1:41:07.500 PM] status: inactive
[2024/01/12, 1:41:07.500 PM] utun0: flags=8051<UP,POINTOPOINT,RUNNING,MULTICAST> mtu 2000
[2024/01/12, 1:41:07.500 PM] inet6 fe80::e029:95f1:106e:5f24%utun0 prefixlen 64 scopeid 0x10 
[2024/01/12, 1:41:07.500 PM] nd6 options=201<PERFORMNUD,DAD>
[2024/01/12, 1:41:07.500 PM] utun1: flags=8051<UP,POINTOPOINT,RUNNING,MULTICAST> mtu 1000
[2024/01/12, 1:41:07.500 PM] inet6 fe80::ce81:b1c:bd2c:69e%utun1 prefixlen 64 scopeid 0x11 
[2024/01/12, 1:41:07.500 PM] nd6 options=201<PERFORMNUD,DAD>
[2024/01/12, 1:41:07.500 PM] utun2: flags=8051<UP,POINTOPOINT,RUNNING,MULTICAST> mtu 1380
[2024/01/12, 1:41:07.500 PM] inet6 fe80::2e19:b39d:e76c:e059%utun2 prefixlen 64 scopeid 0x12 
[2024/01/12, 1:41:07.500 PM] nd6 options=201<PERFORMNUD,DAD>
[2024/01/12, 1:41:07.500 PM] utun3: flags=8051<UP,POINTOPOINT,RUNNING,MULTICAST> mtu 1500
[2024/01/12, 1:41:07.500 PM] inet6 fe80::a06b:c464:2e0a:b9d8%utun3 prefixlen 64 scopeid 0x13 
[2024/01/12, 1:41:07.500 PM] nd6 options=201<PERFORMNUD,DAD>
[2024/01/12, 1:41:07.500 PM] utun4: flags=8051<UP,POINTOPOINT,RUNNING,MULTICAST> mtu 1380
[2024/01/12, 1:41:07.500 PM] inet6 fe80::6ed4:a8fe:7d1f:5fdc%utun4 prefixlen 64 scopeid 0x16 
[2024/01/12, 1:41:07.500 PM] nd6 options=201<PERFORMNUD,DAD>
[2024/01/12, 1:41:07.500 PM] utun5: flags=8051<UP,POINTOPOINT,RUNNING,MULTICAST> mtu 1380
[2024/01/12, 1:41:07.500 PM] inet6 fe80::d5bc:ff07:52b7:a451%utun5 prefixlen 64 scopeid 0x17 
[2024/01/12, 1:41:07.500 PM] nd6 options=201<PERFORMNUD,DAD>
[2024/01/12, 1:41:07.500 PM] vmenet0: flags=8963<UP,BROADCAST,SMART,RUNNING,PROMISC,SIMPLEX,MULTICAST> mtu 1500
[2024/01/12, 1:41:07.500 PM] options=60<TSO4,TSO6>
[2024/01/12, 1:41:07.501 PM] ether 0a:ed:d3:2b:f7:de
[2024/01/12, 1:41:07.501 PM] media: autoselect
[2024/01/12, 1:41:07.501 PM] status: active
[2024/01/12, 1:41:07.501 PM] bridge100: flags=8a63<UP,BROADCAST,SMART,RUNNING,ALLMULTI,SIMPLEX,MULTICAST> mtu 1500
[2024/01/12, 1:41:07.501 PM] options=63<RXCSUM,TXCSUM,TSO4,TSO6>
[2024/01/12, 1:41:07.501 PM] ether 1e:57:dc:46:30:64
[2024/01/12, 1:41:07.501 PM] inet 192.168.64.1 netmask 0xffffff00 broadcast 192.168.64.255
[2024/01/12, 1:41:07.501 PM] inet6 fe80::1c57:dcff:fe46:3064%bridge100 prefixlen 64 scopeid 0x15 
[2024/01/12, 1:41:07.501 PM] inet6 fd37:818b:eead:5d00:10cc:1d8d:7c85:d49e prefixlen 64 autoconf secured 
[2024/01/12, 1:41:07.501 PM] Configuration:
[2024/01/12, 1:41:07.501 PM] id 0:0:0:0:0:0 priority 0 hellotime 0 fwddelay 0
[2024/01/12, 1:41:07.501 PM] maxage 0 holdcnt 0 proto stp maxaddr 100 timeout 1200
[2024/01/12, 1:41:07.501 PM] root id 0:0:0:0:0:0 priority 0 ifcost 0 port 0
[2024/01/12, 1:41:07.501 PM] ipfilter disabled flags 0x0
[2024/01/12, 1:41:07.501 PM] member: vmenet0 flags=10803<LEARNING,DISCOVER,PRIVATE,CSUM>
[2024/01/12, 1:41:07.501 PM]         ifmaxaddr 0 port 20 priority 0 path cost 0
[2024/01/12, 1:41:07.501 PM] nd6 options=201<PERFORMNUD,DAD>
[2024/01/12, 1:41:07.501 PM] media: autoselect
[2024/01/12, 1:41:07.501 PM] status: active
[2024/01/12, 1:41:07.501 PM] vmenet1: flags=8963<UP,BROADCAST,SMART,RUNNING,PROMISC,SIMPLEX,MULTICAST> mtu 1500
[2024/01/12, 1:41:07.501 PM] ether ca:2c:09:3a:85:44
[2024/01/12, 1:41:07.501 PM] media: autoselect
[2024/01/12, 1:41:07.501 PM] status: active
[2024/01/12, 1:41:07.501 PM] bridge101: flags=8863<UP,BROADCAST,SMART,RUNNING,SIMPLEX,MULTICAST> mtu 1500
[2024/01/12, 1:41:07.501 PM] options=3<RXCSUM,TXCSUM>
[2024/01/12, 1:41:07.501 PM] ether 1e:57:dc:46:30:65
[2024/01/12, 1:41:07.501 PM] Configuration:
[2024/01/12, 1:41:07.501 PM] id 0:0:0:0:0:0 priority 0 hellotime 0 fwddelay 0
[2024/01/12, 1:41:07.501 PM] maxage 0 holdcnt 0 proto stp maxaddr 100 timeout 1200
[2024/01/12, 1:41:07.501 PM] root id 0:0:0:0:0:0 priority 0 ifcost 0 port 0
[2024/01/12, 1:41:07.501 PM] ipfilter disabled flags 0x0
[2024/01/12, 1:41:07.501 PM] member: en6 flags=3<LEARNING,DISCOVER>
[2024/01/12, 1:41:07.501 PM]         ifmaxaddr 0 port 10 priority 0 path cost 0
[2024/01/12, 1:41:07.501 PM] member: vmenet1 flags=3<LEARNING,DISCOVER>
[2024/01/12, 1:41:07.501 PM]         ifmaxaddr 0 port 26 priority 0 path cost 0
[2024/01/12, 1:41:07.501 PM] media: autoselect
[2024/01/12, 1:41:07.501 PM] status: active
[2024/01/12, 1:41:07.501 PM] %                                                                                

[2024/01/12, 1:41:07.511 PM]     ~                                                          13:41:07  
[2024/01/12, 1:41:07.511 PM] ❯ ssh sk2a03@10.21.10.65ssh sk2a03@10.21.10.65❯ ssh sk2a03@10.21.10.65
[2024/01/12, 1:47:17.712 PM] The authenticity of host '10.21.10.65 (10.21.10.65)' can't be established.
[2024/01/12, 1:47:17.712 PM] ED25519 key fingerprint is SHA256:49XRGXqaGCJBdBCDo7FJWcy2sQdrHU+uCVGdwsmgmm8.
[2024/01/12, 1:47:17.712 PM] This key is not known by any other names.
[2024/01/12, 1:47:17.712 PM] Are you sure you want to continue connecting (yes/no/[fingerprint])? 1 yes
[2024/01/12, 1:47:20.228 PM] Warning: Permanently added '10.21.10.65' (ED25519) to the list of known hosts.
[2024/01/12, 1:47:20.316 PM] sk2a03@10.21.10.65's password: 
[2024/01/12, 1:47:22.499 PM] Welcome to Ubuntu 22.04.3 LTS (GNU/Linux 5.15.0-89-generic aarch64)

[2024/01/12, 1:47:22.499 PM]  * Documentation:  https://help.ubuntu.com
[2024/01/12, 1:47:22.499 PM]  * Management:     https://landscape.canonical.com
[2024/01/12, 1:47:22.499 PM]  * Support:        https://ubuntu.com/advantage

[2024/01/12, 1:47:22.499 PM] This system has been minimized by removing packages and content that are
[2024/01/12, 1:47:22.499 PM] not required on a system that users do not log into.

[2024/01/12, 1:47:22.499 PM] To restore this content, you can run the 'unminimize' command.

[2024/01/12, 1:47:22.499 PM] Expanded Security Maintenance for Applications is not enabled.

[2024/01/12, 1:47:22.499 PM] 0 updates can be applied immediately.

[2024/01/12, 1:47:22.499 PM] 2 additional security updates can be applied with ESM Apps.
[2024/01/12, 1:47:22.499 PM] Learn more about enabling ESM Apps service at https://ubuntu.com/esm


[2024/01/12, 1:47:22.499 PM] The list of available updates is more than a week old.
[2024/01/12, 1:47:22.499 PM] To check for new updates run: sudo apt update
[2024/01/12, 1:47:22.499 PM] You have no mail.
[2024/01/12, 1:47:22.500 PM] Last login: Fri Dec 15 05:13:12 2023 from 10.21.10.58
[2024/01/12, 1:47:22.505 PM] sk2a03@ecc:~$ histarortyy -c
[2024/01/12, 1:47:27.382 PM] sk2a03@ecc:~$ sudo ufw startus
[2024/01/12, 1:47:58.268 PM] [sudo] password for sk2a03: 
[2024/01/12, 1:48:01.884 PM] sudo: ufw: command not found
[2024/01/12, 1:48:01.886 PM] sk2a03@ecc:~$ sudo systemctl status ufwsudo systemctl status ufw
[2024/01/12, 1:48:19.264 PM] Unit ufw.service could not be found.
[2024/01/12, 1:48:19.268 PM] sk2a03@ecc:~$ sudo apt install ufwsudo apt install ufw
[2024/01/12, 1:48:49.932 PM] Reading package lists... 0%Reading package lists... 100%Reading package lists... Done
[2024/01/12, 1:48:49.954 PM] Building dependency tree... 0%Building dependency tree... 0%Building dependency tree... 50%Building dependency tree... 50%Building dependency tree... Done
[2024/01/12, 1:48:50.041 PM] Reading state information... 0% Reading state information... 0%Reading state information... Done
[2024/01/12, 1:48:50.117 PM] The following additional packages will be installed:
[2024/01/12, 1:48:50.117 PM]   iptables libip6tc2 libnftnl11
[2024/01/12, 1:48:50.118 PM] Suggested packages:
[2024/01/12, 1:48:50.118 PM]   firewalld nftables
[2024/01/12, 1:48:50.148 PM] The following NEW packages will be installed:
[2024/01/12, 1:48:50.148 PM]   iptables libip6tc2 libnftnl11 ufw
[2024/01/12, 1:48:50.163 PM] 0 upgraded, 4 newly installed, 0 to remove and 2 not upgraded.
[2024/01/12, 1:48:50.180 PM] Need to get 698 kB of archives.
[2024/01/12, 1:48:50.180 PM] After this operation, 3,503 kB of additional disk space will be used.
[2024/01/12, 1:48:50.180 PM] Do you want to continue? [Y/n] y
[2024/01/12, 1:48:52.048 PM] 0% [Working]0% [Waiting for headers]                        Get:1 http://ports.ubuntu.com/ubuntu-ports jammy-updates/main arm64 libip6tc2 arm64 1.8.7-1ubuntu5.1 [20.1 kB]
[2024/01/12, 1:48:52.577 PM] 2% [1 libip6tc2 14.2 kB/20.1 kB 71%]                                    7% [Working]            Get:2 http://ports.ubuntu.com/ubuntu-ports jammy/main arm64 libnftnl11 arm64 1.2.1-1build1 [64.5 kB]
[2024/01/12, 1:48:53.088 PM] 8% [2 libnftnl11 2,645 B/64.5 kB 4%]                                    20% [Waiting for headers]                         Get:3 http://ports.ubuntu.com/ubuntu-ports jammy-updates/main arm64 iptables arm64 1.8.7-1ubuntu5.1 [451 kB]
[2024/01/12, 1:48:53.471 PM] 20% [3 iptables 1,642 B/451 kB 0%]46% [3 iptables 233 kB/451 kB 52%]                                  76% [Waiting for headers]                         Get:4 http://ports.ubuntu.com/ubuntu-ports jammy-updates/main arm64 ufw all 0.36.1-4ubuntu0.1 [162 kB]
[2024/01/12, 1:48:54.163 PM] 77% [4 ufw 5,179 B/162 kB 3%]                             100% [Working]              Fetched 698 kB in 2s (314 kB/s)
[2024/01/12, 1:48:54.470 PM] debconf: delaying package configuration, since apt-utils is not installed

[2024/01/12, 1:48:54.504 PM] Selecting previously unselected package libip6tc2:arm64.
[2024/01/12, 1:48:54.504 PM] (Reading database ... (Reading database ... 5%(Reading database ... 10%(Reading database ... 15%(Reading database ... 20%(Reading database ... 25%(Reading database ... 30%(Reading database ... 35%(Reading database ... 40%(Reading database ... 45%(Reading database ... 50%(Reading database ... 55%(Reading database ... 60%(Reading database ... 65%(Reading database ... 70%(Reading database ... 75%(Reading database ... 80%(Reading database ... 85%(Reading database ... 90%(Reading database ... 95%(Reading database ... 100%(Reading database ... 215573 files and directories currently installed.)
[2024/01/12, 1:48:54.912 PM] Preparing to unpack .../libip6tc2_1.8.7-1ubuntu5.1_arm64.deb ...
[2024/01/12, 1:48:54.912 PM] Progress: [  0%] [..........................................................] Progress: [  6%] [###.......................................................] Unpacking libip6tc2:arm64 (1.8.7-1ubuntu5.1) ...
[2024/01/12, 1:48:54.933 PM] Progress: [ 12%] [######....................................................] Selecting previously unselected package libnftnl11:arm64.
[2024/01/12, 1:48:54.952 PM] Preparing to unpack .../libnftnl11_1.2.1-1build1_arm64.deb ...
[2024/01/12, 1:48:54.952 PM] Progress: [ 18%] [##########................................................] Unpacking libnftnl11:arm64 (1.2.1-1build1) ...
[2024/01/12, 1:48:54.964 PM] Progress: [ 24%] [#############.............................................] Selecting previously unselected package iptables.
[2024/01/12, 1:48:54.983 PM] Preparing to unpack .../iptables_1.8.7-1ubuntu5.1_arm64.deb ...
[2024/01/12, 1:48:54.983 PM] Progress: [ 29%] [#################.........................................] Unpacking iptables (1.8.7-1ubuntu5.1) ...
[2024/01/12, 1:48:55.023 PM] Progress: [ 35%] [####################......................................] Selecting previously unselected package ufw.
[2024/01/12, 1:48:55.049 PM] Preparing to unpack .../ufw_0.36.1-4ubuntu0.1_all.deb ...
[2024/01/12, 1:48:55.049 PM] Progress: [ 41%] [#######################...................................] Unpacking ufw (0.36.1-4ubuntu0.1) ...
[2024/01/12, 1:48:55.081 PM] Progress: [ 47%] [###########################...............................] Setting up libip6tc2:arm64 (1.8.7-1ubuntu5.1) ...
[2024/01/12, 1:48:55.110 PM] Progress: [ 53%] [##############################............................] Progress: [ 59%] [##################################........................] Setting up libnftnl11:arm64 (1.2.1-1build1) ...
[2024/01/12, 1:48:55.120 PM] Progress: [ 65%] [#####################################.....................] Progress: [ 71%] [########################################..................] Setting up iptables (1.8.7-1ubuntu5.1) ...
[2024/01/12, 1:48:55.125 PM] Progress: [ 76%] [############################################..............] update-alternatives: using /usr/sbin/iptables-legacy to provide /usr/sbin/iptables (iptables) in auto mode
[2024/01/12, 1:48:55.144 PM] update-alternatives: using /usr/sbin/ip6tables-legacy to provide /usr/sbin/ip6tables (ip6tables) in auto mode
[2024/01/12, 1:48:55.145 PM] update-alternatives: using /usr/sbin/iptables-nft to provide /usr/sbin/iptables (iptables) in auto mode
[2024/01/12, 1:48:55.146 PM] update-alternatives: using /usr/sbin/ip6tables-nft to provide /usr/sbin/ip6tables (ip6tables) in auto mode
[2024/01/12, 1:48:55.148 PM] update-alternatives: using /usr/sbin/arptables-nft to provide /usr/sbin/arptables (arptables) in auto mode
[2024/01/12, 1:48:55.149 PM] update-alternatives: using /usr/sbin/ebtables-nft to provide /usr/sbin/ebtables (ebtables) in auto mode
[2024/01/12, 1:48:55.150 PM] Progress: [ 82%] [###############################################...........] Setting up ufw (0.36.1-4ubuntu0.1) ...
[2024/01/12, 1:48:55.163 PM] Progress: [ 88%] [###################################################.......] debconf: unable to initialize frontend: Dialog
[2024/01/12, 1:48:55.207 PM] debconf: (No usable dialog-like program is installed, so the dialog based frontend cannot be used. at /usr/share/perl5/Debconf/FrontEnd/Dialog.pm line 78.)
[2024/01/12, 1:48:55.207 PM] debconf: falling back to frontend: Readline

[2024/01/12, 1:48:55.253 PM] Creating config file /etc/ufw/before.rules with new version

[2024/01/12, 1:48:55.296 PM] Creating config file /etc/ufw/before6.rules with new version

[2024/01/12, 1:48:55.336 PM] Creating config file /etc/ufw/after.rules with new version

[2024/01/12, 1:48:55.377 PM] Creating config file /etc/ufw/after6.rules with new version
[2024/01/12, 1:48:55.713 PM] Created symlink /etc/systemd/system/multi-user.target.wants/ufw.service → /lib/systemd/system/ufw.service.
[2024/01/12, 1:48:55.940 PM] Progress: [ 94%] [######################################################....] Processing triggers for libc-bin (2.35-0ubuntu3.4) ...
[2024/01/12, 1:48:55.964 PM] Processing triggers for rsyslog (8.2112.0-2ubuntu2.2) ...
[2024/01/12, 1:48:55.998 PM] Processing triggers for man-db (2.10.2-1) ...

[2024/01/12, 1:48:56.284 PM] debconf: unable to initialize frontend: Dialog
[2024/01/12, 1:48:56.284 PM] debconf: (No usable dialog-like program is installed, so the dialog based frontend cannot be used. at /usr/share/perl5/Debconf/FrontEnd/Dialog.pm line 78.)
[2024/01/12, 1:48:56.284 PM] debconf: falling back to frontend: Readline
[2024/01/12, 1:48:56.329 PM] Scanning processes... [                                                        ]Scanning processes... [                                                        ]Scanning processes... [                                                        ]Scanning processes... [                                                        ]Scanning processes... [                                                        ]Scanning processes... [=                                                       ]Scanning processes... [=                                                       ]Scanning processes... [=                                                       ]Scanning processes... [=                                                       ]Scanning processes... [==                                                      ]Scanning processes... [==                                                      ]Scanning processes... [==                                                      ]Scanning processes... [==                                                      ]Scanning processes... [===                                                     ]Scanning processes... [===                                                     ]Scanning processes... [===                                                     ]Scanning processes... [===                                                     ]Scanning processes... [====                                                    ]Scanning processes... [====                                                    ]Scanning processes... [====                                                    ]Scanning processes... [====                                                    ]Scanning processes... [=====                                                   ]Scanning processes... [=====                                                   ]Scanning processes... [=====                                                   ]Scanning processes... [=====                                                   ]Scanning processes... [======                                                  ]Scanning processes... [======                                                  ]Scanning processes... [======                                                  ]Scanning processes... [======                                                  ]Scanning processes... [======                                                  ]Scanning processes... [=======                                                 ]Scanning processes... [=======                                                 ]Scanning processes... [=======                                                 ]Scanning processes... [=======                                                 ]Scanning processes... [========                                                ]Scanning processes... [========                                                ]Scanning processes... [========                                                ]Scanning processes... [========                                                ]Scanning processes... [=========                                               ]Scanning processes... [=========                                               ]Scanning processes... [=========                                               ]Scanning processes... [=========                                               ]Scanning processes... [==========                                              ]Scanning processes... [==========                                              ]Scanning processes... [==========                                              ]Scanning processes... [==========                                              ]Scanning processes... [===========                                             ]Scanning processes... [===========                                             ]Scanning processes... [===========                                             ]Scanning processes... [===========                                             ]Scanning processes... [============                                            ]Scanning processes... [============                                            ]Scanning processes... [============                                            ]Scanning processes... [============                                            ]Scanning processes... [============                                            ]Scanning processes... [=============                                           ]Scanning processes... [=============                                           ]Scanning processes... [=============                                           ]Scanning processes... [=============                                           ]Scanning processes... [==============                                          ]Scanning processes... [==============                                          ]Scanning processes... [==============                                          ]Scanning processes... [==============                                          ]Scanning processes... [===============                                         ]Scanning processes... [===============                                         ]Scanning processes... [===============                                         ]Scanning processes... [===============                                         ]Scanning processes... [================                                        ]Scanning processes... [================                                        ]Scanning processes... [================                                        ]Scanning processes... [================                                        ]Scanning processes... [=================                                       ]Scanning processes... [=================                                       ]Scanning processes... [=================                                       ]Scanning processes... [=================                                       ]Scanning processes... [==================                                      ]Scanning processes... [==================                                      ]Scanning processes... [==================                                      ]Scanning processes... [==================                                      ]Scanning processes... [==================                                      ]Scanning processes... [===================                                     ]Scanning processes... [===================                                     ]Scanning processes... [===================                                     ]Scanning processes... [===================                                     ]Scanning processes... [====================                                    ]Scanning processes... [====================                                    ]Scanning processes... [====================                                    ]Scanning processes... [====================                                    ]Scanning processes... [=====================                                   ]Scanning processes... [=====================                                   ]Scanning processes... [=====================                                   ]Scanning processes... [=====================                                   ]Scanning processes... [======================                                  ]Scanning processes... [======================                                  ]Scanning processes... [======================                                  ]Scanning processes... [======================                                  ]Scanning processes... [=======================                                 ]Scanning processes... [=======================                                 ]Scanning processes... [=======================                                 ]Scanning processes... [=======================                                 ]Scanning processes... [========================                                ]Scanning processes... [========================                                ]Scanning processes... [========================                                ]Scanning processes... [========================                                ]Scanning processes... [========================                                ]Scanning processes... [=========================                               ]Scanning processes... [=========================                               ]Scanning processes... [=========================                               ]Scanning processes... [=========================                               ]Scanning processes... [==========================                              ]Scanning processes... [==========================                              ]Scanning processes... [==========================                              ]Scanning processes... [==========================                              ]Scanning processes... [===========================                             ]Scanning processes... [===========================                             ]Scanning processes... [===========================                             ]Scanning processes... [===========================                             ]Scanning processes... [============================                            ]Scanning processes... [============================                            ]Scanning processes... [============================                            ]Scanning processes... [============================                            ]Scanning processes... [=============================                           ]Scanning processes... [=============================                           ]Scanning processes... [=============================                           ]Scanning processes... [=============================                           ]Scanning processes... [==============================                          ]Scanning processes... [==============================                          ]Scanning processes... [==============================                          ]Scanning processes... [==============================                          ]Scanning processes... [===============================                         ]Scanning processes... [===============================                         ]Scanning processes... [===============================                         ]Scanning processes... [===============================                         ]Scanning processes... [===============================                         ]Scanning processes... [================================                        ]Scanning processes... [================================                        ]Scanning processes... [================================                        ]Scanning processes... [================================                        ]Scanning processes... [=================================                       ]Scanning processes... [=================================                       ]Scanning processes... [=================================                       ]Scanning processes... [=================================                       ]Scanning processes... [==================================                      ]Scanning processes... [==================================                      ]Scanning processes... [==================================                      ]Scanning processes... [==================================                      ]Scanning processes... [===================================                     ]Scanning processes... [===================================                     ]Scanning processes... [===================================                     ]Scanning processes... [===================================                     ]Scanning processes... [====================================                    ]Scanning processes... [====================================                    ]Scanning processes... [====================================                    ]Scanning processes... [====================================                    ]Scanning processes... [=====================================                   ]Scanning processes... [=====================================                   ]Scanning processes... [=====================================                   ]Scanning processes... [=====================================                   ]Scanning processes... [=====================================                   ]Scanning processes... [======================================                  ]Scanning processes... [======================================                  ]Scanning processes... [======================================                  ]Scanning processes... [======================================                  ]Scanning processes... [=======================================                 ]Scanning processes... [=======================================                 ]Scanning processes... [=======================================                 ]Scanning processes... [=======================================                 ]Scanning processes... [========================================                ]Scanning processes... [========================================                ]Scanning processes... [========================================                ]Scanning processes... [========================================                ]Scanning processes... [=========================================               ]Scanning processes... [=========================================               ]Scanning processes... [=========================================               ]Scanning processes... [=========================================               ]Scanning processes... [==========================================              ]Scanning processes... [==========================================              ]Scanning processes... [==========================================              ]Scanning processes... [==========================================              ]Scanning processes... [===========================================             ]Scanning processes... [===========================================             ]Scanning processes... [===========================================             ]Scanning processes... [===========================================             ]Scanning processes... [===========================================             ]Scanning processes... [============================================            ]Scanning processes... [============================================            ]Scanning processes... [============================================            ]Scanning processes... [============================================            ]Scanning processes... [=============================================           ]Scanning processes... [=============================================           ]Scanning processes... [=============================================           ]Scanning processes... [=============================================           ]Scanning processes... [==============================================          ]Scanning processes... [==============================================          ]Scanning processes... [==============================================          ]Scanning processes... [==============================================          ]Scanning processes... [===============================================         ]Scanning processes... [===============================================         ]Scanning processes... [===============================================         ]Scanning processes... [===============================================         ]Scanning processes... [================================================        ]Scanning processes... [================================================        ]Scanning processes... [================================================        ]Scanning processes... [================================================        ]Scanning processes... [=================================================       ]Scanning processes... [=================================================       ]Scanning processes... [=================================================       ]Scanning processes... [=================================================       ]Scanning processes... [=================================================       ]Scanning processes... [==================================================      ]Scanning processes... [==================================================      ]Scanning processes... [==================================================      ]Scanning processes... [==================================================      ]Scanning processes... [===================================================     ]Scanning processes... [===================================================     ]Scanning processes... [===================================================     ]Scanning processes... [===================================================     ]Scanning processes... [====================================================    ]Scanning processes... [====================================================    ]Scanning processes... [====================================================    ]Scanning processes... [====================================================    ]Scanning processes... [=====================================================   ]Scanning processes... [=====================================================   ]Scanning processes... [=====================================================   ]Scanning processes... [=====================================================   ]Scanning processes... [======================================================  ]Scanning processes... [======================================================  ]Scanning processes... [======================================================  ]Scanning processes... [======================================================  ]Scanning processes... [======================================================= ]Scanning processes... [======================================================= ]Scanning processes... [======================================================= ]Scanning processes... [======================================================= ]Scanning processes... [========================================================]Scanning processes...                                                           
[2024/01/12, 1:48:56.522 PM] Scanning linux images... [                                                     ]Scanning linux images... [=============                                        ]Scanning linux images... [==========================                           ]Scanning linux images... [=======================================              ]Scanning linux images... [=====================================================]Scanning linux images...                                                        

[2024/01/12, 1:48:57.765 PM] Running kernel seems to be up-to-date.

[2024/01/12, 1:48:57.765 PM] No services need to be restarted.

[2024/01/12, 1:48:57.765 PM] No containers need to be restarted.

[2024/01/12, 1:48:57.765 PM] No user sessions are running outdated binaries.

[2024/01/12, 1:48:57.765 PM] No VM guests are running outdated hypervisor (qemu) binaries on this host.
[2024/01/12, 1:48:58.455 PM] sk2a03@ecc:~$ sudo apt install ufwsystemctl statusufw status
[2024/01/12, 1:49:03.781 PM] Status: inactive
[2024/01/12, 1:49:03.784 PM] sk2a03@ecc:~$ sudo ufw statusapt install ufwsystemctl statusapt installsystemctl status ufw ufwr
[2024/01/12, 1:49:15.882 PM] sk2a03@ecc:~$ sudo systemctl start ufwufw status
[2024/01/12, 1:49:19.390 PM] Status: inactive
[2024/01/12, 1:49:19.396 PM] sk2a03@ecc:~$ sudo systemctl status ufwsudo systemctl status ufw
[2024/01/12, 1:49:30.365 PM] ● ufw.service - Uncomplicated firewall
[2024/01/12, 1:49:30.365 PM]      Loaded: loaded (/lib/systemd/system/ufw.service; enabled; vendor preset: enabled)
[2024/01/12, 1:49:30.365 PM]      Active: active (exited) since Fri 2024-01-12 04:49:15 UTC; 14s ago
[2024/01/12, 1:49:30.365 PM]        Docs: man:ufw(8)
[2024/01/12, 1:49:30.365 PM]     Process: 5029 ExecStart=/lib/ufw/ufw-init start quiet (code=exited, status=0/SUCCESS)
[2024/01/12, 1:49:30.365 PM]    Main PID: 5029 (code=exited, status=0/SUCCESS)
[2024/01/12, 1:49:30.366 PM]         CPU: 3ms

[2024/01/12, 1:49:30.366 PM] Jan 12 04:49:15 ecc systemd[1]: Starting Uncomplicated firewall...
[2024/01/12, 1:49:30.366 PM] Jan 12 04:49:15 ecc systemd[1]: Finished Uncomplicated firewall.
[2024/01/12, 1:49:30.368 PM] sk2a03@ecc:~$ sudo systemctl status ufwufw status
[2024/01/12, 1:49:33.728 PM] Status: inactive
[2024/01/12, 1:49:33.732 PM] sk2a03@ecc:~$ sudo ufw status verbosesudo ufw status verbose
[2024/01/12, 1:49:43.124 PM] Status: inactive
[2024/01/12, 1:49:43.128 PM] sk2a03@ecc:~$ sudo ufw status verbosesystemctl status ufw
[2024/01/12, 1:49:52.551 PM] ● ufw.service - Uncomplicated firewall
[2024/01/12, 1:49:52.551 PM]      Loaded: loaded (/lib/systemd/system/ufw.service; enabled; vendor preset: enabled)
[2024/01/12, 1:49:52.551 PM]      Active: active (exited) since Fri 2024-01-12 04:49:15 UTC; 36s ago
[2024/01/12, 1:49:52.551 PM]        Docs: man:ufw(8)
[2024/01/12, 1:49:52.551 PM]     Process: 5029 ExecStart=/lib/ufw/ufw-init start quiet (code=exited, status=0/SUCCESS)
[2024/01/12, 1:49:52.551 PM]    Main PID: 5029 (code=exited, status=0/SUCCESS)
[2024/01/12, 1:49:52.551 PM]         CPU: 3ms

[2024/01/12, 1:49:52.551 PM] Jan 12 04:49:15 ecc systemd[1]: Starting Uncomplicated firewall...
[2024/01/12, 1:49:52.551 PM] Jan 12 04:49:15 ecc systemd[1]: Finished Uncomplicated firewall.
[2024/01/12, 1:49:52.552 PM] sk2a03@ecc:~$ sudo systemctl status ufwufw status verbose
[2024/01/12, 1:49:54.604 PM] Status: inactive
[2024/01/12, 1:49:54.609 PM] sk2a03@ecc:~$ sudo ufw enable
[2024/01/12, 1:50:48.545 PM] Command may disrupt existing ssh connections. Proceed with operation (y|n)? y
[2024/01/12, 1:50:50.033 PM] Firewall is active and enabled on system startup
[2024/01/12, 1:50:50.038 PM] sk2a03@ecc:~$ sudo fuifw reload
[2024/01/12, 1:50:59.280 PM] Firewall reloaded
[2024/01/12, 1:50:59.288 PM] sk2a03@ecc:~$ sk2a03@ecc:~$ sk2a03@ecc:~$ sk2a03@ecc:~$ sk2a03@ecc:~$ sudo ufw status
[2024/01/12, 1:51:08.842 PM] Status: active
[2024/01/12, 1:51:08.847 PM] sk2a03@ecc:~$ sudo systremctl status apcache
[2024/01/12, 1:51:22.334 PM] Unit apache.service could not be found.
[2024/01/12, 1:51:22.335 PM] sk2a03@ecc:~$ sudo systemctl status apache2
[2024/01/12, 1:51:37.423 PM] ● apache2.service - The Apache HTTP Server
[2024/01/12, 1:51:37.423 PM]      Loaded: loaded (/lib/systemd/system/apache2.service; enabled; vendor preset: enabled)
[2024/01/12, 1:51:37.423 PM]      Active: active (running) since Fri 2024-01-12 04:34:17 UTC; 17min ago
[2024/01/12, 1:51:37.423 PM]        Docs: https://httpd.apache.org/docs/2.4/
[2024/01/12, 1:51:37.423 PM]    Main PID: 999 (apache2)
[2024/01/12, 1:51:37.423 PM]       Tasks: 6 (limit: 4515)
[2024/01/12, 1:51:37.423 PM]      Memory: 18.8M
[2024/01/12, 1:51:37.423 PM]         CPU: 160ms
[2024/01/12, 1:51:37.423 PM]      CGroup: /system.slice/apache2.service
[2024/01/12, 1:51:37.423 PM]              ├─ 999 /usr/sbin/apache2 -k start
[2024/01/12, 1:51:37.423 PM]              ├─1011 /usr/sbin/apache2 -k start
[2024/01/12, 1:51:37.423 PM]              ├─1012 /usr/sbin/apache2 -k start
[2024/01/12, 1:51:37.423 PM]              ├─1013 /usr/sbin/apache2 -k start
[2024/01/12, 1:51:37.423 PM]              ├─1014 /usr/sbin/apache2 -k start
[2024/01/12, 1:51:37.423 PM]              └─1015 /usr/sbin/apache2 -k start

[2024/01/12, 1:51:37.424 PM] Jan 12 04:34:16 ecc systemd[1]: Starting The Apache HTTP Server...
[2024/01/12, 1:51:37.424 PM] Jan 12 04:34:17 ecc systemd[1]: Started The Apache HTTP Server.
[2024/01/12, 1:51:37.424 PM] sk2a03@ecc:~$ ^C
[2024/01/12, 1:54:06.999 PM] sk2a03@ecc:~$ ^C
[2024/01/12, 1:54:08.416 PM] sk2a03@ecc:~$ ^C
[2024/01/12, 1:54:08.929 PM] sk2a03@ecc:~$ exit
[2024/01/12, 1:54:10.478 PM] logout
[2024/01/12, 1:54:10.482 PM] Connection to 10.21.10.65 closed.
[2024/01/12, 1:54:10.483 PM] %                                                                                     

[2024/01/12, 1:54:10.499 PM]     ~                                            INT ✘  6m 53s   13:54:10  
[2024/01/12, 1:54:10.499 PM] ❯ ssh sk2a03@10.21.10.65❯ ssh sk2a03@10.21.10.65
[2024/01/12, 1:54:43.114 PM] sad   

[2024/01/12, 1:55:13.122 PM] ^C
[2024/01/12, 1:55:13.123 PM] %                                                                                     

[2024/01/12, 1:55:13.134 PM]     ~                                             INT ✘  1m 0s   13:55:13  
[2024/01/12, 1:55:13.134 PM] ❯ sssh sk2a03@10.21.10.65❯ ssh sk2a03@10.21.10.65
[2024/01/12, 1:56:49.407 PM] ssh: connect to host 10.21.10.65 port 22: Operation timed out
[2024/01/12, 1:56:49.410 PM] %                                                                                     

[2024/01/12, 1:56:49.425 PM]     ~                                            255 ✘  1m 15s   13:56:49  
[2024/01/12, 1:56:49.425 PM] ❯ d iipconfig❯ ipconfig
[2024/01/12, 2:05:36.116 PM] usage: ipconfig <command> <args>
[2024/01/12, 2:05:36.116 PM] where <command> is one of waitall, getifaddr, ifcount, getoption, getiflist, getsummary, getpacket, getv6packet, getra, getdhcpduid, getdhcpiaid, set, setverbose
[2024/01/12, 2:05:36.117 PM] %                                                                                     

[2024/01/12, 2:05:36.128 PM]     ~                                                               14:05:36  
[2024/01/12, 2:05:36.128 PM] ❯ iifconfig❯ ifconfig
[2024/01/12, 2:05:40.497 PM] lo0: flags=8049<UP,LOOPBACK,RUNNING,MULTICAST> mtu 16384
[2024/01/12, 2:05:40.497 PM] options=1203<RXCSUM,TXCSUM,TXSTATUS,SW_TIMESTAMP>
[2024/01/12, 2:05:40.497 PM] inet 127.0.0.1 netmask 0xff000000
[2024/01/12, 2:05:40.498 PM] inet6 ::1 prefixlen 128 
[2024/01/12, 2:05:40.498 PM] inet6 fe80::1%lo0 prefixlen 64 scopeid 0x1 
[2024/01/12, 2:05:40.498 PM] nd6 options=201<PERFORMNUD,DAD>
[2024/01/12, 2:05:40.498 PM] gif0: flags=8010<POINTOPOINT,MULTICAST> mtu 1280
[2024/01/12, 2:05:40.498 PM] stf0: flags=0<> mtu 1280
[2024/01/12, 2:05:40.498 PM] anpi0: flags=8863<UP,BROADCAST,SMART,RUNNING,SIMPLEX,MULTICAST> mtu 1500
[2024/01/12, 2:05:40.498 PM] options=400<CHANNEL_IO>
[2024/01/12, 2:05:40.498 PM] ether 6e:2a:9b:60:20:e1
[2024/01/12, 2:05:40.498 PM] media: none
[2024/01/12, 2:05:40.498 PM] status: inactive
[2024/01/12, 2:05:40.498 PM] anpi1: flags=8863<UP,BROADCAST,SMART,RUNNING,SIMPLEX,MULTICAST> mtu 1500
[2024/01/12, 2:05:40.498 PM] options=400<CHANNEL_IO>
[2024/01/12, 2:05:40.499 PM] ether 6e:2a:9b:60:20:e2
[2024/01/12, 2:05:40.499 PM] media: none
[2024/01/12, 2:05:40.499 PM] status: inactive
[2024/01/12, 2:05:40.499 PM] en3: flags=8863<UP,BROADCAST,SMART,RUNNING,SIMPLEX,MULTICAST> mtu 1500
[2024/01/12, 2:05:40.499 PM] options=400<CHANNEL_IO>
[2024/01/12, 2:05:40.499 PM] ether 6e:2a:9b:60:20:c1
[2024/01/12, 2:05:40.499 PM] nd6 options=201<PERFORMNUD,DAD>
[2024/01/12, 2:05:40.499 PM] media: none
[2024/01/12, 2:05:40.499 PM] status: inactive
[2024/01/12, 2:05:40.499 PM] en4: flags=8863<UP,BROADCAST,SMART,RUNNING,SIMPLEX,MULTICAST> mtu 1500
[2024/01/12, 2:05:40.499 PM] options=400<CHANNEL_IO>
[2024/01/12, 2:05:40.499 PM] ether 6e:2a:9b:60:20:c2
[2024/01/12, 2:05:40.499 PM] nd6 options=201<PERFORMNUD,DAD>
[2024/01/12, 2:05:40.499 PM] media: none
[2024/01/12, 2:05:40.499 PM] status: inactive
[2024/01/12, 2:05:40.499 PM] en1: flags=8963<UP,BROADCAST,SMART,RUNNING,PROMISC,SIMPLEX,MULTICAST> mtu 1500
[2024/01/12, 2:05:40.499 PM] options=460<TSO4,TSO6,CHANNEL_IO>
[2024/01/12, 2:05:40.499 PM] ether 36:13:a9:79:4f:00
[2024/01/12, 2:05:40.499 PM] media: autoselect <full-duplex>
[2024/01/12, 2:05:40.499 PM] status: inactive
[2024/01/12, 2:05:40.499 PM] en2: flags=8963<UP,BROADCAST,SMART,RUNNING,PROMISC,SIMPLEX,MULTICAST> mtu 1500
[2024/01/12, 2:05:40.499 PM] options=460<TSO4,TSO6,CHANNEL_IO>
[2024/01/12, 2:05:40.499 PM] ether 36:13:a9:79:4f:04
[2024/01/12, 2:05:40.499 PM] media: autoselect <full-duplex>
[2024/01/12, 2:05:40.499 PM] status: inactive
[2024/01/12, 2:05:40.499 PM] en6: flags=8963<UP,BROADCAST,SMART,RUNNING,PROMISC,SIMPLEX,MULTICAST> mtu 1500
[2024/01/12, 2:05:40.499 PM] options=404<VLAN_MTU,CHANNEL_IO>
[2024/01/12, 2:05:40.499 PM] ether a0:ce:c8:63:7a:be
[2024/01/12, 2:05:40.499 PM] inet6 fe80::1875:951e:4ce3:936c%en6 prefixlen 64 secured scopeid 0xa 
[2024/01/12, 2:05:40.499 PM] inet 10.21.10.52 netmask 0xffffff00 broadcast 10.21.10.255
[2024/01/12, 2:05:40.499 PM] nd6 options=201<PERFORMNUD,DAD>
[2024/01/12, 2:05:40.499 PM] media: autoselect (1000baseT <full-duplex>)
[2024/01/12, 2:05:40.499 PM] status: active
[2024/01/12, 2:05:40.499 PM] ap1: flags=8843<UP,BROADCAST,RUNNING,SIMPLEX,MULTICAST> mtu 1500
[2024/01/12, 2:05:40.499 PM] options=6460<TSO4,TSO6,CHANNEL_IO,PARTIAL_CSUM,ZEROINVERT_CSUM>
[2024/01/12, 2:05:40.499 PM] ether 3e:57:dc:64:3d:e3
[2024/01/12, 2:05:40.499 PM] inet6 fe80::3c57:dcff:fe64:3de3%ap1 prefixlen 64 scopeid 0xb 
[2024/01/12, 2:05:40.499 PM] nd6 options=201<PERFORMNUD,DAD>
[2024/01/12, 2:05:40.499 PM] media: autoselect (<unknown type>)
[2024/01/12, 2:05:40.499 PM] status: inactive
[2024/01/12, 2:05:40.499 PM] en0: flags=8863<UP,BROADCAST,SMART,RUNNING,SIMPLEX,MULTICAST> mtu 1500
[2024/01/12, 2:05:40.499 PM] options=400<CHANNEL_IO>
[2024/01/12, 2:05:40.499 PM] ether 1c:57:dc:64:3d:e3
[2024/01/12, 2:05:40.500 PM] nd6 options=201<PERFORMNUD,DAD>
[2024/01/12, 2:05:40.500 PM] media: autoselect (<unknown type>)
[2024/01/12, 2:05:40.500 PM] status: inactive
[2024/01/12, 2:05:40.500 PM] bridge0: flags=8863<UP,BROADCAST,SMART,RUNNING,SIMPLEX,MULTICAST> mtu 1500
[2024/01/12, 2:05:40.500 PM] options=63<RXCSUM,TXCSUM,TSO4,TSO6>
[2024/01/12, 2:05:40.500 PM] ether 36:13:a9:79:4f:00
[2024/01/12, 2:05:40.500 PM] Configuration:
[2024/01/12, 2:05:40.500 PM] id 0:0:0:0:0:0 priority 0 hellotime 0 fwddelay 0
[2024/01/12, 2:05:40.500 PM] maxage 0 holdcnt 0 proto stp maxaddr 100 timeout 1200
[2024/01/12, 2:05:40.500 PM] root id 0:0:0:0:0:0 priority 0 ifcost 0 port 0
[2024/01/12, 2:05:40.500 PM] ipfilter disabled flags 0x0
[2024/01/12, 2:05:40.500 PM] member: en1 flags=3<LEARNING,DISCOVER>
[2024/01/12, 2:05:40.500 PM]         ifmaxaddr 0 port 8 priority 0 path cost 0
[2024/01/12, 2:05:40.500 PM] member: en2 flags=3<LEARNING,DISCOVER>
[2024/01/12, 2:05:40.500 PM]         ifmaxaddr 0 port 9 priority 0 path cost 0
[2024/01/12, 2:05:40.500 PM] nd6 options=201<PERFORMNUD,DAD>
[2024/01/12, 2:05:40.500 PM] media: <unknown type>
[2024/01/12, 2:05:40.500 PM] status: inactive
[2024/01/12, 2:05:40.500 PM] awdl0: flags=8802<BROADCAST,SIMPLEX,MULTICAST> mtu 1500
[2024/01/12, 2:05:40.500 PM] options=6460<TSO4,TSO6,CHANNEL_IO,PARTIAL_CSUM,ZEROINVERT_CSUM>
[2024/01/12, 2:05:40.500 PM] ether 5e:af:bf:e3:26:ae
[2024/01/12, 2:05:40.500 PM] inet6 fe80::5caf:bfff:fee3:26ae%awdl0 prefixlen 64 scopeid 0xe 
[2024/01/12, 2:05:40.500 PM] nd6 options=201<PERFORMNUD,DAD>
[2024/01/12, 2:05:40.500 PM] media: autoselect (<unknown type>)
[2024/01/12, 2:05:40.500 PM] status: inactive
[2024/01/12, 2:05:40.500 PM] llw0: flags=8863<UP,BROADCAST,SMART,RUNNING,SIMPLEX,MULTICAST> mtu 1500
[2024/01/12, 2:05:40.500 PM] options=400<CHANNEL_IO>
[2024/01/12, 2:05:40.500 PM] ether 5e:af:bf:e3:26:ae
[2024/01/12, 2:05:40.500 PM] inet6 fe80::5caf:bfff:fee3:26ae%llw0 prefixlen 64 scopeid 0xf 
[2024/01/12, 2:05:40.500 PM] nd6 options=201<PERFORMNUD,DAD>
[2024/01/12, 2:05:40.500 PM] media: autoselect
[2024/01/12, 2:05:40.500 PM] status: inactive
[2024/01/12, 2:05:40.500 PM] utun0: flags=8051<UP,POINTOPOINT,RUNNING,MULTICAST> mtu 2000
[2024/01/12, 2:05:40.500 PM] inet6 fe80::e029:95f1:106e:5f24%utun0 prefixlen 64 scopeid 0x10 
[2024/01/12, 2:05:40.500 PM] nd6 options=201<PERFORMNUD,DAD>
[2024/01/12, 2:05:40.500 PM] utun1: flags=8051<UP,POINTOPOINT,RUNNING,MULTICAST> mtu 1000
[2024/01/12, 2:05:40.500 PM] inet6 fe80::ce81:b1c:bd2c:69e%utun1 prefixlen 64 scopeid 0x11 
[2024/01/12, 2:05:40.500 PM] nd6 options=201<PERFORMNUD,DAD>
[2024/01/12, 2:05:40.500 PM] utun2: flags=8051<UP,POINTOPOINT,RUNNING,MULTICAST> mtu 1380
[2024/01/12, 2:05:40.500 PM] inet6 fe80::2e19:b39d:e76c:e059%utun2 prefixlen 64 scopeid 0x12 
[2024/01/12, 2:05:40.500 PM] nd6 options=201<PERFORMNUD,DAD>
[2024/01/12, 2:05:40.500 PM] utun3: flags=8051<UP,POINTOPOINT,RUNNING,MULTICAST> mtu 1500
[2024/01/12, 2:05:40.500 PM] inet6 fe80::a06b:c464:2e0a:b9d8%utun3 prefixlen 64 scopeid 0x13 
[2024/01/12, 2:05:40.500 PM] nd6 options=201<PERFORMNUD,DAD>
[2024/01/12, 2:05:40.500 PM] utun4: flags=8051<UP,POINTOPOINT,RUNNING,MULTICAST> mtu 1380
[2024/01/12, 2:05:40.500 PM] inet6 fe80::6ed4:a8fe:7d1f:5fdc%utun4 prefixlen 64 scopeid 0x16 
[2024/01/12, 2:05:40.501 PM] nd6 options=201<PERFORMNUD,DAD>
[2024/01/12, 2:05:40.501 PM] utun5: flags=8051<UP,POINTOPOINT,RUNNING,MULTICAST> mtu 1380
[2024/01/12, 2:05:40.501 PM] inet6 fe80::d5bc:ff07:52b7:a451%utun5 prefixlen 64 scopeid 0x17 
[2024/01/12, 2:05:40.501 PM] nd6 options=201<PERFORMNUD,DAD>
[2024/01/12, 2:05:40.501 PM] vmenet0: flags=8963<UP,BROADCAST,SMART,RUNNING,PROMISC,SIMPLEX,MULTICAST> mtu 1500
[2024/01/12, 2:05:40.501 PM] options=60<TSO4,TSO6>
[2024/01/12, 2:05:40.501 PM] ether 0a:ed:d3:2b:f7:de
[2024/01/12, 2:05:40.501 PM] media: autoselect
[2024/01/12, 2:05:40.501 PM] status: active
[2024/01/12, 2:05:40.501 PM] bridge100: flags=8a63<UP,BROADCAST,SMART,RUNNING,ALLMULTI,SIMPLEX,MULTICAST> mtu 1500
[2024/01/12, 2:05:40.501 PM] options=63<RXCSUM,TXCSUM,TSO4,TSO6>
[2024/01/12, 2:05:40.501 PM] ether 1e:57:dc:46:30:64
[2024/01/12, 2:05:40.501 PM] inet 192.168.64.1 netmask 0xffffff00 broadcast 192.168.64.255
[2024/01/12, 2:05:40.501 PM] inet6 fe80::1c57:dcff:fe46:3064%bridge100 prefixlen 64 scopeid 0x15 
[2024/01/12, 2:05:40.501 PM] inet6 fd37:818b:eead:5d00:10cc:1d8d:7c85:d49e prefixlen 64 autoconf secured 
[2024/01/12, 2:05:40.501 PM] Configuration:
[2024/01/12, 2:05:40.501 PM] id 0:0:0:0:0:0 priority 0 hellotime 0 fwddelay 0
[2024/01/12, 2:05:40.501 PM] maxage 0 holdcnt 0 proto stp maxaddr 100 timeout 1200
[2024/01/12, 2:05:40.501 PM] root id 0:0:0:0:0:0 priority 0 ifcost 0 port 0
[2024/01/12, 2:05:40.501 PM] ipfilter disabled flags 0x0
[2024/01/12, 2:05:40.501 PM] member: vmenet0 flags=10803<LEARNING,DISCOVER,PRIVATE,CSUM>
[2024/01/12, 2:05:40.501 PM]         ifmaxaddr 0 port 20 priority 0 path cost 0
[2024/01/12, 2:05:40.501 PM] nd6 options=201<PERFORMNUD,DAD>
[2024/01/12, 2:05:40.501 PM] media: autoselect
[2024/01/12, 2:05:40.501 PM] status: active
[2024/01/12, 2:05:40.501 PM] vmenet1: flags=8963<UP,BROADCAST,SMART,RUNNING,PROMISC,SIMPLEX,MULTICAST> mtu 1500
[2024/01/12, 2:05:40.501 PM] ether ca:2c:09:3a:85:44
[2024/01/12, 2:05:40.501 PM] media: autoselect
[2024/01/12, 2:05:40.501 PM] status: active
[2024/01/12, 2:05:40.501 PM] bridge101: flags=8863<UP,BROADCAST,SMART,RUNNING,SIMPLEX,MULTICAST> mtu 1500
[2024/01/12, 2:05:40.501 PM] options=3<RXCSUM,TXCSUM>
[2024/01/12, 2:05:40.501 PM] ether 1e:57:dc:46:30:65
[2024/01/12, 2:05:40.501 PM] Configuration:
[2024/01/12, 2:05:40.501 PM] id 0:0:0:0:0:0 priority 0 hellotime 0 fwddelay 0
[2024/01/12, 2:05:40.501 PM] maxage 0 holdcnt 0 proto stp maxaddr 100 timeout 1200
[2024/01/12, 2:05:40.501 PM] root id 0:0:0:0:0:0 priority 0 ifcost 0 port 0
[2024/01/12, 2:05:40.501 PM] ipfilter disabled flags 0x0
[2024/01/12, 2:05:40.501 PM] member: en6 flags=3<LEARNING,DISCOVER>
[2024/01/12, 2:05:40.501 PM]         ifmaxaddr 0 port 10 priority 0 path cost 0
[2024/01/12, 2:05:40.501 PM] member: vmenet1 flags=3<LEARNING,DISCOVER>
[2024/01/12, 2:05:40.501 PM]         ifmaxaddr 0 port 26 priority 0 path cost 0
[2024/01/12, 2:05:40.501 PM] media: autoselect
[2024/01/12, 2:05:40.501 PM] status: active
[2024/01/12, 2:05:40.501 PM] %                                                                                     

[2024/01/12, 2:05:40.512 PM]     ~                                                               14:05:40  
[2024/01/12, 2:05:40.512 PM] ❯ ifconfigipssh sk2a03@10.21.10.65❯ ssh sk2a03@10.21.10.65
[2024/01/12, 2:11:12.734 PM] sk2a03@10.21.10.65's password: 
[2024/01/12, 2:11:21.623 PM] Welcome to Ubuntu 22.04.3 LTS (GNU/Linux 5.15.0-89-generic aarch64)

[2024/01/12, 2:11:21.623 PM]  * Documentation:  https://help.ubuntu.com
[2024/01/12, 2:11:21.623 PM]  * Management:     https://landscape.canonical.com
[2024/01/12, 2:11:21.623 PM]  * Support:        https://ubuntu.com/advantage

[2024/01/12, 2:11:21.623 PM] This system has been minimized by removing packages and content that are
[2024/01/12, 2:11:21.623 PM] not required on a system that users do not log into.

[2024/01/12, 2:11:21.623 PM] To restore this content, you can run the 'unminimize' command.

[2024/01/12, 2:11:21.623 PM] Expanded Security Maintenance for Applications is not enabled.

[2024/01/12, 2:11:21.623 PM] 23 updates can be applied immediately.
[2024/01/12, 2:11:21.623 PM] To see these additional updates run: apt list --upgradable

[2024/01/12, 2:11:21.623 PM] 2 additional security updates can be applied with ESM Apps.
[2024/01/12, 2:11:21.623 PM] Learn more about enabling ESM Apps service at https://ubuntu.com/esm

[2024/01/12, 2:11:21.623 PM] *** System restart required ***
[2024/01/12, 2:11:21.623 PM] You have no mail.
[2024/01/12, 2:11:21.623 PM] Last login: Fri Jan 12 04:47:22 2024 from 10.21.10.52
[2024/01/12, 2:11:21.636 PM] sk2a03@ecc:~$ sudo systemctl status bind9
[2024/01/12, 2:11:41.619 PM] [sudo] password for sk2a03: 
[2024/01/12, 2:11:43.857 PM] ● named.service - BIND Domain Name Server
[2024/01/12, 2:11:43.857 PM]      Loaded: loaded (/lib/systemd/system/named.service; enabled; vendor preset: enabled)
[2024/01/12, 2:11:43.857 PM]      Active: active (running) since Fri 2024-01-12 04:34:16 UTC; 37min ago
[2024/01/12, 2:11:43.857 PM]        Docs: man:named(8)
[2024/01/12, 2:11:43.857 PM]    Main PID: 872 (named)
[2024/01/12, 2:11:43.857 PM]       Tasks: 6 (limit: 4515)
[2024/01/12, 2:11:43.857 PM]      Memory: 6.3M
[2024/01/12, 2:11:43.858 PM]         CPU: 76ms
[2024/01/12, 2:11:43.858 PM]      CGroup: /system.slice/named.service
[2024/01/12, 2:11:43.858 PM]              └─872 /usr/sbin/named -u bind

[2024/01/12, 2:11:43.858 PM] Jan 12 04:34:16 ecc named[872]: network unreachable resolving './NS/IN': 2001:500:2d::d#53
[2024/01/12, 2:11:43.858 PM] Jan 12 04:34:16 ecc named[872]: network unreachable resolving './NS/IN': 2001:503:c27::2:30#53
[2024/01/12, 2:11:43.858 PM] Jan 12 04:34:16 ecc named[872]: network unreachable resolving './NS/IN': 2001:500:2::c#53
[2024/01/12, 2:11:43.858 PM] Jan 12 04:34:16 ecc named[872]: network unreachable resolving './NS/IN': 2001:7fd::1#53
[2024/01/12, 2:11:43.858 PM] Jan 12 04:34:16 ecc named[872]: managed-keys-zone: Key 20326 for zone . is now trusted (acceptance timer complete)
[2024/01/12, 2:11:43.858 PM] Jan 12 04:34:16 ecc named[872]: resolver priming query complete: success
[2024/01/12, 2:11:43.858 PM] Jan 12 04:34:16 ecc named[872]: checkhints: b.root-servers.net/A (170.247.170.2) missing from hints
[2024/01/12, 2:11:43.858 PM] Jan 12 04:34:16 ecc named[872]: checkhints: b.root-servers.net/A (199.9.14.201) extra record in hints
[2024/01/12, 2:11:43.858 PM] Jan 12 04:34:16 ecc named[872]: checkhints: b.root-servers.net/AAAA (2801:1b8:10::b) missing from hints
[2024/01/12, 2:11:43.858 PM] Jan 12 04:34:16 ecc named[872]: checkhints: b.root-servers.net/AAAA (2001:500:200::b) extra record in hints
[2024/01/12, 2:11:43.858 PM] sk2a03@ecc:~$ sudo systemctl status bind9postfilx
[2024/01/12, 2:11:57.159 PM] ● postfix.service - Postfix Mail Transport Agent
[2024/01/12, 2:11:57.159 PM]      Loaded: loaded (/lib/systemd/system/postfix.service; enabled; vendor preset: enabled)
[2024/01/12, 2:11:57.159 PM]      Active: active (exited) since Fri 2024-01-12 04:34:17 UTC; 37min ago
[2024/01/12, 2:11:57.159 PM]        Docs: man:postfix(1)
[2024/01/12, 2:11:57.159 PM]    Main PID: 1201 (code=exited, status=0/SUCCESS)
[2024/01/12, 2:11:57.159 PM]         CPU: 923us

[2024/01/12, 2:11:57.159 PM] Jan 12 04:34:17 ecc systemd[1]: Starting Postfix Mail Transport Agent...
[2024/01/12, 2:11:57.160 PM] Jan 12 04:34:17 ecc systemd[1]: Finished Postfix Mail Transport Agent.
[2024/01/12, 2:11:57.162 PM] sk2a03@ecc:~$ sudo systemctl status postfixdovecot
[2024/01/12, 2:12:06.573 PM] ● dovecot.service - Dovecot IMAP/POP3 email server
[2024/01/12, 2:12:06.574 PM]      Loaded: loaded (/lib/systemd/system/dovecot.service; enabled; vendor preset: enabled)
[2024/01/12, 2:12:06.574 PM]      Active: active (running) since Fri 2024-01-12 04:34:16 UTC; 37min ago
[2024/01/12, 2:12:06.574 PM]        Docs: man:dovecot(1)
[2024/01/12, 2:12:06.574 PM]              https://doc.dovecot.org/
[2024/01/12, 2:12:06.574 PM]    Main PID: 935 (dovecot)
[2024/01/12, 2:12:06.574 PM]      Status: "v2.3.16 (7e2e900c1a) running"
[2024/01/12, 2:12:06.574 PM]       Tasks: 4 (limit: 4515)
[2024/01/12, 2:12:06.574 PM]      Memory: 4.2M
[2024/01/12, 2:12:06.574 PM]         CPU: 20ms
[2024/01/12, 2:12:06.574 PM]      CGroup: /system.slice/dovecot.service
[2024/01/12, 2:12:06.574 PM]              ├─935 /usr/sbin/dovecot -F
[2024/01/12, 2:12:06.574 PM]              ├─970 dovecot/anvil
[2024/01/12, 2:12:06.574 PM]              ├─971 dovecot/log
[2024/01/12, 2:12:06.574 PM]              └─977 dovecot/config

[2024/01/12, 2:12:06.574 PM] Jan 12 04:34:16 ecc systemd[1]: Starting Dovecot IMAP/POP3 email server...
[2024/01/12, 2:12:06.574 PM] Jan 12 04:34:16 ecc dovecot[935]: master: Dovecot v2.3.16 (7e2e900c1a) starting up for pop3 (core dumps disabled)
[2024/01/12, 2:12:06.574 PM] Jan 12 04:34:16 ecc systemd[1]: Started Dovecot IMAP/POP3 email server.
[2024/01/12, 2:12:06.576 PM] sk2a03@ecc:~$ sudo ufw status numberedsudo ufw status numbered
[2024/01/12, 2:13:25.492 PM] Status: active

[2024/01/12, 2:13:25.492 PM]      To                         Action      From
[2024/01/12, 2:13:25.492 PM]      --                         ------      ----
[2024/01/12, 2:13:25.492 PM] [ 1] 22                         ALLOW IN    10.21.10.0/24             

[2024/01/12, 2:13:25.499 PM] sk2a03@ecc:~$ sk2a03@ecc:~$ sk2a03@ecc:~$ sk2a03@ecc:~$ sk2a03@ecc:~$ sk2a03@ecc:~$ sk2a03@ecc:~$ sk2a03@ecc:~$ sk2a03@ecc:~$ sk2a03@ecc:~$ sk2a03@ecc:~$ sk2a03@ecc:~$ sk2a03@ecc:~$ sk2a03@ecc:~$ sk2a03@ecc:~$ sk2a03@ecc:~$ sk2a03@ecc:~$ ufw allow httpufw allow http
[2024/01/12, 2:21:38.102 PM] ERROR: You need to be root to run this script
[2024/01/12, 2:21:38.108 PM] sk2a03@ecc:~$ cd /var/log/utw.log/var/log/utw.log
[2024/01/12, 2:21:59.439 PM] sk2a03@ecc:/var/log$ ls
[2024/01/12, 2:22:00.582 PM] access.kad07.log    auth.log.3.gz          dmesg.3.gz      kern.log.2.gz  private
[2024/01/12, 2:22:00.582 PM] alternatives.log    bootstrap.log          dmesg.4.gz      kern.log.3.gz  speech-dispatcher
[2024/01/12, 2:22:00.582 PM] alternatives.log.1  btmp                   dpkg.log        lastlog        sssd
[2024/01/12, 2:22:00.582 PM] apache2             btmp.1                 dpkg.log.1      mail.err       syslog
[2024/01/12, 2:22:00.582 PM] apport.log          cloud-init-output.log  faillog         mail.err.1     syslog.1
[2024/01/12, 2:22:00.582 PM] apport.log.1        cloud-init.log         fontconfig.log  mail.log       syslog.2.gz
[2024/01/12, 2:22:00.582 PM] apport.log.2.gz     cups                   gdm3            mail.log.1     syslog.3.gz
[2024/01/12, 2:22:00.582 PM] apport.log.3.gz     dist-upgrade           hp              mail.log.2.gz  ubuntu-advantage.log
[2024/01/12, 2:22:00.582 PM] apt                 dmesg                  installer       mail.log.3.gz  ubuntu-advantage.log.1
[2024/01/12, 2:22:00.582 PM] auth.log            dmesg.0                journal         named          ufw.log
[2024/01/12, 2:22:00.582 PM] auth.log.1          dmesg.1.gz             kern.log        ntpstats       unattended-upgrades
[2024/01/12, 2:22:00.582 PM] auth.log.2.gz       dmesg.2.gz             kern.log.1      openvpn        wtmp
[2024/01/12, 2:22:00.582 PM] sk2a03@ecc:/var/log$ cd
[2024/01/12, 2:22:27.533 PM] sk2a03@ecc:~$ cdsudo ufw allow http
[2024/01/12, 2:23:40.619 PM] Rule added
[2024/01/12, 2:23:40.619 PM] Rule added (v6)
[2024/01/12, 2:23:40.626 PM] sk2a03@ecc:~$ sudo ufw allow https
[2024/01/12, 2:23:43.308 PM] Rule added
[2024/01/12, 2:23:43.308 PM] Rule added (v6)
[2024/01/12, 2:23:43.314 PM] sk2a03@ecc:~$ sudo ufw status verbose
[2024/01/12, 2:24:04.033 PM] Status: active
[2024/01/12, 2:24:04.034 PM] Logging: on (low)
[2024/01/12, 2:24:04.034 PM] Default: deny (incoming), allow (outgoing), disabled (routed)
[2024/01/12, 2:24:04.034 PM] New profiles: skip

[2024/01/12, 2:24:04.034 PM] To                         Action      From
[2024/01/12, 2:24:04.034 PM] --                         ------      ----
[2024/01/12, 2:24:04.034 PM] 22                         ALLOW IN    10.21.10.0/24             
[2024/01/12, 2:24:04.034 PM] 80/tcp                     ALLOW IN    Anywhere                  
[2024/01/12, 2:24:04.034 PM] 443                        ALLOW IN    Anywhere                  
[2024/01/12, 2:24:04.034 PM] 80/tcp (v6)                ALLOW IN    Anywhere (v6)             
[2024/01/12, 2:24:04.034 PM] 443 (v6)                   ALLOW IN    Anywhere (v6)             

[2024/01/12, 2:24:04.038 PM] sk2a03@ecc:~$ cat /etc/services | grep dnscat /etc/services | grep dns
[2024/01/12, 2:25:40.668 PM] mdns5353/udp# Multicast DNS
[2024/01/12, 2:25:40.669 PM] sk2a03@ecc:~$ sudo ufw allow 53/udp
[2024/01/12, 2:27:05.164 PM] Rule added
[2024/01/12, 2:27:05.164 PM] Rule added (v6)
[2024/01/12, 2:27:05.170 PM] sk2a03@ecc:~$ sudo ufw allow 53/udptcp
[2024/01/12, 2:27:08.411 PM] Rule added
[2024/01/12, 2:27:08.412 PM] Rule added (v6)
[2024/01/12, 2:27:08.417 PM] sk2a03@ecc:~$ sudo fufw status verboseverbose
[2024/01/12, 2:27:35.863 PM] Status: active
[2024/01/12, 2:27:35.863 PM] Logging: on (low)
[2024/01/12, 2:27:35.863 PM] Default: deny (incoming), allow (outgoing), disabled (routed)
[2024/01/12, 2:27:35.863 PM] New profiles: skip

[2024/01/12, 2:27:35.863 PM] To                         Action      From
[2024/01/12, 2:27:35.863 PM] --                         ------      ----
[2024/01/12, 2:27:35.863 PM] 22                         ALLOW IN    10.21.10.0/24             
[2024/01/12, 2:27:35.863 PM] 80/tcp                     ALLOW IN    Anywhere                  
[2024/01/12, 2:27:35.863 PM] 443                        ALLOW IN    Anywhere                  
[2024/01/12, 2:27:35.863 PM] 53/udp                     ALLOW IN    Anywhere                  
[2024/01/12, 2:27:35.863 PM] 53/tcp                     ALLOW IN    Anywhere                  
[2024/01/12, 2:27:35.863 PM] 80/tcp (v6)                ALLOW IN    Anywhere (v6)             
[2024/01/12, 2:27:35.863 PM] 443 (v6)                   ALLOW IN    Anywhere (v6)             
[2024/01/12, 2:27:35.864 PM] 53/udp (v6)                ALLOW IN    Anywhere (v6)             
[2024/01/12, 2:27:35.864 PM] 53/tcp (v6)                ALLOW IN    Anywhere (v6)             

[2024/01/12, 2:27:35.868 PM] sk2a03@ecc:~$ ussudo ufw allow SMTP
[2024/01/12, 2:34:27.031 PM] ERROR: Could not find a profile matching 'SMTP'
[2024/01/12, 2:34:27.036 PM] sk2a03@ecc:~$ sudo ufw allow SMTPsmytp
[2024/01/12, 2:34:32.311 PM] Rule added
[2024/01/12, 2:34:32.311 PM] Rule added (v6)
[2024/01/12, 2:34:32.318 PM] sk2a03@ecc:~$ sudo ufw allow smtp110/tcp
[2024/01/12, 2:34:38.416 PM] Rule added
[2024/01/12, 2:34:38.416 PM] Rule added (v6)
[2024/01/12, 2:34:38.423 PM] sk2a03@ecc:~$ sudo sufw status verbose
[2024/01/12, 2:34:47.833 PM] Status: active
[2024/01/12, 2:34:47.833 PM] Logging: on (low)
[2024/01/12, 2:34:47.833 PM] Default: deny (incoming), allow (outgoing), disabled (routed)
[2024/01/12, 2:34:47.833 PM] New profiles: skip

[2024/01/12, 2:34:47.833 PM] To                         Action      From
[2024/01/12, 2:34:47.833 PM] --                         ------      ----
[2024/01/12, 2:34:47.833 PM] 22                         ALLOW IN    10.21.10.0/24             
[2024/01/12, 2:34:47.833 PM] 80/tcp                     ALLOW IN    Anywhere                  
[2024/01/12, 2:34:47.833 PM] 443                        ALLOW IN    Anywhere                  
[2024/01/12, 2:34:47.833 PM] 53/udp                     ALLOW IN    Anywhere                  
[2024/01/12, 2:34:47.834 PM] 53/tcp                     ALLOW IN    Anywhere                  
[2024/01/12, 2:34:47.834 PM] 25/tcp                     ALLOW IN    Anywhere                  
[2024/01/12, 2:34:47.834 PM] 110/tcp                    ALLOW IN    Anywhere                  
[2024/01/12, 2:34:47.834 PM] 80/tcp (v6)                ALLOW IN    Anywhere (v6)             
[2024/01/12, 2:34:47.834 PM] 443 (v6)                   ALLOW IN    Anywhere (v6)             
[2024/01/12, 2:34:47.834 PM] 53/udp (v6)                ALLOW IN    Anywhere (v6)             
[2024/01/12, 2:34:47.834 PM] 53/tcp (v6)                ALLOW IN    Anywhere (v6)             
[2024/01/12, 2:34:47.834 PM] 25/tcp (v6)                ALLOW IN    Anywhere (v6)             
[2024/01/12, 2:34:47.834 PM] 110/tcp (v6)               ALLOW IN    Anywhere (v6)             

[2024/01/12, 2:34:47.838 PM] sk2a03@ecc:~$ sudo ufw status verbose > ufw.kad10.txt
[2024/01/12, 2:35:10.310 PM] sk2a03@ecc:~$ sudo cat /var/log/ufw.logsudo cat /var/log/ufw.log
[2024/01/12, 2:36:21.696 PM] Jan 12 04:52:13 ecc kernel: [ 1081.957746] [UFW BLOCK] IN=enp0s1 OUT= MAC=72:62:78:2e:de:d1:a0:ce:c8:63:7a:be:08:00 SRC=10.21.10.52 DST=10.21.10.65 LEN=64 TOS=0x00 PREC=0x00 TTL=64 ID=0 PROTO=TCP SPT=62121 DPT=443 WINDOW=65535 RES=0x00 SYN URGP=0 
[2024/01/12, 2:36:21.696 PM] Jan 12 04:52:13 ecc kernel: [ 1082.209827] [UFW BLOCK] IN=enp0s1 OUT= MAC=72:62:78:2e:de:d1:a0:ce:c8:63:7a:be:08:00 SRC=10.21.10.52 DST=10.21.10.65 LEN=64 TOS=0x00 PREC=0x00 TTL=64 ID=0 PROTO=TCP SPT=62122 DPT=443 WINDOW=65535 RES=0x00 SYN URGP=0 
[2024/01/12, 2:36:21.696 PM] Jan 12 04:52:14 ecc kernel: [ 1082.957685] [UFW BLOCK] IN=enp0s1 OUT= MAC=72:62:78:2e:de:d1:a0:ce:c8:63:7a:be:08:00 SRC=10.21.10.52 DST=10.21.10.65 LEN=64 TOS=0x00 PREC=0x00 TTL=64 ID=0 PROTO=TCP SPT=62121 DPT=443 WINDOW=65535 RES=0x00 SYN URGP=0 
[2024/01/12, 2:36:21.696 PM] Jan 12 04:52:14 ecc kernel: [ 1083.209500] [UFW BLOCK] IN=enp0s1 OUT= MAC=72:62:78:2e:de:d1:a0:ce:c8:63:7a:be:08:00 SRC=10.21.10.52 DST=10.21.10.65 LEN=64 TOS=0x00 PREC=0x00 TTL=64 ID=0 PROTO=TCP SPT=62122 DPT=443 WINDOW=65535 RES=0x00 SYN URGP=0 
[2024/01/12, 2:36:21.696 PM] Jan 12 04:52:15 ecc kernel: [ 1083.958661] [UFW BLOCK] IN=enp0s1 OUT= MAC=72:62:78:2e:de:d1:a0:ce:c8:63:7a:be:08:00 SRC=10.21.10.52 DST=10.21.10.65 LEN=64 TOS=0x00 PREC=0x00 TTL=64 ID=0 PROTO=TCP SPT=62121 DPT=443 WINDOW=65535 RES=0x00 SYN URGP=0 
[2024/01/12, 2:36:21.696 PM] Jan 12 04:52:15 ecc kernel: [ 1084.210733] [UFW BLOCK] IN=enp0s1 OUT= MAC=72:62:78:2e:de:d1:a0:ce:c8:63:7a:be:08:00 SRC=10.21.10.52 DST=10.21.10.65 LEN=64 TOS=0x00 PREC=0x00 TTL=64 ID=0 PROTO=TCP SPT=62122 DPT=443 WINDOW=65535 RES=0x00 SYN URGP=0 
[2024/01/12, 2:36:21.696 PM] Jan 12 04:52:16 ecc kernel: [ 1084.959486] [UFW BLOCK] IN=enp0s1 OUT= MAC=72:62:78:2e:de:d1:a0:ce:c8:63:7a:be:08:00 SRC=10.21.10.52 DST=10.21.10.65 LEN=64 TOS=0x00 PREC=0x00 TTL=64 ID=0 PROTO=TCP SPT=62121 DPT=443 WINDOW=65535 RES=0x00 SYN URGP=0 
[2024/01/12, 2:36:21.696 PM] Jan 12 04:52:16 ecc kernel: [ 1085.211550] [UFW BLOCK] IN=enp0s1 OUT= MAC=72:62:78:2e:de:d1:a0:ce:c8:63:7a:be:08:00 SRC=10.21.10.52 DST=10.21.10.65 LEN=64 TOS=0x00 PREC=0x00 TTL=64 ID=0 PROTO=TCP SPT=62122 DPT=443 WINDOW=65535 RES=0x00 SYN URGP=0 
[2024/01/12, 2:36:21.696 PM] Jan 12 04:52:17 ecc kernel: [ 1085.959462] [UFW BLOCK] IN=enp0s1 OUT= MAC=72:62:78:2e:de:d1:a0:ce:c8:63:7a:be:08:00 SRC=10.21.10.52 DST=10.21.10.65 LEN=64 TOS=0x00 PREC=0x00 TTL=64 ID=0 PROTO=TCP SPT=62121 DPT=443 WINDOW=65535 RES=0x00 SYN URGP=0 
[2024/01/12, 2:36:21.697 PM] Jan 12 04:52:17 ecc kernel: [ 1086.151181] [UFW BLOCK] IN=enp0s1 OUT= MAC=72:62:78:2e:de:d1:a0:ce:c8:63:7a:be:08:00 SRC=10.21.10.52 DST=10.21.10.65 LEN=64 TOS=0x00 PREC=0x00 TTL=64 ID=0 PROTO=TCP SPT=62126 DPT=80 WINDOW=65535 RES=0x00 SYN URGP=0 
[2024/01/12, 2:36:21.698 PM] Jan 12 04:52:36 ecc kernel: [ 1105.158712] [UFW BLOCK] IN=enp0s1 OUT= MAC=72:62:78:2e:de:d1:a0:ce:c8:63:7a:be:08:00 SRC=10.21.10.52 DST=10.21.10.65 LEN=64 TOS=0x00 PREC=0x00 TTL=64 ID=0 PROTO=TCP SPT=62126 DPT=80 WINDOW=65535 RES=0x00 SYN URGP=0 
[2024/01/12, 2:36:21.698 PM] Jan 12 04:52:54 ecc kernel: [ 1122.954175] [UFW BLOCK] IN=enp0s1 OUT= MAC=72:62:78:2e:de:d1:a0:ce:c8:63:7a:be:08:00 SRC=10.21.10.52 DST=10.21.10.65 LEN=64 TOS=0x00 PREC=0x00 TTL=64 ID=0 PROTO=TCP SPT=62128 DPT=80 WINDOW=65535 RES=0x00 SYN URGP=0 
[2024/01/12, 2:36:21.698 PM] Jan 12 04:53:20 ecc kernel: [ 1148.965237] [UFW BLOCK] IN=enp0s1 OUT= MAC=72:62:78:2e:de:d1:a0:ce:c8:63:7a:be:08:00 SRC=10.21.10.52 DST=10.21.10.65 LEN=48 TOS=0x00 PREC=0x00 TTL=64 ID=0 PROTO=TCP SPT=62121 DPT=443 WINDOW=65535 RES=0x00 SYN URGP=0 
[2024/01/12, 2:36:21.698 PM] Jan 12 04:54:13 ecc kernel: [ 1201.481684] [UFW BLOCK] IN=enp0s1 OUT= MAC=72:62:78:2e:de:d1:a0:ce:c8:63:7a:be:08:00 SRC=10.21.10.52 DST=10.21.10.65 LEN=64 TOS=0x08 PREC=0x40 TTL=64 ID=0 PROTO=TCP SPT=62261 DPT=22 WINDOW=65535 RES=0x00 SYN URGP=0 
[2024/01/12, 2:36:21.698 PM] Jan 12 04:54:14 ecc kernel: [ 1202.482349] [UFW BLOCK] IN=enp0s1 OUT= MAC=72:62:78:2e:de:d1:a0:ce:c8:63:7a:be:08:00 SRC=10.21.10.52 DST=10.21.10.65 LEN=64 TOS=0x08 PREC=0x40 TTL=64 ID=0 PROTO=TCP SPT=62261 DPT=22 WINDOW=65535 RES=0x00 SYN URGP=0 
[2024/01/12, 2:36:21.698 PM] Jan 12 04:54:15 ecc kernel: [ 1203.483915] [UFW BLOCK] IN=enp0s1 OUT= MAC=72:62:78:2e:de:d1:a0:ce:c8:63:7a:be:08:00 SRC=10.21.10.52 DST=10.21.10.65 LEN=64 TOS=0x08 PREC=0x40 TTL=64 ID=0 PROTO=TCP SPT=62261 DPT=22 WINDOW=65535 RES=0x00 SYN URGP=0 
[2024/01/12, 2:36:21.698 PM] Jan 12 04:54:41 ecc kernel: [ 1230.105757] [UFW BLOCK] IN=enp0s1 OUT= MAC=72:62:78:2e:de:d1:08:00:27:ae:c0:39:08:00 SRC=10.21.10.72 DST=10.21.10.65 LEN=90 TOS=0x00 PREC=0x00 TTL=64 ID=19228 DF PROTO=UDP SPT=137 DPT=46896 LEN=70 
[2024/01/12, 2:36:21.698 PM] Jan 12 04:55:34 ecc kernel: [ 1282.934045] [UFW BLOCK] IN=enp0s1 OUT= MAC=72:62:78:2e:de:d1:a0:ce:c8:63:7a:be:08:00 SRC=10.21.10.52 DST=10.21.10.65 LEN=64 TOS=0x08 PREC=0x40 TTL=64 ID=0 PROTO=TCP SPT=62304 DPT=22 WINDOW=65535 RES=0x00 SYN URGP=0 
[2024/01/12, 2:36:21.698 PM] Jan 12 04:55:35 ecc kernel: [ 1283.934259] [UFW BLOCK] IN=enp0s1 OUT= MAC=72:62:78:2e:de:d1:a0:ce:c8:63:7a:be:08:00 SRC=10.21.10.52 DST=10.21.10.65 LEN=64 TOS=0x08 PREC=0x40 TTL=64 ID=0 PROTO=TCP SPT=62304 DPT=22 WINDOW=65535 RES=0x00 SYN URGP=0 
[2024/01/12, 2:36:21.698 PM] Jan 12 04:55:36 ecc kernel: [ 1284.935317] [UFW BLOCK] IN=enp0s1 OUT= MAC=72:62:78:2e:de:d1:a0:ce:c8:63:7a:be:08:00 SRC=10.21.10.52 DST=10.21.10.65 LEN=64 TOS=0x08 PREC=0x40 TTL=64 ID=0 PROTO=TCP SPT=62304 DPT=22 WINDOW=65535 RES=0x00 SYN URGP=0 
[2024/01/12, 2:36:21.698 PM] Jan 12 04:56:09 ecc kernel: [ 1317.943278] [UFW BLOCK] IN=enp0s1 OUT= MAC=72:62:78:2e:de:d1:a0:ce:c8:63:7a:be:08:00 SRC=10.21.10.52 DST=10.21.10.65 LEN=64 TOS=0x08 PREC=0x40 TTL=64 ID=0 PROTO=TCP SPT=62304 DPT=22 WINDOW=65535 RES=0x00 SYN URGP=0 
[2024/01/12, 2:36:21.698 PM] Jan 12 04:56:41 ecc kernel: [ 1349.943671] [UFW BLOCK] IN=enp0s1 OUT= MAC=72:62:78:2e:de:d1:a0:ce:c8:63:7a:be:08:00 SRC=10.21.10.52 DST=10.21.10.65 LEN=48 TOS=0x08 PREC=0x40 TTL=64 ID=0 PROTO=TCP SPT=62304 DPT=22 WINDOW=65535 RES=0x00 SYN URGP=0 
[2024/01/12, 2:36:21.699 PM] sk2a03@ecc:~$ sudo tail -f /var/log/ufw.log | grep DST=10.200.6.35sudo tail -f /var/log/ufw.log | grep DST=10.200.6.35
[2024/01/12, 2:37:16.368 PM] ^C
[2024/01/12, 2:37:16.373 PM] sk2a03@ecc:~$      sudo tail -f /var/log/ufw.log     sudo tail -f /var/log/ufw.log
[2024/01/12, 2:37:24.352 PM] Jan 12 04:53:20 ecc kernel: [ 1148.965237] [UFW BLOCK] IN=enp0s1 OUT= MAC=72:62:78:2e:de:d1:a0:ce:c8:63:7a:be:08:00 SRC=10.21.10.52 DST=10.21.10.65 LEN=48 TOS=0x00 PREC=0x00 TTL=64 ID=0 PROTO=TCP SPT=62121 DPT=443 WINDOW=65535 RES=0x00 SYN URGP=0 
[2024/01/12, 2:37:24.352 PM] Jan 12 04:54:13 ecc kernel: [ 1201.481684] [UFW BLOCK] IN=enp0s1 OUT= MAC=72:62:78:2e:de:d1:a0:ce:c8:63:7a:be:08:00 SRC=10.21.10.52 DST=10.21.10.65 LEN=64 TOS=0x08 PREC=0x40 TTL=64 ID=0 PROTO=TCP SPT=62261 DPT=22 WINDOW=65535 RES=0x00 SYN URGP=0 
[2024/01/12, 2:37:24.352 PM] Jan 12 04:54:14 ecc kernel: [ 1202.482349] [UFW BLOCK] IN=enp0s1 OUT= MAC=72:62:78:2e:de:d1:a0:ce:c8:63:7a:be:08:00 SRC=10.21.10.52 DST=10.21.10.65 LEN=64 TOS=0x08 PREC=0x40 TTL=64 ID=0 PROTO=TCP SPT=62261 DPT=22 WINDOW=65535 RES=0x00 SYN URGP=0 
[2024/01/12, 2:37:24.352 PM] Jan 12 04:54:15 ecc kernel: [ 1203.483915] [UFW BLOCK] IN=enp0s1 OUT= MAC=72:62:78:2e:de:d1:a0:ce:c8:63:7a:be:08:00 SRC=10.21.10.52 DST=10.21.10.65 LEN=64 TOS=0x08 PREC=0x40 TTL=64 ID=0 PROTO=TCP SPT=62261 DPT=22 WINDOW=65535 RES=0x00 SYN URGP=0 
[2024/01/12, 2:37:24.352 PM] Jan 12 04:54:41 ecc kernel: [ 1230.105757] [UFW BLOCK] IN=enp0s1 OUT= MAC=72:62:78:2e:de:d1:08:00:27:ae:c0:39:08:00 SRC=10.21.10.72 DST=10.21.10.65 LEN=90 TOS=0x00 PREC=0x00 TTL=64 ID=19228 DF PROTO=UDP SPT=137 DPT=46896 LEN=70 
[2024/01/12, 2:37:24.352 PM] Jan 12 04:55:34 ecc kernel: [ 1282.934045] [UFW BLOCK] IN=enp0s1 OUT= MAC=72:62:78:2e:de:d1:a0:ce:c8:63:7a:be:08:00 SRC=10.21.10.52 DST=10.21.10.65 LEN=64 TOS=0x08 PREC=0x40 TTL=64 ID=0 PROTO=TCP SPT=62304 DPT=22 WINDOW=65535 RES=0x00 SYN URGP=0 
[2024/01/12, 2:37:24.352 PM] Jan 12 04:55:35 ecc kernel: [ 1283.934259] [UFW BLOCK] IN=enp0s1 OUT= MAC=72:62:78:2e:de:d1:a0:ce:c8:63:7a:be:08:00 SRC=10.21.10.52 DST=10.21.10.65 LEN=64 TOS=0x08 PREC=0x40 TTL=64 ID=0 PROTO=TCP SPT=62304 DPT=22 WINDOW=65535 RES=0x00 SYN URGP=0 
[2024/01/12, 2:37:24.352 PM] Jan 12 04:55:36 ecc kernel: [ 1284.935317] [UFW BLOCK] IN=enp0s1 OUT= MAC=72:62:78:2e:de:d1:a0:ce:c8:63:7a:be:08:00 SRC=10.21.10.52 DST=10.21.10.65 LEN=64 TOS=0x08 PREC=0x40 TTL=64 ID=0 PROTO=TCP SPT=62304 DPT=22 WINDOW=65535 RES=0x00 SYN URGP=0 
[2024/01/12, 2:37:24.352 PM] Jan 12 04:56:09 ecc kernel: [ 1317.943278] [UFW BLOCK] IN=enp0s1 OUT= MAC=72:62:78:2e:de:d1:a0:ce:c8:63:7a:be:08:00 SRC=10.21.10.52 DST=10.21.10.65 LEN=64 TOS=0x08 PREC=0x40 TTL=64 ID=0 PROTO=TCP SPT=62304 DPT=22 WINDOW=65535 RES=0x00 SYN URGP=0 
[2024/01/12, 2:37:24.352 PM] Jan 12 04:56:41 ecc kernel: [ 1349.943671] [UFW BLOCK] IN=enp0s1 OUT= MAC=72:62:78:2e:de:d1:a0:ce:c8:63:7a:be:08:00 SRC=10.21.10.52 DST=10.21.10.65 LEN=48 TOS=0x08 PREC=0x40 TTL=64 ID=0 PROTO=TCP SPT=62304 DPT=22 WINDOW=65535 RES=0x00 SYN URGP=0 


[2024/01/12, 2:37:47.727 PM] ^C
[2024/01/12, 2:37:47.754 PM] sk2a03@ecc:~$ telnettelnet sk2a03@10.21.10.65
[2024/01/12, 2:39:04.375 PM] telnet: could not resolve sk2a03@10.21.10.65/telnet: Name or service not known
[2024/01/12, 2:39:04.376 PM] sk2a03@ecc:~$ sudo telnet sk2a03@10.21.10.65sudo 
[2024/01/12, 2:39:13.564 PM] telnet: could not resolve sk2a03@10.21.10.65/telnet: Name or service not known
[2024/01/12, 2:39:13.567 PM] sk2a03@ecc:~$ sudo telnet sk2a03@10.21.10.6510.21.10.6510.21.10.6510.21.10.6510.21.10.6510.21.10.6510.21.10.6510.21.10.65
[2024/01/12, 2:39:39.192 PM] Trying 10.21.10.65...
[2024/01/12, 2:39:39.192 PM] telnet: Unable to connect to remote host: Connection refused
[2024/01/12, 2:39:39.196 PM] sk2a03@ecc:~$      Sudo cp /var/log/ufw.log ufwlog.kad10.log     Sudo cp /var/log/ufw.log ufwlog.kad10.log
[2024/01/12, 2:41:11.042 PM] -bash: Sudo: command not found
[2024/01/12, 2:41:11.043 PM] sk2a03@ecc:~$ sudo telnet 10.21.10.65     Sudo cp /var/log/ufw.log ufwlog.kad10.log     Sudo cp /var/log/ufw.log ufwlog.kad10.logs
[2024/01/12, 2:41:19.987 PM] sk2a03@ecc:~$ sudo ufw status verbose
[2024/01/12, 2:41:38.190 PM] Status: active
[2024/01/12, 2:41:38.190 PM] Logging: on (low)
[2024/01/12, 2:41:38.190 PM] Default: deny (incoming), allow (outgoing), disabled (routed)
[2024/01/12, 2:41:38.191 PM] New profiles: skip

[2024/01/12, 2:41:38.191 PM] To                         Action      From
[2024/01/12, 2:41:38.191 PM] --                         ------      ----
[2024/01/12, 2:41:38.191 PM] 22                         ALLOW IN    10.21.10.0/24             
[2024/01/12, 2:41:38.191 PM] 80/tcp                     ALLOW IN    Anywhere                  
[2024/01/12, 2:41:38.191 PM] 443                        ALLOW IN    Anywhere                  
[2024/01/12, 2:41:38.191 PM] 53/udp                     ALLOW IN    Anywhere                  
[2024/01/12, 2:41:38.191 PM] 53/tcp                     ALLOW IN    Anywhere                  
[2024/01/12, 2:41:38.191 PM] 25/tcp                     ALLOW IN    Anywhere                  
[2024/01/12, 2:41:38.191 PM] 110/tcp                    ALLOW IN    Anywhere                  
[2024/01/12, 2:41:38.191 PM] 80/tcp (v6)                ALLOW IN    Anywhere (v6)             
[2024/01/12, 2:41:38.191 PM] 443 (v6)                   ALLOW IN    Anywhere (v6)             
[2024/01/12, 2:41:38.191 PM] 53/udp (v6)                ALLOW IN    Anywhere (v6)             
[2024/01/12, 2:41:38.191 PM] 53/tcp (v6)                ALLOW IN    Anywhere (v6)             
[2024/01/12, 2:41:38.191 PM] 25/tcp (v6)                ALLOW IN    Anywhere (v6)             
[2024/01/12, 2:41:38.192 PM] 110/tcp (v6)               ALLOW IN    Anywhere (v6)             

[2024/01/12, 2:41:38.195 PM] sk2a03@ecc:~$ sudo cat ufwlog.kad10.log | grep DPT=23sudo cat ufwlog.kad10.log | grep DPT=23
[2024/01/12, 2:41:51.176 PM] sk2a03@ecc:~$ sudo cat /var/log/ufw.log | grep DPT=23sudo cat /var/log/ufw.log | grep DPT=23
[2024/01/12, 2:45:38.239 PM] sk2a03@ecc:~$ cd sudo cat /var/log/ufw.log | grep DPT=23
[2024/01/12, 2:46:04.078 PM] Jan 12 05:45:58 ecc kernel: [ 4306.596840] [UFW BLOCK] IN=enp0s1 OUT= MAC=72:62:78:2e:de:d1:a0:ce:c8:63:7a:be:08:00 SRC=10.21.10.52 DST=10.21.10.65 LEN=64 TOS=0x10 PREC=0x00 TTL=64 ID=0 PROTO=TCP SPT=64630 DPT=23 WINDOW=65535 RES=0x00 SYN URGP=0 
[2024/01/12, 2:46:04.079 PM] Jan 12 05:45:59 ecc kernel: [ 4307.597822] [UFW BLOCK] IN=enp0s1 OUT= MAC=72:62:78:2e:de:d1:a0:ce:c8:63:7a:be:08:00 SRC=10.21.10.52 DST=10.21.10.65 LEN=64 TOS=0x10 PREC=0x00 TTL=64 ID=0 PROTO=TCP SPT=64630 DPT=23 WINDOW=65535 RES=0x00 SYN URGP=0 
[2024/01/12, 2:46:04.079 PM] Jan 12 05:46:00 ecc kernel: [ 4308.598553] [UFW BLOCK] IN=enp0s1 OUT= MAC=72:62:78:2e:de:d1:a0:ce:c8:63:7a:be:08:00 SRC=10.21.10.52 DST=10.21.10.65 LEN=64 TOS=0x10 PREC=0x00 TTL=64 ID=0 PROTO=TCP SPT=64630 DPT=23 WINDOW=65535 RES=0x00 SYN URGP=0 
[2024/01/12, 2:46:04.079 PM] Jan 12 05:46:01 ecc kernel: [ 4309.598452] [UFW BLOCK] IN=enp0s1 OUT= MAC=72:62:78:2e:de:d1:a0:ce:c8:63:7a:be:08:00 SRC=10.21.10.52 DST=10.21.10.65 LEN=64 TOS=0x10 PREC=0x00 TTL=64 ID=0 PROTO=TCP SPT=64630 DPT=23 WINDOW=65535 RES=0x00 SYN URGP=0 
[2024/01/12, 2:46:04.079 PM] Jan 12 05:46:02 ecc kernel: [ 4310.599038] [UFW BLOCK] IN=enp0s1 OUT= MAC=72:62:78:2e:de:d1:a0:ce:c8:63:7a:be:08:00 SRC=10.21.10.52 DST=10.21.10.65 LEN=64 TOS=0x10 PREC=0x00 TTL=64 ID=0 PROTO=TCP SPT=64630 DPT=23 WINDOW=65535 RES=0x00 SYN URGP=0 
[2024/01/12, 2:46:04.079 PM] Jan 12 05:46:03 ecc kernel: [ 4311.599657] [UFW BLOCK] IN=enp0s1 OUT= MAC=72:62:78:2e:de:d1:a0:ce:c8:63:7a:be:08:00 SRC=10.21.10.52 DST=10.21.10.65 LEN=64 TOS=0x10 PREC=0x00 TTL=64 ID=0 PROTO=TCP SPT=64630 DPT=23 WINDOW=65535 RES=0x00 SYN URGP=0 
[2024/01/12, 2:46:04.080 PM] sk2a03@ecc:~$ sudo cat /var/log/ufw.log | grep DPT=23ufwlog.kad10ufw status verbosecp /var/log/ufw.log ufwlog.kad10.logtelnet 10.21.10.65cp /var/log/ufw.log ufwlog.kad10.log
[2024/01/12, 2:47:44.627 PM] sk2a03@ecc:~$ 