[2023/06/08 3:29:19.319 PM] Last login: Thu Jun  8 15:29:14 on ttys000

[2023/06/08 3:29:19.352 PM] ~ ❯ %                                                                               ~ ❯ hhitstoystoy rstoystoy ry -c
[2023/06/08 3:29:31.547 PM] History file deleted.
[2023/06/08 3:29:31.547 PM] %                                                                                
[2023/06/08 3:29:31.576 PM] ~ ❯ ccp awk.dat w kad09_1.sh
[2023/06/08 3:29:47.536 PM] %                                                                                
[2023/06/08 3:29:47.566 PM] ~ ❯ ccp awk.dat kad09_1.shca                   t kad09_) 1.sh
[2023/06/08 3:29:55.096 PM] Ubuntu
[2023/06/08 3:29:55.096 PM] debian
[2023/06/08 3:29:55.096 PM] Redhat
[2023/06/08 3:29:55.096 PM] CentOS
[2023/06/08 3:29:55.096 PM] Fedora
[2023/06/08 3:29:55.096 PM] %                                                                                
[2023/06/08 3:29:55.127 PM] ~ ❯ ttouch kad09_2.sh
[2023/06/08 3:30:08.101 PM] %                                                                                
[2023/06/08 3:30:08.131 PM] ~ ❯ vvmin  v vim kad09_2.sh
[2023/06/08 3:30:15.705 PM] "kad09_2.sh" 0L, 0B▽             ~                                                                               ~                                                                               ~                                                                               ~                                                                               ~                                                                               ~                                                                               ~                                                                               ~                                                                               ~                                                                               ~                                                                               ~                                                                               ~                                                                               ~                                                                               ~                                                                               ~                                                                               ~                                                                               ~                                                                               ~                                                                               ~                                                                               ~                                                                               ~                                                                               ~                                                                               ~                                                                               0,0-1全部i -- 插入 --0,1全部#!bin/bash
[2023/06/08 3:30:36.230 PM] #ls -al | awk 'BEGIN{  x = 0  y = 0
[2023/06/08 3:30:36.232 PM] }{ x++ y+=$5}END{    print "number of files: " x " capacity: " y " bites" 
[2023/06/08 3:30:36.232 PM] }'ps aux | awk 'BEGIN{ a = 0
[2023/06/08 3:30:36.239 PM]  b = 0}{ a+=$3 b+=$4}
[2023/06/08 3:30:36.239 PM] END{
[2023/06/08 3:30:36.239 PM]  printf("CPU: %.2f%% Memory(貼上) --%.2f%% in use",a,b)
[2023/06/08 3:30:36.240 PM] }
[2023/06/08 3:30:36.240 PM] '-- 上30,1底端BEGIN{
[2023/06/08 3:30:37.092 PM]   x = 0
[2023/06/08 3:30:37.092 PM]   y = 0{


[2023/06/08 3:30:37.092 PM] }22,150%#!bin/bash
[2023/06/08 3:30:37.112 PM] #
[2023/06/08 3:30:37.113 PM] ls -al | awk '{19,1頂端19,1頂端19,1頂端19,1頂端19,1頂端19,1頂端19,1頂端19,1頂端19,1頂端19,1頂端19,1頂端19,1頂端19,1頂端19,1頂端19,1頂端19,1頂端19,1頂端19,1頂端19,1頂端19,1頂端19,1頂端19,1頂端19,1頂端19,1頂端19,1頂端19,1頂端19,1頂端19,1頂端19,1頂端19,1頂端19,1頂端19,1頂端19,1頂端19,1頂端19,1頂端19,1頂端19,1頂端19,1頂端}
[2023/06/08 3:30:38.357 PM] END{
[2023/06/08 3:30:38.357 PM]  printf("CPU: %.2f%% Memory%.2f%% in use",a,b)19,150%}
[2023/06/08 3:30:38.374 PM] '19,1底端~                                                                               ~                                                                               ~                                                                               19,1底端~                                                                               ~                                                                               ~                                                                               19,1底端{


[2023/06/08 3:30:38.425 PM] }~                                                                               ~                                                                               ~                                                                               21,1底端}~                                                                               ~                                                                               ~                                                                               24,1底端~                                                                               ~                                                                               ~                                                                               27,1底端~                                                                               ~                                                                               ~                                                                               ~                                                                               ~                                                                               ~                                                                               30,1底端~                                                                               ~                                                                               30,1底端30,1底端30,1底端30,1底端30,1底端30,1底端30,1底端30,1底端30,1底端30,1底端30,1底端30,1底端30,1底端30,1底端30,1底端30,1底端30,1底端30,1底端 printf("CPU: %.2f%% Memory%.2f%% in use",a,b)
[2023/06/08 3:30:39.624 PM] }
[2023/06/08 3:30:39.624 PM] '30,1底端 b+=$4
[2023/06/08 3:30:39.645 PM] }
[2023/06/08 3:30:39.645 PM] END{30,1底端}
[2023/06/08 3:30:39.661 PM] {
[2023/06/08 3:30:39.661 PM]  a+=$330,1底端BEGIN{
[2023/06/08 3:30:39.681 PM]  a = 0
[2023/06/08 3:30:39.681 PM]  b = 030,1底端'

[2023/06/08 3:30:39.694 PM] ps aux | awk '30,1底端END{
[2023/06/08 3:30:39.711 PM]     print "number of files: " x " capacity: " y " bites" 
[2023/06/08 3:30:39.711 PM] }30,1底端 x++
[2023/06/08 3:30:39.715 PM]  y+=$5
[2023/06/08 3:30:39.715 PM] }30,1底端ls -al | awk '
[2023/06/08 3:30:39.734 PM] BEGIN{
[2023/06/08 3:30:39.734 PM]   x = 0
[2023/06/08 3:30:39.734 PM]   y = 0
[2023/06/08 3:30:39.734 PM] }
[2023/06/08 3:30:39.734 PM] {{


[2023/06/08 3:30:39.734 PM] }21,233%#!bin/bash
[2023/06/08 3:30:39.750 PM] #{


[2023/06/08 3:30:39.750 PM] }19,7頂端19,7頂端19,7頂端19,7頂端19,7頂端19,7頂端19,7頂端19,7頂端19,7頂端19,7頂端19,7頂端19,7頂端19,7頂端19,7頂端19,7頂端19,7頂端19,7頂端19,7頂端^[^[    19,6頂端::wq"kad09_2.sh" 30L, 250B 已寫入
[2023/06/08 3:30:41.568 PM] %                                                                                
[2023/06/08 3:30:41.601 PM] ~ ❯ 26svim kad09_2.shtouch kad09_2.shvim kad09_2.sh                vim kad09_2.sh kad09_2.sh v kad09_2.sh  kad09_2.sh b kad09_2.shba kad09_2.shs kad09_2.shh kad09_2.sh
[2023/06/08 3:30:48.108 PM] number of files: 80 capacity: 400115 bites
[2023/06/08 3:30:48.192 PM] CPU: 114.20% Memory57.50% in use%                                                                                
[2023/06/08 3:30:48.215 PM] ~ ❯ ssed d -e s/e//g phot ne.dat
[2023/06/08 3:31:50.127 PM] 043-236-0849
[2023/06/08 3:31:50.127 PM] 03-5811-0471
[2023/06/08 3:31:50.128 PM] 0471-77-5656
[2023/06/08 3:31:50.128 PM] 0849-55-3333
[2023/06/08 3:31:50.128 PM] 0559-78-2200
[2023/06/08 3:31:50.128 PM] 06-6543-1234
[2023/06/08 3:31:50.129 PM] %                                                                                
[2023/06/08 3:31:50.158 PM] ~ ❯ sed -e s/e//g phone.dat//g phone.dat -//g phone.dat
[2023/06/08 3:31:56.961 PM] 0432360849
[2023/06/08 3:31:56.961 PM] 0358110471
[2023/06/08 3:31:56.961 PM] 0471775656
[2023/06/08 3:31:56.961 PM] 0849553333
[2023/06/08 3:31:56.961 PM] 0559782200
[2023/06/08 3:31:56.961 PM] 0665431234
[2023/06/08 3:31:56.961 PM] %                                                                                
[2023/06/08 3:31:56.991 PM] ~ ❯ sed -e s/-//g phone.dat > phone2.dat
[2023/06/08 3:32:11.313 PM] %                                                                                
[2023/06/08 3:32:11.344 PM] ~ ❯ ttouch kad09_2.shtouch kad09_2.sh.sh 4.sh
[2023/06/08 3:32:19.339 PM] %                                                                                
[2023/06/08 3:32:19.367 PM] ~ ❯ vvim kad09_2.shvim kad09_2.sh.sh 4.sh
[2023/06/08 3:32:23.070 PM] "kad09_4.sh" 0L, 0B▽             ~                                                                               ~                                                                               ~                                                                               ~                                                                               ~                                                                               ~                                                                               ~                                                                               ~                                                                               ~                                                                               ~                                                                               ~                                                                               ~                                                                               ~                                                                               ~                                                                               ~                                                                               ~                                                                               ~                                                                               ~                                                                               ~                                                                               ~                                                                               ~                                                                               ~                                                                               ~                                                                               0,0-1全部i -- 插入 --0,1全部#!/bin/bashresult=$(nslookup www.cisco.com | awk '/^Address:/ && !/#/ {print $2}')echo "Input search url: www.cisco.com"
[2023/06/08 3:33:07.294 PM] echo "IP address: $result"76,277,1 ~                                                                               6,271^[  6,20全部1,11~@k   2,0-1^M  3,1  ~@k   2,0-1i -- 插入 --2,1全部3,1全部r2e3a4read56a748()910()123456789201234567893012 | awk '/^Address:/ && !/#/ {print $2}')1 | awk '/^Address:/ && !/#/ {print $2}')0 | awk '/^Address:/ && !/#/ {print $2}')29 | awk '/^Address:/ && !/#/ {print $2}')8 | awk '/^Address:/ && !/#/ {print $2}')7 | awk '/^Address:/ && !/#/ {print $2}')6 | awk '/^Address:/ && !/#/ {print $2}')5 | awk '/^Address:/ && !/#/ {print $2}')4 | awk '/^Address:/ && !/#/ {print $2}')3 | awk '/^Address:/ && !/#/ {print $2}')2 | awk '/^Address:/ && !/#/ {print $2}')1 | awk '/^Address:/ && !/#/ {print $2}')0 | awk '/^Address:/ && !/#/ {print $2}')19$ | awk '/^Address:/ && !/#/ {print $2}')20$a | awk '/^Address:/ && !/#/ {print $2}')15,1 6,2172634567893012345678"7"6"5"4"3"2"1"0"29"8"7"6"5$"6$a"76{a"
[2023/06/08 3:38:22.762 PM] echo "IP address: "78}"
[2023/06/08 3:38:23.923 PM] echo "IP address: "{}9{a}5,1 4,2987654321} | awk '/^Address:/ && !/#/ {print $2}')210{a} | awk '/^Address:/ && !/#/ {print $2}'){}123{a}4^[  4,23全部~@k   {}2i -- 插入 --4,22全部} | awk '/^Address:/ && !/#/ {print $2}')} 1$} | awk '/^Address:/ && !/#/ {print $2}')} 0} | awk '/^Address:/ && !/#/ {print $2}')19} | awk '/^Address:/ && !/#/ {print $2}')89 | awk '/^Address:/ && !/#/ {print $2}')8 | awk '/^Address:/ && !/#/ {print $2}')9w | awk '/^Address:/ && !/#/ {print $2}')20w | awk '/^Address:/ && !/#/ {print $2}')1 | awk '/^Address:/ && !/#/ {print $2}')2| awk '/^Address:/ && !/#/ {print $2}')1 | awk '/^Address:/ && !/#/ {print $2}')0 | awk '/^Address:/ && !/#/ {print $2}')19$ | awk '/^Address:/ && !/#/ {print $2}')20${ | awk '/^Address:/ && !/#/ {print $2}')

[2023/06/08 3:38:42.208 PM] echo "${a}"
[2023/06/08 3:38:42.208 PM] echo "$result"1} | awk '/^Address:/ && !/#/ {print $2}')

[2023/06/08 3:38:42.281 PM] echo"${a}"
[2023/06/08 3:38:42.282 PM] echo"$result"{}21a} | awk '/^Address:/ && !/#/ {print $2}')a}2^[  {a}4,21全部::wq"kad09_4.sh" 7L, 141B 已寫入
[2023/06/08 3:38:45.127 PM] %                                                                                
[2023/06/08 3:38:45.162 PM] ~ ❯ 6m 22svim kad09_4.shtouch kad09_4.shvim kad09_4.sh   kad09_4.sh v kad09_4.sh  kad09_4.sh b kad09_4.shba kad09_4.shs kad09_4.shh kad09_4.sh
[2023/06/08 3:42:48.206 PM] www.cisco.com
[2023/06/08 3:42:53.713 PM] Input search url: www.cisco.com
[2023/06/08 3:42:53.713 PM] IP address: 104.119.245.95
[2023/06/08 3:42:53.713 PM] %                                                                                
[2023/06/08 3:42:53.747 PM] ~ ❯ 6sttouch kad09_4.shtouch kad09_4.sh.sh X.sh
[2023/06/08 3:44:38.308 PM] %                                                                                
[2023/06/08 3:44:38.337 PM] ~ ❯ ccat kad09_1.shcat kad09_1.sh kad09_2.sh kad09_3.sh kad09_4.sh
[2023/06/08 3:44:59.179 PM] Ubuntu
[2023/06/08 3:44:59.179 PM] debian
[2023/06/08 3:44:59.179 PM] Redhat
[2023/06/08 3:44:59.179 PM] CentOS
[2023/06/08 3:44:59.179 PM] Fedora
[2023/06/08 3:44:59.179 PM] #!bin/bash
[2023/06/08 3:44:59.179 PM] #
[2023/06/08 3:44:59.179 PM] ls -al | awk '
[2023/06/08 3:44:59.179 PM] BEGIN{
[2023/06/08 3:44:59.179 PM]   x = 0
[2023/06/08 3:44:59.179 PM]   y = 0
[2023/06/08 3:44:59.179 PM] }
[2023/06/08 3:44:59.179 PM] {
[2023/06/08 3:44:59.179 PM]  x++
[2023/06/08 3:44:59.179 PM]  y+=$5
[2023/06/08 3:44:59.179 PM] }
[2023/06/08 3:44:59.179 PM] END{
[2023/06/08 3:44:59.179 PM]     print "number of files: " x " capacity: " y " bites" 
[2023/06/08 3:44:59.179 PM] }
[2023/06/08 3:44:59.179 PM] '

[2023/06/08 3:44:59.179 PM] ps aux | awk '
[2023/06/08 3:44:59.179 PM] BEGIN{
[2023/06/08 3:44:59.179 PM]  a = 0
[2023/06/08 3:44:59.179 PM]  b = 0
[2023/06/08 3:44:59.180 PM] }
[2023/06/08 3:44:59.180 PM] {
[2023/06/08 3:44:59.180 PM]  a+=$3
[2023/06/08 3:44:59.180 PM]  b+=$4
[2023/06/08 3:44:59.180 PM] }
[2023/06/08 3:44:59.180 PM] END{
[2023/06/08 3:44:59.180 PM]  printf("CPU: %.2f%% Memory%.2f%% in use",a,b)
[2023/06/08 3:44:59.180 PM] }
[2023/06/08 3:44:59.180 PM] '

[2023/06/08 3:44:59.180 PM] cat: kad09_3.sh: No such file or directory
[2023/06/08 3:44:59.180 PM] #!/bin/bash

[2023/06/08 3:44:59.181 PM] read a
[2023/06/08 3:44:59.181 PM] result=$(nslookup $a | awk '/^Address:/ && !/#/ {print $2}')

[2023/06/08 3:44:59.181 PM] echo "Input search url: ${a}"
[2023/06/08 3:44:59.181 PM] echo "IP address: $result"
[2023/06/08 3:44:59.181 PM] %                                                                                
[2023/06/08 3:44:59.208 PM] ~ ❯ ~ ❯ ~ ❯ eeewq  e  vvim kad09_4.shvim kad09_4.sh.sh X.sh
[2023/06/08 3:45:59.903 PM] "kad09_X.sh" 0L, 0B▽             ~                                                                               ~                                                                               ~                                                                               ~                                                                               ~                                                                               ~                                                                               ~                                                                               ~                                                                               ~                                                                               ~                                                                               ~                                                                               ~                                                                               ~                                                                               ~                                                                               ~                                                                               ~                                                                               ~                                                                               ~                                                                               ~                                                                               ~                                                                               ~                                                                               ~                                                                               ~                                                                               ~                                                                               ~                                                                               ~                                                                               ~                                                                               ~                                                                               ~                                                                               ~                                                                               ~                                                                               ~                                                                               ~                                                                               ~                                                                               ~                                                                               ~                                                                               ~                                                                               ~                                                                               ~                                                                               ~                                                                               ~                                                                               ~                                                                               ~                                                                               ~                                                                               0,0-1全部i -- 插入 --0,1全部Ubuntu
[2023/06/08 3:46:02.234 PM] debianRedhatCentOSFedora#!bin/bash#ls -al | awk '
[2023/06/08 3:46:02.234 PM] BEGIN{  x = 0  y = 0}{ x++ y+=$5}END{    print "number of files: " x " capacity: " y " bites"
[2023/06/08 3:46:02.234 PM] }'ps aux | awk 'BEGIN{ a = 0
[2023/06/08 3:46:02.239 PM]  b = 0}{ a+=$3 b+=$4}END{ printf("CPU: %.2f%% Memory%.2f%% in use",a,b)
[2023/06/08 3:46:02.240 PM] }'cat: kad09_3.sh: No such file or directory
[2023/06/08 3:46:02.240 PM] #!/bin/bashread aresult=$(nslookup $a | awk '/^Address:/ && !/#/ {print $2}')echo "Input search url: ${a}"echo "IP address: $result"43,2743,27全部43,27全部43,27全部43,27全部43,27全部43,27全部43,27全部43,27全部43,27全部43,27全部43,27全部43,27全部43,27全部43,27全部43,27全部43,27全部43,27全部7,2  (插入)- 選取 --17,2全部2bin/bash 
[2023/06/08 3:46:04.955 PM] # 6!1~@k3  Fedora 
[2023/06/08 3:46:07.121 PM] #5~@k4  CentOS 
[2023/06/08 3:46:07.352 PM] F4~@k5  Redhat 
[2023/06/08 3:46:07.531 PM] C3~@k4  edhatC4~@k4  e2~@k3  ntOSFe5~@k2  dora#!6~@k1  bin/bash#7~@k2   
[2023/06/08 3:46:08.909 PM] l8~@k2  s3~@k2   4~@k1  ls 7,2^[1 ^[   插入 )--7,2全部16271654321Ubuntu2,1全部1#2!3b4i5n6/7b8a9s10h12,7 34567,118,2 1
[2023/06/08 3:46:24.149 PM] #!bin/bash~                                                                               7,11全部6,7 7,1全部8910,112{


[2023/06/08 3:46:26.337 PM] }3{


[2023/06/08 3:46:26.420 PM] }
[2023/06/08 3:46:26.420 PM] {


[2023/06/08 3:46:26.420 PM] }4{


[2023/06/08 3:46:26.503 PM] }56{


[2023/06/08 3:46:26.670 PM] }7{


[2023/06/08 3:46:26.754 PM] }89{

[2023/06/08 3:46:26.920 PM] }20{

[2023/06/08 3:46:27.003 PM] }123456{


[2023/06/08 3:46:27.503 PM] }7{


[2023/06/08 3:46:27.587 PM] }
[2023/06/08 3:46:27.587 PM] {


[2023/06/08 3:46:27.587 PM] }8{


[2023/06/08 3:46:27.670 PM] }930{


[2023/06/08 3:46:27.837 PM] }1{


[2023/06/08 3:46:27.920 PM] }23{

[2023/06/08 3:46:28.188 PM] }4{

[2023/06/08 3:46:28.390 PM] }567898~                                                                               ~                                                                               ~                                                                               38,1底端~                                                                               ~                                                                               ~                                                                               38,1底端~                                                                               ~                                                                               ~                                                                               38,1底端~                                                                               ~                                                                               ~                                                                               38,1底端~                                                                               ~                                                                               ~                                                                               38,1底端~                                                                               ~                                                                               ~                                                                               38,1底端~                                                                               ~                                                                               ~                                                                               38,1底端~                                                                               ~                                                                               ~                                                                               38,1底端~                                                                               ~                                                                               ~                                                                               ~                                                                               ~                                                                               ~                                                                               38,1底端~                                                                               ~                                                                               ~                                                                               ~                                                                               ~                                                                               ~                                                                               42,1底端~                                                                               ~                                                                               ~                                                                               ~                                                                               ~                                                                               ~                                                                               44,1底端
[2023/06/08 3:46:45.735 PM] ~                                                                               44,1底端44,1底端44,1底端44,1底端44,1底端44,1底端44,1底端44,1底端44,1底端44,1底端44,1底端44,1底端44,1底端result=$(nslookup $a | awk '/^Address:/ && !/#/ {print $2}')

[2023/06/08 3:46:46.482 PM] echo "Input search url: ${a}"44,1底端#!/bin/bash

[2023/06/08 3:46:46.582 PM] read a44,1底端^[  44,1底端'

[2023/06/08 3:46:48.815 PM] cat: kad09_3.sh: No such file or directory44,1底端END{
[2023/06/08 3:46:48.832 PM]  printf("CPU: %.2f%% Memory%.2f%% in use",a,b)
[2023/06/08 3:46:48.832 PM] }44,1底端 a+=$3
[2023/06/08 3:46:48.855 PM]  b+=$4
[2023/06/08 3:46:48.855 PM] }44,1底端 b = 0
[2023/06/08 3:46:48.872 PM] }
[2023/06/08 3:46:48.872 PM] {44,1底端ps aux | awk '
[2023/06/08 3:46:48.888 PM] BEGIN{
[2023/06/08 3:46:48.888 PM]  a = 044,1底端}
[2023/06/08 3:46:48.904 PM] '44,1底端}
[2023/06/08 3:46:48.919 PM] END{
[2023/06/08 3:46:48.919 PM]     print "number of files: " x " capacity: " y " bites"44,1底端{
[2023/06/08 3:46:48.936 PM]  x++
[2023/06/08 3:46:48.936 PM]  y+=$544,1底端  x = 0
[2023/06/08 3:46:48.952 PM]   y = 0
[2023/06/08 3:46:48.952 PM] }44,1底端#!bin/bash
[2023/06/08 3:46:48.969 PM] ls -al | awk '
[2023/06/08 3:46:48.969 PM] BEGIN{44,1底端i -- 插入 --44,1底端21esult"0esult"19201234543210198765432109 8765ech4321~                                                                               3,30{}29{87$654321019^[  43,18底端::wq"kad09_X.sh" 43L, 438B 已寫入
[2023/06/08 3:46:59.967 PM] %                                                                                
[2023/06/08 3:47:00.002 PM] ~ ❯ 1m 0srrm kad01 9_X.sh
[2023/06/08 3:47:08.797 PM] %                                                                                
[2023/06/08 3:47:08.827 PM] ~ ❯ ttouch kad09_X.shtouc            h kad09_X.shh kad09_X.sh.sh 3.sh
[2023/06/08 3:47:44.543 PM] %                                                                                
[2023/06/08 3:47:44.570 PM] ~ ❯ vvim kad09_X.shvm            in  v vim kad09_X.shvim kad09_X.sh.sh 3.sh
[2023/06/08 3:47:51.093 PM] "kad09_3.sh" 0L, 0B▽             ~                                                                               ~                                                                               ~                                                                               ~                                                                               ~                                                                               ~                                                                               ~                                                                               ~                                                                               ~                                                                               ~                                                                               ~                                                                               ~                                                                               ~                                                                               ~                                                                               ~                                                                               ~                                                                               ~                                                                               ~                                                                               ~                                                                               ~                                                                               ~                                                                               ~                                                                               ~                                                                               ~                                                                               ~                                                                               ~                                                                               ~                                                                               ~                                                                               ~                                                                               ~                                                                               ~                                                                               ~                                                                               ~                                                                               ~                                                                               ~                                                                               ~                                                                               ~                                                                               ~                                                                               ~                                                                               ~                                                                               ~                                                                               ~                                                                               ~                                                                               ~                                                                               0,0-1全部s cl  -- 插入 --0,1全部e1,2d34321s2e3d45d65-6-e78s9/10-1/2/3g45p6h7o8n9e20.1d2a3t42,1 1sed -e s/-//g phone.dat2,1全部1f2o3for
[2023/06/08 3:49:16.760 PM] sed -e45i67i8in
[2023/06/08 3:49:18.937 PM] sed -e910$1$@22,2-9全部1  d2do
[2023/06/08 3:49:23.763 PM] sed -e3121 for i in $@2234,13,2 ed -e s/-//g phone.dat3ed -e s/-//g phone.dat21 sed -e s/-//g phone.dat24,1~                                                                               3,254321019876$7${8}{}98@}@}920{198@78
[2023/06/08 3:49:47.381 PM]  4,2 1d2do3don4done55,1^[  5,0-1全部::WqE492: 不是編輯器的命令: Wq5,0-1全部^[  ^[  ::wq"kad09_3.sh" 5L, 40B 已寫入
[2023/06/08 3:49:58.264 PM] %                                                                                
[2023/06/08 3:49:58.299 PM] ~ ❯ 2m 7svim kad09_3.shtouch kad09_3.shrm kad09_X.sh   vim kad09_X.shcat1 kad09_2.sh kad09_3.sh kad09_4.sh > d d kad09. _x.sh
[2023/06/08 3:53:53.763 PM] %                                                                                
[2023/06/08 3:53:53.797 PM] ~ ❯ 