[2023/06/01 2:31:58.399 PM] Last login: Thu Jun  1 14:31:43 on ttys000

[2023/06/01 2:31:58.433 PM] ~ ❯ %                                                                               ~ ❯ hhistory -c 
[2023/06/01 2:32:03.602 PM] History file deleted.
[2023/06/01 2:32:03.602 PM] %                                                                                
[2023/06/01 2:32:03.631 PM] ~ ❯ ttouch kad08_1.sh
[2023/06/01 2:32:11.247 PM] %                                                                                
[2023/06/01 2:32:11.277 PM] ~ ❯ vvim kad08_1.sh
[2023/06/01 2:32:19.761 PM] "kad08_1.sh" 0L, 0B▽             ~                                                                               ~                                                                               ~                                                                               ~                                                                               ~                                                                               ~                                                                               ~                                                                               ~                                                                               ~                                                                               ~                                                                               ~                                                                               ~                                                                               ~                                                                               ~                                                                               ~                                                                               ~                                                                               ~                                                                               ~                                                                               ~                                                                               ~                                                                               ~                                                                               ~                                                                               ~                                                                               0,0-1全部i -- 插入 --0,1全部w1,2h3o4a5m6i7whoami=8"9"109 S"10K"12"2A"3a"40"53"672,1 3e2h3c4o5432c3o43h4p5o67654echo5 6"7"8 987L"8o"9g"10i"1n"2g"3 "4"3"2"1n"2 "3u"4s"5e"6r"7 "8n"9a"20m"1e"2 "3i"4s"5 "6$"7${"8}"{}98w}"w}9h}"h}30o}"o}1a}"a}2m}"m}3i}"i}45{whoami}6^[  3,35全部::wq"kad08_1.sh" 3L, 54B 已寫入
[2023/06/01 2:32:59.511 PM] %                                                                                
[2023/06/01 2:32:59.539 PM] ~ ❯ 40svim kad08_1.shtouch kad08_1.shvim kad08_1.sh                vim kad08_1.sh kad08_1.sh v kad08_1.sh  kad08_1.sh b kad08_1.shba kad08_1.shs kad08_1.shh kad08_1.sh
[2023/06/01 2:33:07.635 PM] Login user name is SK2Aa03
[2023/06/01 2:33:07.635 PM] %                                                                                
[2023/06/01 2:33:07.663 PM] ~ ❯ bash kad08_1.shvim kad08_1.sh touch kad08_1.shvim kad08_1.sh   h  sh   .sh    1.sh     _1.sh      8_1.sh       08_1.sh        d08_1.sh         ad08_1.sh          kad08_1.sh           kad08_1.sh            m kad08_1.shv             vim kad08_1.sh              bbash kad08_1.shbash kad08_1.shh h h h h h h h h h   kad08_1.shh            bh h thtohch  uch kad08_1.shuch kad08_1.sh.sh 2.sh
[2023/06/01 2:33:30.961 PM] %                                                                                
[2023/06/01 2:33:30.988 PM] ~ ❯ vvim kad08_1.shvim kad08_1.sh.sh 2.sh
[2023/06/01 2:33:35.997 PM] "kad08_2.sh" 0L, 0B▽             ~                                                                               ~                                                                               ~                                                                               ~                                                                               ~                                                                               ~                                                                               ~                                                                               ~                                                                               ~                                                                               ~                                                                               ~                                                                               ~                                                                               ~                                                                               ~                                                                               ~                                                                               ~                                                                               ~                                                                               ~                                                                               ~                                                                               ~                                                                               ~                                                                               ~                                                                               ~                                                                               0,0-1全部s cl  -- 插入 --0,1全部i1,21s2s321x21x213x1=4"5"65Login user is"1892,1 221x223x2=4"5"65Default shell is"2123,1 x233x3=4"5"65Current directory is"2564,1 5w2h3o4a5m6i7whoami=8K9S109 8S9K109 8"9"109 S"10L"1"0K"1A"2"12"2A"30"43"566,1 7e2h3c4e5432c3h4echo5 6"7"87$"8${"9}"{}109 x}"x}101}"1}12 "{x1}3U"4S"5E"6R"7876543$USER"4{USER"56789}"{}20{USER}1{}0192019}"}"8}"}"7}"}"6}"}"5w}"w}6h}"h}7o}"o}8a}"a}9m}"m}20i}"i}12{whoami}38,1 e2h3c4o5432c3h4echo5 6"7"87$"8${"9}"{}109 x}"x}101}"1}1}"}"02}"2}12 "{x2}3$"4${"5}"{}65S}"S}6H}"H}7E}"E}8L}"L}9L}"L}201{SHELL}29,1 e2c3h4echo5 6"7"8 987$" 8${" 9}" {}109 x}" x}103}" 3}12 " {x3}3$" 4${" 5}" {}65P}" P}6W}" W}7D}" D}89^[  9,18全部::wq"kad08_2.sh" 9L, 151B 已寫入
[2023/06/01 2:36:08.126 PM] %                                                                                
[2023/06/01 2:36:08.159 PM] ~ ❯ 2m 32svim kad08_2.shtouch kad08_2.shbash kad08_1.sh .sh 2.sh
[2023/06/01 2:36:11.361 PM] Login user is SK2A03
[2023/06/01 2:36:11.361 PM] Default shell is /bin/zsh
[2023/06/01 2:36:11.361 PM] Current directory is /Users/cyrusman
[2023/06/01 2:36:11.361 PM] %                                                                                
[2023/06/01 2:36:11.388 PM] ~ ❯ ttouch kad08_2.shtouch kad08_2.sh.sh 3.sh
[2023/06/01 2:36:41.352 PM] %                                                                                
[2023/06/01 2:36:41.381 PM] ~ ❯ vvim kad08_2.shvim kad08_2.sh.sh 3.sh
[2023/06/01 2:36:47.993 PM] "kad08_3.sh" 0L, 0B▽             ~                                                                               ~                                                                               ~                                                                               ~                                                                               ~                                                                               ~                                                                               ~                                                                               ~                                                                               ~                                                                               ~                                                                               ~                                                                               ~                                                                               ~                                                                               ~                                                                               ~                                                                               ~                                                                               ~                                                                               ~                                                                               ~                                                                               ~                                                                               ~                                                                               ~                                                                               ~                                                                               0,0-1全部i -- 插入 --0,1全部s1,21i2s321i2if3if[4][]54 ] ]5$]$]6$a]a]7 ] ]8]]7if[]65$a][]4[]5[]6=]=]7"]"]8"]"]9if[]8h"]9if[]1010if[]9 898765[]43[]21if[$a="h"]21e2c3h4echo5 6"
[2023/06/01 2:40:01.130 PM] if[=]7"
[2023/06/01 2:40:01.330 PM] if[=]87
[2023/06/01 2:40:07.423 PM] if[]2,11if[]1,8 7Input y or n:"2012,1全部r2e3a4read56y7389"]8Y"]9if[]101
[2023/06/01 2:40:35.157 PM]         []4,2-91  2-9t3-10h4-11e5-12then6-137-14e8-15c9-16h10-171-180-17echo1-18 2-19"3-20"4-213-20O"4-21K"5-226-23
[2023/06/01 2:40:43.975 PM]                 5,3-17 2-9 1  e2l3i4g5f654elif5[6][]76$]$]76 $][ $7[ $]8$y]y]9 ] ]10=]=]1"]"]2"]"]3[]2B"]3"]2[]343[]2n"]34,6-13[]3,11  0if[]9 "]8y"]9876$="y"]5$y="y"]64,12-93-105,10  123[]45
[2023/06/01 2:41:42.343 PM]         []6,2-9r3-10h4-113-102-9 t3-10h4-11e5-12then   6c7h8o987e876e7c8h9echo10 1"2"32N"3G"4[]5[]4,7-146-135-124-113-102-9 then echo "OK"1  
[2023/06/01 2:41:59.517 PM] if[$y="y"]then echo "OK"~                                                                               3,11全部[]then echo "OK"4,1全部[]
[2023/06/01 2:42:00.898 PM] 23456thenecho "OK"5then echo "OK"6[]5[]67891012345
[2023/06/01 2:42:08.246 PM]         7,2-91  e2h3c432l3s4else56e7c8h9echo10 1"2"32Please input y or n."36,154321"NG"071"Please input y or n."06541"OK"07,32
[2023/06/01 2:42:29.584 PM]         8,2-91,21 2,7 3,1全部456789f2fi38,239,3 ^[  9,2全部::wq"kad08_3.sh" 9L, 118B 已寫入
[2023/06/01 2:42:48.172 PM] %                                                                                
[2023/06/01 2:42:48.199 PM] ~ ❯ 6m 0sbbash kad08_2.shbash kad08_2.sh.sh 3.sh
[2023/06/01 2:43:00.605 PM] Input y or n:
[2023/06/01 2:43:02.521 PM] y
[2023/06/01 2:43:03.015 PM] kad08_3.sh: line 4: if[y=y]: command not found
[2023/06/01 2:43:03.015 PM] kad08_3.sh: line 5: syntax error near unexpected token `then'
[2023/06/01 2:43:03.015 PM] kad08_3.sh: line 5: `then echo"OK"'
[2023/06/01 2:43:03.015 PM] %                                                                                
[2023/06/01 2:43:03.046 PM] ~ ❯ bash kad08_3.shvim kad08_3.sh 
[2023/06/01 2:43:09.829 PM] "kad08_3.sh" 9L, 118B▽             echo "Input y or n:"
[2023/06/01 2:43:09.835 PM] read yif[$y="y"]
[2023/06/01 2:43:09.835 PM] then echo"OK"
[2023/06/01 2:43:09.835 PM] elif[ $y ="n"]
[2023/06/01 2:43:09.835 PM] then echo"NG"
[2023/06/01 2:43:09.835 PM] else echo"Please input y or n."
[2023/06/01 2:43:09.835 PM] fi
[2023/06/01 2:43:09.835 PM] ~                                                                               ~                                                                               ~                                                                               ~                                                                               ~                                                                               ~                                                                               ~                                                                               ~                                                                               ~                                                                               ~                                                                               ~                                                                               ~                                                                               ~                                                                               ~                                                                               ~                                                                               1,1全部~@k   2~@k   2~@k   3,0-1~@k   4,2  ~@k   []3~@k   f[]2~@k   1~@k   2i -- 插入 --4,2全部f[]3[$y="y"][$]2[$y="y"][$]1i[$y="y"]i["]2g[$y="y"]ig["]3[$y="y"][$]2f[$y="y"]if["]343[$y="y"][$]2[$y="y"][$]1I[$y="y"]I["]2f[$y="y"]If["]34[]5[]43[$y="y"][$]2[$y="y"][$]1i[$y="y"]i["]2g[$y="y"]ig["]3[$y="y"][$]2f[$y="y"]if["]34[]5673,1
[2023/06/01 2:43:24.137 PM] read y~                                                                               2,7全部345678,37,276,14[]5,15[]4,14[]5,154[]321 "n"]234[]5 ] ]6[]4,143[]3,110 ] ]1if[]09 87 "y" ]876 = "y" ]765[]4 $y = "y" ]if[ 5[]4[]524,143210 "OK"1560 "NG"170 "Please input y or n."18,3 ^[  8,2全部::wq"kad08_3.sh" 8L, 126B 已寫入
[2023/06/01 2:44:21.853 PM] %                                                                                
[2023/06/01 2:44:21.887 PM] ~ ❯ 1m 12svim kad08_3.shbash kad08_3.shvim kad08_3.sh bash kad08_3.sh
[2023/06/01 2:44:24.265 PM] Input y or n:
[2023/06/01 2:44:26.539 PM] y
[2023/06/01 2:44:27.112 PM] kad08_3.sh: line 3: if[ y = y ]: command not found
[2023/06/01 2:44:27.112 PM] kad08_3.sh: line 4: syntax error near unexpected token `then'
[2023/06/01 2:44:27.112 PM] kad08_3.sh: line 4: `then echo "OK"'
[2023/06/01 2:44:27.112 PM] %                                                                                
[2023/06/01 2:44:27.143 PM] ~ ❯ bash kad08_3.shvim kad08_3.sh 
[2023/06/01 2:44:30.345 PM] "kad08_3.sh" 8L, 126B▽             echo "Input y or n:"
[2023/06/01 2:44:30.350 PM] read yif[ $y = "y" ]then echo "OK"
[2023/06/01 2:44:30.350 PM] elif[ $y = "n" ]
[2023/06/01 2:44:30.350 PM] then echo "NG"
[2023/06/01 2:44:30.350 PM] else echo "Please input y or n."
[2023/06/01 2:44:30.350 PM] fi
[2023/06/01 2:44:30.350 PM] ~                                                                               ~                                                                               ~                                                                               ~                                                                               ~                                                                               ~                                                                               ~                                                                               ~                                                                               ~                                                                               ~                                                                               ~                                                                               ~                                                                               ~                                                                               ~                                                                               ~                                                                               ~                                                                               1,1全部2,6a -- 插入 --2,7全部i876a73$ = "y" ]6$a = "y" ]74589$ = "n" ]8$a = "n" ]9^[  5,8全部::WqE492: 不是編輯器的命令: Wq5,8全部::wq"kad08_3.sh" 8L, 126B 已寫入
[2023/06/01 2:44:44.615 PM] %                                                                                
[2023/06/01 2:44:44.650 PM] ~ ❯ 14svim kad08_3.shbash kad08_3.sh
[2023/06/01 2:44:46.458 PM] Input y or n:
[2023/06/01 2:44:47.825 PM] y
[2023/06/01 2:44:48.178 PM] kad08_3.sh: line 3: if[ y = y ]: command not found
[2023/06/01 2:44:48.178 PM] kad08_3.sh: line 4: syntax error near unexpected token `then'
[2023/06/01 2:44:48.178 PM] kad08_3.sh: line 4: `then echo "OK"'
[2023/06/01 2:44:48.178 PM] %                                                                                
[2023/06/01 2:44:48.203 PM] ~ ❯ bash kad08_3.shvim kad08_3.sh 
[2023/06/01 2:44:58.819 PM] "kad08_3.sh" 8L, 126B▽             echo "Input y or n:"
[2023/06/01 2:44:58.825 PM] read aif[ $a = "y" ]then echo "OK"
[2023/06/01 2:44:58.825 PM] elif[ $a = "n" ]
[2023/06/01 2:44:58.825 PM] then echo "NG"
[2023/06/01 2:44:58.825 PM] else echo "Please input y or n."
[2023/06/01 2:44:58.825 PM] fi
[2023/06/01 2:44:58.826 PM] ~                                                                               ~                                                                               ~                                                                               ~                                                                               ~                                                                               ~                                                                               ~                                                                               ~                                                                               ~                                                                               ~                                                                               ~                                                                               ~                                                                               ~                                                                               ~                                                                               ~                                                                               ~                                                                               1,1全部4,14[]3~@k   if[]3~@k   2~@k   3~@k   if[]4~@k   ~@k   <20>    []4,1 d~@k    
[2023/06/01 2:45:55.022 PM] if[ $a = "y" ]then echo "OK"~                                                                               3,15全部^M  4,1 ^M  5~@k   4i -- 插入 --4,1全部[]3,14]then echo "OK"4,2-9全部]3-102-9 ]then echo "OK"]t1  
[2023/06/01 2:46:04.547 PM] if[ $a = "y" ]then echo "OK"
[2023/06/01 2:46:04.547 PM] e~                                                                               3,14全部]
[2023/06/01 2:46:04.547 PM] e5then echo "OK"4,1全部[]
[2023/06/01 2:46:06.841 PM] dthen echo "OK"2then echo "OK"13223
[2023/06/01 2:46:09.901 PM] if[]34[]5678910123if[]45if[]6|7|89876|| if[]5if[]67d8 7[
[2023/06/01 2:46:18.920 PM] then echo 
[2023/06/01 2:46:18.920 PM] elif
[2023/06/01 2:46:18.920 PM] then echo 
[2023/06/01 2:46:18.920 PM] else echo 
[2023/06/01 2:46:18.920 PM] fi8]
[2023/06/01 2:46:19.474 PM] then echo 
[2023/06/01 2:46:19.474 PM] elif
[2023/06/01 2:46:19.474 PM] then echo 
[2023/06/01 2:46:19.474 PM] else echo 
[2023/06/01 2:46:19.474 PM] fi[]98 ] ]9$]$]20$a]a]1 ] ]2=]=]3 ] ]4"] 
[2023/06/01 2:46:25.309 PM] then echo "OK
[2023/06/01 2:46:25.309 PM] elif[  = "n" ]
[2023/06/01 2:46:25.309 PM] then echoNG
[2023/06/01 2:46:25.309 PM] else echoPlease input y or n.
[2023/06/01 2:46:25.309 PM] fi"]5"]
[2023/06/01 2:46:25.445 PM] then echo"OK
[2023/06/01 2:46:25.445 PM] elif[  = "n" ]
[2023/06/01 2:46:25.445 PM] then echoNG
[2023/06/01 2:46:25.445 PM] else echoPlease input y or n.
[2023/06/01 2:46:25.445 PM] fi"]6[]5Y"]6[]7 ] ]89[]4,15[]5,17|[]8|92019[
[2023/06/01 2:46:31.814 PM] then echo 
[2023/06/01 2:46:31.814 PM] else echo 
[2023/06/01 2:46:31.814 PM] fi20]
[2023/06/01 2:46:31.895 PM] then echo 
[2023/06/01 2:46:31.895 PM] else echo 
[2023/06/01 2:46:31.895 PM] fi[]10[]
[2023/06/01 2:46:48.831 PM] then echo 
[2023/06/01 2:46:48.831 PM] else echo 
[2023/06/01 2:46:48.831 PM] fi[]1]
[2023/06/01 2:46:48.903 PM] then echo 
[2023/06/01 2:46:48.904 PM] else echo 
[2023/06/01 2:46:48.904 PM] fi[[]]2[[]]1[[]]2then echo 
[2023/06/01 2:46:51.554 PM] else echo 
[2023/06/01 2:46:51.554 PM] fi[[]1]then echo 
[2023/06/01 2:46:51.974 PM] else echo 
[2023/06/01 2:46:51.974 PM] fi[010 ] ]1$]$]2$a]a]3 ] ]4[]32123[]4=]=]5 ] ]6"]
[2023/06/01 2:46:59.534 PM] then echo "NG
[2023/06/01 2:46:59.534 PM] else echoPlease input y or n.
[2023/06/01 2:46:59.534 PM] fi"]7"]
[2023/06/01 2:46:59.979 PM] then echo"NG
[2023/06/01 2:46:59.979 PM] else echoPlease input y or n.
[2023/06/01 2:46:59.979 PM] fi"]8[]7N"]8^[  5,27全部::wq"kad08_3.sh" 8L, 154B 已寫入
[2023/06/01 2:47:03.730 PM] %                                                                                
[2023/06/01 2:47:03.763 PM] ~ ❯ 2m 5svim kad08_3.shbash kad08_3.sh
[2023/06/01 2:47:05.163 PM] Input y or n:
[2023/06/01 2:47:06.962 PM] y
[2023/06/01 2:47:07.165 PM] kad08_3.sh: line 3: if[ y = y ]: command not found
[2023/06/01 2:47:07.165 PM] kad08_3.sh: line 4: syntax error near unexpected token `then'
[2023/06/01 2:47:07.165 PM] kad08_3.sh: line 4: `then echo "OK"'
[2023/06/01 2:47:07.165 PM] %                                                                                
[2023/06/01 2:47:07.195 PM] ~ ❯ bash kad08_3.shvim kad08_3.sh 
[2023/06/01 2:47:18.948 PM] "kad08_3.sh" 8L, 154B▽             echo "Input y or n:"
[2023/06/01 2:47:18.954 PM] read aif[ $a = "y" ]||[ $a = "Y" ] then echo "OK"
[2023/06/01 2:47:18.954 PM] elif[ $a = "n" ]||[ $a = "N"]
[2023/06/01 2:47:18.954 PM] then echo "NG"
[2023/06/01 2:47:18.954 PM] else echo "Please input y or n."
[2023/06/01 2:47:18.954 PM] fi
[2023/06/01 2:47:18.954 PM] ~                                                                               ~                                                                               ~                                                                               ~                                                                               ~                                                                               ~                                                                               ~                                                                               ~                                                                               ~                                                                               ~                                                                               ~                                                                               ~                                                                               ~                                                                               ~                                                                               ~                                                                               ~                                                                               1,1全部2,6~@k   ^M  3,1^M  4~@k   3i -- 插入 --3,1全部if[ $a = "y" ]||[ $a = "Y" ]4,1全部32342f[]3if [ $a = "y" ]||[ $a = "Y" ]
[2023/06/01 2:47:41.561 PM] then
[2023/06/01 2:47:41.561 PM] elif||
[2023/06/01 2:47:41.561 PM] then
[2023/06/01 2:47:41.561 PM] else
[2023/06/01 2:47:41.561 PM] fi [ ]4[]55[]6[]5[]6[]789,3^[  9,2全部::wq"kad08_3.sh" 9L, 156B 已寫入
[2023/06/01 2:47:49.980 PM] %                                                                                
[2023/06/01 2:47:50.013 PM] ~ ❯ 31svim kad08_3.shbash kad08_3.sh
[2023/06/01 2:47:52.378 PM] Input y or n:
[2023/06/01 2:47:53.847 PM] y
[2023/06/01 2:47:54.328 PM] kad08_3.sh: line 7: syntax error near unexpected token `then'
[2023/06/01 2:47:54.328 PM] kad08_3.sh: line 7: `then echo "NG"'
[2023/06/01 2:47:54.328 PM] %                                                                                
[2023/06/01 2:47:54.355 PM] ~ ❯ bash kad08_3.shvim kad08_3.sh 
[2023/06/01 2:48:04.064 PM] "kad08_3.sh" 9L, 156B▽             echo "Input y or n:"
[2023/06/01 2:48:04.069 PM] read aif [ $a = "y" ]||[ $a = "Y" ]
[2023/06/01 2:48:04.069 PM] then echo "OK"
[2023/06/01 2:48:04.069 PM] elif[ $a = "n" ]||[ $a = "N"]
[2023/06/01 2:48:04.070 PM] then echo "NG"
[2023/06/01 2:48:04.070 PM] else echo "Please input y or n."
[2023/06/01 2:48:04.070 PM] fi
[2023/06/01 2:48:04.070 PM] ~                                                                               ~                                                                               ~                                                                               ~                                                                               ~                                                                               ~                                                                               ~                                                                               ~                                                                               ~                                                                               ~                                                                               ~                                                                               ~                                                                               ~                                                                               ~                                                                               ~                                                                               1,1全部~@k   2~@k   3,0-1~@k   4,1  ~@k   5~@k   2~@k   3~@k   6~@k   4~@k   []5<20>    []6i -- 插入 --6,6全部[]5 [ $a = "n" ]||[ $a = "N"] [ ]6[]78787[]6[]54[]5[]6789101234[]56 |[ $a = "Y" ]if []78 |[ $a = "Y" ]9|[ $a = "Y" ] 8[]9 [ $a = "Y" ] [ ]20[]5,15[]6,20[]19[]20[]19[]20 [ $a = "N"] ["]1[]019[]8 | [ $a = "N"]elif []99,3 ^[  9,2全部::wq"kad08_3.sh" 9L, 161B 已寫入
[2023/06/01 2:48:38.832 PM] %                                                                                
[2023/06/01 2:48:38.862 PM] ~ ❯ 35svim kad08_3.shbash kad08_3.sh
[2023/06/01 2:48:40.553 PM] Input y or n:
[2023/06/01 2:48:41.312 PM] y
[2023/06/01 2:48:41.472 PM] OK
[2023/06/01 2:48:41.473 PM] %                                                                                
[2023/06/01 2:48:41.501 PM] ~ ❯ bash kad08_3.sh
[2023/06/01 2:48:46.965 PM] Input y or n:
[2023/06/01 2:48:47.268 PM] n
[2023/06/01 2:48:47.805 PM] NG
[2023/06/01 2:48:47.806 PM] %                                                                                
[2023/06/01 2:48:47.840 PM] ~ ❯ bash kad08_3.sh
[2023/06/01 2:48:49.282 PM] Input y or n:
[2023/06/01 2:48:49.713 PM] a
[2023/06/01 2:48:50.305 PM] kad08_3.sh: line 6: [: missing `]'
[2023/06/01 2:48:50.305 PM] Please input y or n.
[2023/06/01 2:48:50.305 PM] %                                                                                
[2023/06/01 2:48:50.333 PM] ~ ❯ bash kad08_3.shvim kad08_3.sh 
[2023/06/01 2:48:58.455 PM] "kad08_3.sh" 9L, 161B▽             echo "Input y or n:"
[2023/06/01 2:48:58.460 PM] read aif [ $a = "y" ] || [ $a = "Y" ]
[2023/06/01 2:48:58.460 PM] then echo "OK"
[2023/06/01 2:48:58.460 PM] elif [ $a = "n" ] || [ $a = "N"]
[2023/06/01 2:48:58.461 PM] then echo "NG"
[2023/06/01 2:48:58.461 PM] else echo "Please input y or n."
[2023/06/01 2:48:58.461 PM] fi
[2023/06/01 2:48:58.461 PM] ~                                                                               ~                                                                               ~                                                                               ~                                                                               ~                                                                               ~                                                                               ~                                                                               ~                                                                               ~                                                                               ~                                                                               ~                                                                               ~                                                                               ~                                                                               ~                                                                               ~                                                                               1,1全部~@k   2i -- 插入 --2,1全部34565 then echo "OK"261 elif [ $a = "n" ] | [ $a = "N"]271 then echo "NG"281 else echo "Please input y or n."2^[  8,1全部::wq"kad08_3.sh" 9L, 165B 已寫入
[2023/06/01 2:49:39.013 PM] %                                                                                
[2023/06/01 2:49:39.046 PM] ~ ❯ 41svim kad08_3.shbash kad08_3.sh
[2023/06/01 2:49:42.689 PM] Input y or n:
[2023/06/01 2:49:43.049 PM] a
[2023/06/01 2:49:43.451 PM] kad08_3.sh: line 6: [: missing `]'
[2023/06/01 2:49:43.452 PM] Please input y or n.
[2023/06/01 2:49:43.452 PM] %                                                                                
[2023/06/01 2:49:43.479 PM] ~ ❯ bash kad08_3.shvim kad08_3.sh 
[2023/06/01 2:49:50.272 PM] "kad08_3.sh" 9L, 165B▽             echo "Input y or n:"
[2023/06/01 2:49:50.277 PM] read aif [ $a = "y" ] || [ $a = "Y" ]
[2023/06/01 2:49:50.277 PM]  then echo "OK"
[2023/06/01 2:49:50.277 PM]  elif [ $a = "n" ] || [ $a = "N"]
[2023/06/01 2:49:50.278 PM]  then echo "NG"
[2023/06/01 2:49:50.278 PM]  else echo "Please input y or n."
[2023/06/01 2:49:50.278 PM] fi
[2023/06/01 2:49:50.278 PM] ~                                                                               ~                                                                               ~                                                                               ~                                                                               ~                                                                               ~                                                                               ~                                                                               ~                                                                               ~                                                                               ~                                                                               ~                                                                               ~                                                                               ~                                                                               ~                                                                               ~                                                                               1,1全部~@k   2~@k   3,0-1~@k   4,1  ~@k   5~@k   6~@k   7~@k   8~@k   7~@k   2~@k   3~@k   4~@k   5~@k   6~@k   7~@k   8~@k   9~@k   10~@k   1~@k   6~@k   2~@k   3~@k   4~@k   5~@k   6~@k   7~@k   []8~@k   []9~@k   20~@k   1~@k   2~@k   []3~@k   []4~@k   5~@k   6~@k   7~@k   8~@k   9~@k   30~@k   1i -- 插入 --6,31全部2[]3 ] ]4^[  []6,33全部::wq"kad08_3.sh" 9L, 166B 已寫入
[2023/06/01 2:50:21.424 PM] %                                                                                
[2023/06/01 2:50:21.457 PM] ~ ❯ 31svim kad08_3.shbash kad08_3.sh
[2023/06/01 2:50:23.303 PM] Input y or n:
[2023/06/01 2:50:24.126 PM] a
[2023/06/01 2:50:24.372 PM] Please input y or n.
[2023/06/01 2:50:24.372 PM] %                                                                                
[2023/06/01 2:50:24.400 PM] ~ ❯ ~ ❯ ~ ❯ ~ ❯ ttouch kad08_3.shtouch kad08_3.sh4.sh.sh .sh 4.sh
[2023/06/01 3:20:15.570 PM] %                                                                                               
[2023/06/01 3:20:15.599 PM] ~ ❯ vvim kad08_5.shvim kad08_5.sh.sh 4.sh
[2023/06/01 3:20:21.119 PM] "kad08_4.sh" 0L, 0B▽             ~                                                                                              ~                                                                                              ~                                                                                              ~                                                                                              ~                                                                                              ~                                                                                              ~                                                                                              ~                                                                                              ~                                                                                              ~                                                                                              ~                                                                                              ~                                                                                              ~                                                                                              ~                                                                                              ~                                                                                              ~                                                                                              ~                                                                                              ~                                                                                              ~                                                                                              ~                                                                                              ~                                                                                              ~                                                                                              ~                                                                                              0,0-1全部i -- 插入 --0,1全部f1,2o3for4565i67i8in910$1${2}{}3
[2023/06/01 3:20:49.427 PM]         {}2,2-9o3-10f4-113-102-9 d3-10do   4
[2023/06/01 3:20:59.631 PM]         3,2-9d3-10do   don4done562,4e5c6h7echo8 92,9全部2,9全部2,9全部2,9全部2,9全部2,9全部2,9全部2,9全部2,9全部2,9全部2,9全部2,9全部2,9全部2,9全部2,9全部2,9全部2,9全部2,9全部2,9全部2,9全部3,62,98ech76543,2-9全部i3-10if
[2023/06/01 3:22:11.732 PM] done4-11 5-12t6-13e7-14s8-15test9-1610-1701-180-17-1-18-e2-193-20$4-21$i5-226-235-224-213-202-191-180-179-16 8-157-146-135-12[test -e $i
[2023/06/01 3:22:27.126 PM] done6-137-146-13 test -e $i7-148-159-1610-171-182-193-204-215-226-23$]i[]7-24$i [i6-237-24][]8-25[]9-26[]8-257-24 ] ]8-259-26[]20-27[]19-26 [ 8-257-246-235-224-213-202-191-180-179-16 8-157-14test -e $i 6-13test -e $i 
[2023/06/01 3:22:43.505 PM] done5-126-137-148-159-1610-171-182-193-204-215-226-234,9-16全部e10-17h1-18c2-19 1-18 0-17c1-18h2-19echo     3-204-21"
[2023/06/01 3:22:52.801 PM] done 5-22$6-23${ 
[2023/06/01 3:22:54.359 PM] done 7-24}        
[2023/06/01 3:22:54.469 PM] done {}8-25"
[2023/06/01 3:22:55.362 PM] done {}9-26{}8-257-24i}"i}8-259-26{i}20-275,8全部98c9p101k2a3d40586_718.9s20h12k3a4d50687_819.30b1a2k34/56543210123 / 2 / 1 / 0 / 296,6 5,384,20-276,6    543212354567891012345678920123456789301216,1全部f2 fi
[2023/06/01 3:25:56.518 PM] done4-117,6   54321234566,15,64,15,6     cp kad08_1.sh kad08_1 /7-9          cp kad08_1.sh kad08_1 /8-17cp kad08_1.sh kad08_1 /7-9    cp kad08_1.sh kad08_1 /8-109-11  cp kad08_1.sh kad08_1 /10-12  cp kad08_1.sh kad08_1 /1-13  cp kad08_1.sh kad08_1 /2-14  cp kad08_1.sh kad08_1 /3-154-165-176-187-198-209-2120-221-232-243-254-265-276-287-298-309-3130-321-332-343-354-365-376-387-398-40k9-41a40-42d1-4302-4483-45_4-4625-47.6-48s7-49h8-509-51k50-52a1-530-5249-518-507-496-485-474-463-452-441-430-4239-418-407-396-385-37. / kad08_2.sh ka6-38b / kad08_2.sh ka7-39a / kad08_2.sh ka8-40t / kad08_2.sh ka9-4155-57(插入)- 選取 --15,55-57      全部4 ka 2-546sh 0-5282.s48-50108_26-482d084-464kad2-447 / k39-419at 7-3920ba6-3821.b4-3648_12-346d080-327ad29-318ka8-3030h k6-281sh5-272.s4-2631.3-254_12-242 {i}" 
[2023/06/01 3:26:42.153 PM]                cp kad08_4,16-23{5-22$4-21"3-20 2-19o1-18h0-17c9-16  e8-1543echo "${i}"               5,13-152c4-16~@#2  {}" 
[2023/06/01 3:26:44.277 PM]                c4,18-25~@%42 {i}"               c5,14-16"-d   插入 )--5,14-16      全部
[2023/06/01 3:26:52.160 PM]         fi~                                                                                              5,14-16      全部3-152-141-130-129-11 8-107-9 fi       6  543621234565,34-95-106-116,2全部Scaled Account Manager, Digital Natives7,1全部
[2023/06/01 3:27:02.595 PM] Scaled Account Manager, Digital Natives~                                                                                              6,41全部 0 39 8 7 6 5 43 2 1 0 29 8 7 65 4 3 2 1 0 19 8 76 5 4 3 2 1 0 9 8 7 6 5 4 3 23-9c4-10p5-116-12d7-13 6-12k7-13a8-149-158-14d9-15010-1681-17_2-1813-19.4-20s5-21h6-227-23k8-24a9-25d20-2601-2782-28_3-2914-30.5-31b6-32a7-33t8-349-358-349-35/30-361-37k2-38a3-39d4-4005-4186-42_7-4318-44.9-45s40-46h1-472-481-470-4639-458-44.sh 7-432.sh8-449-4540-461-472-48d3-49 2-48k3-49a4-50d5-5106-5287-53_8-5429-55.50-56s1-57 0-56b1-57a2-58t3-594-60/5-616-62d7-63 6-62k7-63a8-64d9-65060-6681-67_2-6833-69.4-70s5-71h6-727-73k8-74a9-75d70-7601-7782-78_3-7934-80.5-81b6-82a7-83t8-844,8-15 7-14e  echo "${i}"8-15  echo "${i}"7-14t  echo "${i}"8-15h  echo "${i}"9-16e  echo "${i}"10-17then  echo "${i}"6-13 7-146-135-124-113-102-9  then  echo "${i}"3-104-113-104-115-126-137-148-159-1610-1732,4    {}1,13do 
[2023/06/01 3:28:10.104 PM]         if test -e  
[2023/06/01 3:28:10.104 PM]          then  echo ""
[2023/06/01 3:28:10.104 PM]         fi
[2023/06/01 3:28:10.104 PM]         cp kad08_1.sh kad08_1.bat / kad08_2.sh kad08_2.bat / kad08_3.sh kad08_3.bat     
[2023/06/01 3:28:10.104 PM] done {2$do 
[2023/06/01 3:28:10.315 PM]         if test -e  
[2023/06/01 3:28:10.315 PM]          then  echo ""
[2023/06/01 3:28:10.315 PM]         fi
[2023/06/01 3:28:10.315 PM]         cp kad08_1.sh kad08_1.bat / kad08_2.sh kad08_2.bat / kad08_3.sh kad08_3.bat     
[2023/06/01 3:28:10.315 PM] done 1$@22,4 3,5-12434-113-102-9 if test -e $i 1   if test -e $i24,15,214        then  echo "${i}"2-9        then  echo "${i}"3-17        then  echo "${i}"4-25 then  echo "${i}"3-17 then  echo "${i}"2-9  then  echo "${i}"1  2-9 then  echo "${i}"1    then  echo "${i}"251
[2023/06/01 3:28:21.159 PM] then  echo "${i}"     fi

[2023/06/01 3:28:21.159 PM] done~                                                                                              4,20全部12-253-262-25fi

[2023/06/01 3:28:22.701 PM] done5,2全部346,23-94-103-9  cp kad08_1.sh kad08_1.bat / kad08_2.sh kad08_2.bat / kad08_3.sh kad08_3.bat    2   cp kad08_1.sh kad08_1.bat / kad08_2.sh kad08_2.bat / kad08_3.sh kad08_3.bat3779-818   7654321069876543210598765432104987654321039876543210298765432101984,22-251   0{}19 "{i}20copy to bak directory."      425,4 6,18765432109 87654321
[2023/06/01 3:28:54.115 PM] fi~                                                                                              5,4全部3,164,45-494   35,4-11全部3-102-9 1  2d323c4p56d76d76$7${
[2023/06/01 3:29:21.967 PM]  fi
[2023/06/01 3:29:21.967 PM] done 8}
[2023/06/01 3:29:22.024 PM]  fi
[2023/06/01 3:29:22.024 PM] done {}98i}i}910{i}1d21K2a3d4a54321k2a3d4a540586_708198718.9b20a1t23/45d65432101987654321$2${
[2023/06/01 3:29:52.158 PM]  fi
[2023/06/01 3:29:52.158 PM] done 3i4}
[2023/06/01 3:29:53.705 PM]  fi
[2023/06/01 3:29:53.705 PM] done {}5.{i}6b7a8t9876{}5432{i}1{}09 87{i}65434632176fi7,1全部62-91  2e3l4e5432e3l4s5 else65432 else345677,4-11全部d5-124-11$5-12${
[2023/06/01 3:31:30.907 PM]  fi
[2023/06/01 3:31:30.907 PM] done 6-13}
[2023/06/01 3:31:30.979 PM]  fi
[2023/06/01 3:31:30.979 PM] done {}7-146-13i}i}7-148-157-146-135-12{i}4-11${i}3-10${i}2-9 ${i}1  
[2023/06/01 3:31:35.686 PM]   else${i}~                                                                                              6,7全部 ${i}8e${i}9c${i}10h${i}1echo${i}2 ${i}32109 8echo ${i}7,4-11全部echo ${i}3-10echo ${i}2-9 echo ${i}1  
[2023/06/01 3:31:41.540 PM]   else echo ${i}~                                                                                              6,8全部echo ${i}7,4-11全部echo ${i}3-10echo ${i}2-9 echo ${i}1   echo ${i}2 echo ${i}3 echo ${i}456789{}10123 {i}4{}3210{i}9 "${i} 
[2023/06/01 3:31:50.769 PM]  fi
[2023/06/01 3:31:50.769 PM] done 10{}1234" 
[2023/06/01 3:31:52.381 PM]  fi
[2023/06/01 3:31:52.381 PM] done {i}5{}4{i}6,8 7,165{}4is not found." {i}279,6 54321872349,65432187656523456{}78910{i}1/${i}.bat2 ${i}.bat39,6 5,214,432103987654321029876545,210198{}7654{i}321b/ ${i}.bat2a/ ${i}.bat3k/ ${i}.bat456{}78920{i}1234321{}0  else 
[2023/06/01 3:37:18.125 PM]    echo "is not found." 
[2023/06/01 3:37:18.125 PM]  fi
[2023/06/01 3:37:18.125 PM] done {198$  else 
[2023/06/01 3:37:18.442 PM]    echo "is not found." 
[2023/06/01 3:37:18.443 PM]  fi
[2023/06/01 3:37:18.443 PM] done 7654321{}0 bak  else 
[2023/06/01 3:37:20.843 PM]    echo "is not found." 
[2023/06/01 3:37:20.843 PM]  fi
[2023/06/01 3:37:20.843 PM] done { 9 878i bak  else 
[2023/06/01 3:37:21.925 PM]    echo "is not found." 
[2023/06/01 3:37:21.925 PM]  fi
[2023/06/01 3:37:21.925 PM] done 7896,87,910{}1234is not found."  fi
[2023/06/01 3:37:24.233 PM] done {ii321{iis not found."  fi
[2023/06/01 3:37:27.928 PM] done 0121iis not found." 0$iis not found." 1232 is not found." 36,8 5,124,1345{}6789 copy to bak directory."  cp  bak
[2023/06/01 3:37:35.553 PM]   else 
[2023/06/01 3:37:35.553 PM]    echo " is not found." 
[2023/06/01 3:37:35.553 PM]  fi
[2023/06/01 3:37:35.553 PM] done { 87i copy to bak directory."  cp  bak
[2023/06/01 3:37:36.319 PM]   else 
[2023/06/01 3:37:36.319 PM]    echo " is not found." 
[2023/06/01 3:37:36.319 PM]  fi
[2023/06/01 3:37:36.319 PM] done 6789,6 8,47,28765432101987654321{i is not found." 
[2023/06/01 3:37:51.280 PM]  fi
[2023/06/01 3:37:51.280 PM] done 2}i is not found." 
[2023/06/01 3:37:51.369 PM]  fi
[2023/06/01 3:37:51.369 PM] done {}3i is not found."  fi
[2023/06/01 3:37:52.154 PM] done {i23} is not found." 
[2023/06/01 3:37:53.645 PM]  fi
[2023/06/01 3:37:53.645 PM] done {}4{i}6,8 5,1216,8 5,1142345676{i copy to bak directory."
[2023/06/01 3:37:58.928 PM]   cp  bak
[2023/06/01 3:37:58.929 PM]   else 
[2023/06/01 3:37:58.929 PM]    echo " is not found." 
[2023/06/01 3:37:58.929 PM]  fi
[2023/06/01 3:37:58.929 PM] done 78} copy to bak directory."
[2023/06/01 3:38:00.010 PM]   cp  bak
[2023/06/01 3:38:00.010 PM]   else 
[2023/06/01 3:38:00.010 PM]    echo " is not found." 
[2023/06/01 3:38:00.010 PM]  fi
[2023/06/01 3:38:00.010 PM] done {}9{i}9,6 ^[  9,5全部::wq"kad08_4.sh" 9L, 135B 已寫入
[2023/06/01 3:38:04.207 PM] %                                                                                               
[2023/06/01 3:38:04.242 PM] ~ ❯ 17m 43svim kad08_4.shtouch kad08_4.shvim kad08_4.sh  touch kad08_4.shbash kad08_5.sh .sh 4.shbsh kad08_4.sh sh kad08_4.sh  test01.sh kad08_1.sh kad08_2.sh kad08_3.sh
[2023/06/01 3:39:07.269 PM] test01.sh is not found.
[2023/06/01 3:39:07.269 PM] kad08_1.sh copy to bak directory.
[2023/06/01 3:39:07.273 PM] kad08_2.sh copy to bak directory.
[2023/06/01 3:39:07.276 PM] kad08_3.sh copy to bak directory.
[2023/06/01 3:39:07.279 PM] %                                                                                               
[2023/06/01 3:39:07.305 PM] ~ ❯ sh kad08_4.sh test01.sh kad08_1.sh kad08_2.sh kad08_3.shvim kad08_4.sh                                          
[2023/06/01 3:40:35.588 PM] "kad08_4.sh" 9L, 135B▽             for i in $@
[2023/06/01 3:40:35.593 PM] do  if test -e $i then  echo "${i} copy to bak directory."
[2023/06/01 3:40:35.593 PM]   cp $i bak
[2023/06/01 3:40:35.593 PM]   else
[2023/06/01 3:40:35.593 PM]    echo "${i} is not found." 
[2023/06/01 3:40:35.594 PM]  fi
[2023/06/01 3:40:35.594 PM] done
[2023/06/01 3:40:35.594 PM] ~                                                                                              ~                                                                                              ~                                                                                              ~                                                                                              ~                                                                                              ~                                                                                              ~                                                                                              ~                                                                                              ~                                                                                              ~                                                                                              ~                                                                                              ~                                                                                              ~                                                                                              ~                                                                                              ~                                                                                              1,1全部9,52 -- 選取 --29,6全部1 52 
[2023/06/01 3:40:37.122 PM] done 8,3i2 f19or i in $@ 
[2023/06/01 3:40:37.663 PM] do  
[2023/06/01 3:40:37.663 PM]  if test -e $i  
[2023/06/01 3:40:37.663 PM]   then  echo "${i} copy to bak directory." 
[2023/06/01 3:40:37.663 PM]   cp $i bak 
[2023/06/01 3:40:37.663 PM]   else  
[2023/06/01 3:40:37.663 PM]    echo "${i} is not found."  
[2023/06/01 3:40:37.663 PM]  1 or i in $@do  if test -e $i   then  echo "${i} copy to bak directory."  cp $i bak  else    echo "${i} is not found."  fidone 9,5全部^[  ^[  ::wq"kad08_4.sh" 9L, 135B 已寫入
[2023/06/01 3:41:41.573 PM] %                                                                                               
[2023/06/01 3:41:41.607 PM] ~ ❯ 1m 6s