[2023/07/13 3:10:06.638 PM] Last login: Thu Jul 13 15:09:04 on ttys000

[2023/07/13 3:10:06.666 PM] ~ ❯ %                                                                               ~ ❯ ssh sk2a03@192.168.64.4                       ssh sk2a03@192.168.64.4
[2023/07/13 3:10:08.448 PM] sk2a03@192.168.64.4's password: 
[2023/07/13 3:10:10.799 PM] Welcome to Ubuntu 23.04 (GNU/Linux 6.2.0-24-generic aarch64)

[2023/07/13 3:10:10.799 PM]  * Documentation:  https://help.ubuntu.com
[2023/07/13 3:10:10.799 PM]  * Management:     https://landscape.canonical.com
[2023/07/13 3:10:10.799 PM]  * Support:        https://ubuntu.com/advantage

[2023/07/13 3:10:10.799 PM]   System information as of Thu Jul 13 06:10:10 AM UTC 2023

[2023/07/13 3:10:10.799 PM]   System load:             0.86
[2023/07/13 3:10:10.799 PM]   Usage of /:              54.9% of 29.82GB
[2023/07/13 3:10:10.799 PM]   Memory usage:            15%
[2023/07/13 3:10:10.799 PM]   Swap usage:              0%
[2023/07/13 3:10:10.799 PM]   Processes:               236
[2023/07/13 3:10:10.799 PM]   Users logged in:         1
[2023/07/13 3:10:10.799 PM]   IPv4 address for enp0s1: 192.168.64.4
[2023/07/13 3:10:10.799 PM]   IPv6 address for enp0s1: fd85:1dbd:ef9b:c3b9:ac2a:77ff:fe82:d16d

[2023/07/13 3:10:10.799 PM]  * Strictly confined Kubernetes makes edge and IoT secure. Learn how MicroK8s
[2023/07/13 3:10:10.799 PM]    just raised the bar for easy, resilient and secure K8s cluster deployment.

[2023/07/13 3:10:10.799 PM]    https://ubuntu.com/engage/secure-kubernetes-at-the-edge

[2023/07/13 3:10:10.799 PM] 0 updates can be applied immediately.


[2023/07/13 3:10:10.800 PM] The list of available updates is more than a week old.
[2023/07/13 3:10:10.800 PM] To check for new updates run: sudo apt update

[2023/07/13 3:10:10.800 PM] Last login: Thu Jul 13 06:04:30 2023 from 192.168.64.1
[2023/07/13 3:10:10.834 PM] sk2a03@sk2a03:~$ vim /var/www/html/public_html/kad14.htmlcp /var/www/html/public_html/kad14.html kad14.htmlvim /var/www/html/public_html/kad14.htmlcp /var/www/html/public_html/kad14.html kad14.htmlcomp/kad14A.php kad14.phpaopen var/www/htmlsudo vi /etc/hostsm /etc/apache2/sites-available/vhost.confcd ..sudo vim /etc/apache2/sites-available/vhost.conf
[2023/07/13 3:10:17.339 PM] [sudo] password for sk2a03: 
[2023/07/13 3:10:24.812 PM] "/etc/apache2/sites-available/vhost.conf" 4L, 111B▽             <VirtualHost *:80>
[2023/07/13 3:10:24.816 PM] DocumentRoot   /var/www/html/public_htmlServerName     sk2a03.ecc-skills.jp</VirtualHost>
[2023/07/13 3:10:24.816 PM] ~                                                                               ~                                                                               ~                                                                               ~                                                                               ~                                                                               ~                                                                               ~                                                                               ~                                                                               ~                                                                               ~                                                                               ~                                                                               ~                                                                               ~                                                                               ~                                                                               ~                                                                               ~                                                                               ~                                                                               ~                                                                               ~                                                                               ~                                                                               2,40All<VirtualHost *:80>
[2023/07/13 3:10:24.817 PM] DocumentRoot   /var/www/html/public_html
[2023/07/13 3:10:24.817 PM] ServerName     sk2a03.ecc-skills.jp
[2023/07/13 3:10:24.817 PM] </VirtualHost>
[2023/07/13 3:10:24.817 PM] ~                                                                               ~                                                                               ~                                                                               ~                                                                               ~                                                                               ~                                                                               ~                                                                               ~                                                                               ~                                                                               ~                                                                               ~                                                                               ~                                                                               ~                                                                               ~                                                                               ~                                                                               ~                                                                               ~                                                                               ~                                                                               ~                                                                               ~                                                                               2,40All"/etc/apache2/sites-available/vhost.conf" 4L, 111B~@k   3,35~@k   2~@k   6~@k   7~@k   8~@k   9~@k   40i -- INSERT --2,40All103987654321029^[  2,28All::wq"/etc/apache2/sites-available/vhost.conf"<pache2/sites-available/vhost.conf" 4L, 99B written
[2023/07/13 3:10:32.358 PM] sk2a03@sk2a03:~$ sudo vim /etc/apache2/sites-available/vhost.confsudo vim /etc/apache2/sites-available/vhost.confvim /var/www/html/public_html/kad14.htmlcp /var/www/html/public_html/kad14.html kad14.htmlcomp/kad14A.php kad14.phpaopen var/www/htmlsudo vi /etc/hostsm /etc/apache2/sites-available/vhost.confcd ..~lscd complscd /var/www/htmllsvim var/www/html/public_html/kad14.htmltouch var/www/html/public_html/kad14a.htmlvim var/www/html/public_html/kad14.htmllsvim var/www/html/public_html/kad14.htmltouch var/www/html/public_html/kad14a.html/var/www/html/public_html/kad14a.htmlping -c4 sk2a03.ecc-skills.jpsudo vi /etc/hostssystemctl restart apache2
[2023/07/13 3:10:46.113 PM] sk2a03@sk2a03:~$ sudo systemctl restart apache2vim /etc/apache2/sites-available/vhost.conf
[2023/07/13 3:11:19.932 PM] "/etc/apache2/sites-available/vhost.conf" 4L, 99B▽             <VirtualHost *:80>
[2023/07/13 3:11:19.935 PM] DocumentRoot   /var/www/htmlServerName     sk2a03.ecc-skills.jp</VirtualHost>
[2023/07/13 3:11:19.935 PM] ~                                                                               ~                                                                               ~                                                                               ~                                                                               ~                                                                               ~                                                                               ~                                                                               ~                                                                               ~                                                                               ~                                                                               ~                                                                               ~                                                                               ~                                                                               ~                                                                               ~                                                                               ~                                                                               ~                                                                               ~                                                                               ~                                                                               ~                                                                               2,28All<VirtualHost *:80>
[2023/07/13 3:11:19.937 PM] DocumentRoot   /var/www/html
[2023/07/13 3:11:19.937 PM] ServerName     sk2a03.ecc-skills.jp
[2023/07/13 3:11:19.937 PM] </VirtualHost>
[2023/07/13 3:11:19.937 PM] ~                                                                               ~                                                                               ~                                                                               ~                                                                               ~                                                                               ~                                                                               ~                                                                               ~                                                                               ~                                                                               ~                                                                               ~                                                                               ~                                                                               ~                                                                               ~                                                                               ~                                                                               ~                                                                               ~                                                                               ~                                                                               ~                                                                               ~                                                                               2,28All"/etc/apache2/sites-available/vhost.conf" 4L, 99B~@k   3~@k   2~@k   ~@k   7~@k   3~@k   2~@k   3~@k   2~@k   8~@k   ~@k   3~@k   2i -- INSERT --2,28All9/30w10~1w2e3b4u5s6e7r8^[  2,37All::wq"/etc/apache2/sites-available/vhost.conf"<ache2/sites-available/vhost.conf" 4L, 108B written
[2023/07/13 3:11:39.776 PM] sk2a03@sk2a03:~$ sudo vim /etc/apache2/sites-available/vhost.confsystemctl restart apache2
[2023/07/13 3:11:42.123 PM] sk2a03@sk2a03:~$ sudo systemctl restart apache2vim /etc/apache2/sites-available/vhost.confsystemctl restart apache2vim /etc/apache2/sites-available/vhost.confsystemctl restart apache2vim /etc/apache2/sites-available/vhost.confsystemctl restart apache2sudo a2ensite vhostsudo a2ensite vhost
[2023/07/13 3:12:16.311 PM] Site vhost already enabled
[2023/07/13 3:12:16.317 PM] sk2a03@sk2a03:~$  sudo apache2ctl configtest sudo apache2ctl configtest
[2023/07/13 3:12:19.703 PM] AH00112: Warning: DocumentRoot [/var/www/html/~webuser] does not exist
[2023/07/13 3:12:19.703 PM] Syntax OK
[2023/07/13 3:12:19.721 PM] sk2a03@sk2a03:~$  sudo systemctl restart apache2  sudo systemctl restart apache2 
[2023/07/13 3:12:24.516 PM] sk2a03@sk2a03:~$ ping -c4 comp.ecc-skills.jpping -c4 comp.ecc-skills.jp.ecc-skills.jp.ecc-skills.jp.ecc-skills.jp.ecc-skills.jps.ecc-skills.jpk.ecc-skills.jp2.ecc-skills.jpa.ecc-skills.jp0.ecc-skills.jp3.ecc-skills.jp
[2023/07/13 3:12:50.902 PM] PING sk2a03.ecc-skills.jp (127.0.0.1) 56(84) bytes of data.
[2023/07/13 3:12:50.903 PM] 64 bytes from sk2a03.ecc-skills.jp (127.0.0.1): icmp_seq=1 ttl=64 time=0.031 ms
[2023/07/13 3:12:51.926 PM] 64 bytes from sk2a03.ecc-skills.jp (127.0.0.1): icmp_seq=2 ttl=64 time=0.123 ms
[2023/07/13 3:12:52.947 PM] 64 bytes from sk2a03.ecc-skills.jp (127.0.0.1): icmp_seq=3 ttl=64 time=0.130 ms
[2023/07/13 3:12:53.972 PM] 64 bytes from sk2a03.ecc-skills.jp (127.0.0.1): icmp_seq=4 ttl=64 time=0.111 ms

[2023/07/13 3:12:53.972 PM] --- sk2a03.ecc-skills.jp ping statistics ---
[2023/07/13 3:12:53.972 PM] 4 packets transmitted, 4 received, 0% packet loss, time 3068ms
[2023/07/13 3:12:53.972 PM] rtt min/avg/max/mdev = 0.031/0.098/0.130/0.039 ms
[2023/07/13 3:12:53.985 PM] sk2a03@sk2a03:~$ ping -c4 sk2a03.ecc-skills.jpsudo a2ensite vhostsystemctl restart apache2a2ensite vhost
[2023/07/13 3:13:31.755 PM] Site vhost already enabled
[2023/07/13 3:13:31.761 PM] sk2a03@sk2a03:~$ sudo a2ensite vhostping -c4 sk2a03.ecc-skills.jpsudo a2ensite vhostsystemctl restart apache2vim /etc/apache2/sites-available/vhost.conf

[2023/07/13 3:13:35.138 PM] "/etc/apache2/sites-available/vhost.conf" 4L, 108B▽             <VirtualHost *:80>
[2023/07/13 3:13:35.142 PM] DocumentRoot   /var/www/html/~webuserServerName     sk2a03.ecc-skills.jp</VirtualHost>
[2023/07/13 3:13:35.142 PM] ~                                                                               ~                                                                               ~                                                                               ~                                                                               ~                                                                               ~                                                                               ~                                                                               ~                                                                               ~                                                                               ~                                                                               ~                                                                               ~                                                                               ~                                                                               ~                                                                               ~                                                                               ~                                                                               ~                                                                               ~                                                                               ~                                                                               ~                                                                               2,37All^@  3,35/1999/1999          <VirtualHost *:80>
[2023/07/13 3:13:35.143 PM] DocumentRoot   /var/www/html/~webuser
[2023/07/13 3:13:35.143 PM] ServerName     sk2a03.ecc-skills.jp
[2023/07/13 3:13:35.143 PM] </VirtualHost>
[2023/07/13 3:13:35.143 PM] ~                                                                               ~                                                                               ~                                                                               ~                                                                               ~                                                                               ~                                                                               ~                                                                               ~                                                                               ~                                                                               ~                                                                               ~                                                                               ~                                                                               ~                                                                               ~                                                                               ~                                                                               ~                                                                               ~                                                                               ~                                                                               ~                                                                               ~                                                                               3,35All"/etc/apache2/sites-available/vhost.conf" 4L, 108B~@k   ~@k   4~@k   2~@k   1,18~@k   2,34~@k   5~@k   6~@k   7~@k   ~@k   3,35~@k   4~@k   3~@k   2~@k   1~@k   0~@k   29~@k   8~@k   7~@k   6~@k   2~@k   7~@k   8~@k   9~@k   30~@k   1~@k   2~@k   3~@k   4~@k   5~@k   6~@k   7~@k   ~@k   ~@k   i -- INSERT --2,37All876543210p1u2b3l4i5c6_7g8h9t403987h8t9m40l13,1All
[2023/07/13 3:13:51.155 PM] DocumentRoot   /var/www/html/public_html~                                                                               2,41All^[  2,40All::wq"/etc/apache2/sites-available/vhost.conf"<ache2/sites-available/vhost.conf" 4L, 111B written
[2023/07/13 3:13:52.353 PM] sk2a03@sk2a03:~$ sudo vim /etc/apache2/sites-available/vhost.confsudo vim /etc/apache2/sites-available/vhost.confsudo a2ensite vhostsudo a2ensite vhost
[2023/07/13 3:14:02.683 PM] Site vhost already enabled
[2023/07/13 3:14:02.690 PM] sk2a03@sk2a03:~$  sudo apache2ctl configtest sudo apache2ctl configtest
[2023/07/13 3:14:05.767 PM] Syntax OK
[2023/07/13 3:14:05.789 PM] sk2a03@sk2a03:~$  sudo systemctl restart apache2  sudo systemctl restart apache2 
[2023/07/13 3:14:22.662 PM] sk2a03@sk2a03:~$ ping -c4 comp.ecc-skills.jpping -c4 comp.ecc-skills.jp.ecc-skills.jp.ecc-skills.jp.ecc-skills.jp.ecc-skills.jpp.ecc-skills.jpu.ecc-skills.jpb.ecc-skills.jpl.ecc-skills.jpi.ecc-skills.jpc.ecc-skills.jp_.ecc-skills.jph.ecc-skills.jpt.ecc-skills.jpm.ecc-skills.jpl.ecc-skills.jp
[2023/07/13 3:14:35.017 PM] ping: public_html.ecc-skills.jp: Name or service not known
[2023/07/13 3:14:35.027 PM] sk2a03@sk2a03:~$ ping -c4 public_html.ecc-skills.jpsudo a2ensite vhostvim /etc/apache2/sites-available/vhost.conf
[2023/07/13 3:15:19.543 PM] "/etc/apache2/sites-available/vhost.conf" 4L, 111B▽             <VirtualHost *:80>
[2023/07/13 3:15:19.547 PM] DocumentRoot   /var/www/html/public_htmlServerName     sk2a03.ecc-skills.jp</VirtualHost>
[2023/07/13 3:15:19.547 PM] ~                                                                               ~                                                                               ~                                                                               ~                                                                               ~                                                                               ~                                                                               ~                                                                               ~                                                                               ~                                                                               ~                                                                               ~                                                                               ~                                                                               ~                                                                               ~                                                                               ~                                                                               ~                                                                               ~                                                                               ~                                                                               ~                                                                               ~                                                                               2,40All<VirtualHost *:80>
[2023/07/13 3:15:19.548 PM] DocumentRoot   /var/www/html/public_html
[2023/07/13 3:15:19.548 PM] ServerName     sk2a03.ecc-skills.jp
[2023/07/13 3:15:19.548 PM] </VirtualHost>
[2023/07/13 3:15:19.548 PM] ~                                                                               ~                                                                               ~                                                                               ~                                                                               ~                                                                               ~                                                                               ~                                                                               ~                                                                               ~                                                                               ~                                                                               ~                                                                               ~                                                                               ~                                                                               ~                                                                               ~                                                                               ~                                                                               ~                                                                               ~                                                                               ~                                                                               ~                                                                               2,40All"/etc/apache2/sites-available/vhost.conf" 4L, 111B~@k   39~@k   40~@k   ~@k   39~@k   8~@k   3,35~@k   2,38~@k   9~@k   40~@k   ~@k   39i -- INSERT --2,39All401039876543210~1w2e3b4u5s6e7r8^[  2,37All::wq"/etc/apache2/sites-available/vhost.conf"<ache2/sites-available/vhost.conf" 4L, 108B written
[2023/07/13 3:15:50.345 PM] sk2a03@sk2a03:~$ sudo vim /etc/apache2/sites-available/vhost.confsudo a2ensite vhostsudo a2ensite vhost
[2023/07/13 3:16:00.452 PM] Site vhost already enabled
[2023/07/13 3:16:00.459 PM] sk2a03@sk2a03:~$ sudo apache2ctl configtestsudo apache2ctl configtest
[2023/07/13 3:16:07.006 PM] AH00112: Warning: DocumentRoot [/var/www/html/~webuser] does not exist
[2023/07/13 3:16:07.006 PM] Syntax OK
[2023/07/13 3:16:07.026 PM] sk2a03@sk2a03:~$ sudo systemctl restart apache2sudo systemctl restart apache2
[2023/07/13 3:16:19.725 PM] sk2a03@sk2a03:~$ sudo systemctl restart apache2apache2ctl configtest2ensite vhostvim /etc/apache2/sites-available/vhost.conf
[2023/07/13 3:16:43.851 PM] "/etc/apache2/sites-available/vhost.conf" 4L, 108B▽             <VirtualHost *:80>
[2023/07/13 3:16:43.854 PM] DocumentRoot   /var/www/html/~webuserServerName     sk2a03.ecc-skills.jp</VirtualHost>
[2023/07/13 3:16:43.854 PM] ~                                                                               ~                                                                               ~                                                                               ~                                                                               ~                                                                               ~                                                                               ~                                                                               ~                                                                               ~                                                                               ~                                                                               ~                                                                               ~                                                                               ~                                                                               ~                                                                               ~                                                                               ~                                                                               ~                                                                               ~                                                                               ~                                                                               ~                                                                               2,37All<VirtualHost *:80>
[2023/07/13 3:16:43.855 PM] DocumentRoot   /var/www/html/~webuser
[2023/07/13 3:16:43.855 PM] ServerName     sk2a03.ecc-skills.jp
[2023/07/13 3:16:43.855 PM] </VirtualHost>
[2023/07/13 3:16:43.855 PM] ~                                                                               ~                                                                               ~                                                                               ~                                                                               ~                                                                               ~                                                                               ~                                                                               ~                                                                               ~                                                                               ~                                                                               ~                                                                               ~                                                                               ~                                                                               ~                                                                               ~                                                                               ~                                                                               ~                                                                               ~                                                                               ~                                                                               ~                                                                               2,37All"/etc/apache2/sites-available/vhost.conf" 4L, 108B~@k   6~@k   7~@k   i -- INSERT --2,37All876543210e1e2^[  2,31All::wq"/etc/apache2/sites-available/vhost.conf"<ache2/sites-available/vhost.conf" 4L, 102B written
[2023/07/13 3:16:49.584 PM] sk2a03@sk2a03:~$ sudo vim /etc/apache2/sites-available/vhost.conf
[2023/07/13 3:16:51.729 PM] "/etc/apache2/sites-available/vhost.conf" 4L, 102B▽             <VirtualHost *:80>
[2023/07/13 3:16:51.732 PM] DocumentRoot   /var/www/html/eeServerName     sk2a03.ecc-skills.jp</VirtualHost>
[2023/07/13 3:16:51.732 PM] ~                                                                               ~                                                                               ~                                                                               ~                                                                               ~                                                                               ~                                                                               ~                                                                               ~                                                                               ~                                                                               ~                                                                               ~                                                                               ~                                                                               ~                                                                               ~                                                                               ~                                                                               ~                                                                               ~                                                                               ~                                                                               ~                                                                               ~                                                                               2,31All<VirtualHost *:80>
[2023/07/13 3:16:51.733 PM] DocumentRoot   /var/www/html/ee
[2023/07/13 3:16:51.733 PM] ServerName     sk2a03.ecc-skills.jp
[2023/07/13 3:16:51.733 PM] </VirtualHost>
[2023/07/13 3:16:51.733 PM] ~                                                                               ~                                                                               ~                                                                               ~                                                                               ~                                                                               ~                                                                               ~                                                                               ~                                                                               ~                                                                               ~                                                                               ~                                                                               ~                                                                               ~                                                                               ~                                                                               ~                                                                               ~                                                                               ~                                                                               ~                                                                               ~                                                                               ~                                                                               2,31All"/etc/apache2/sites-available/vhost.conf" 4L, 102B~@k   0i -- INSERT --2,30All121c2c33,1All
[2023/07/13 3:16:55.430 PM] DocumentRoot   /var/www/html/ecc~                                                                               2,33All^[  2,32All::wq"/etc/apache2/sites-available/vhost.conf"<ache2/sites-available/vhost.conf" 4L, 103B written
[2023/07/13 3:16:57.889 PM] sk2a03@sk2a03:~$  sudo a2ensite vhost sudo a2ensite vhost
[2023/07/13 3:17:21.157 PM] Site vhost already enabled
[2023/07/13 3:17:21.164 PM] sk2a03@sk2a03:~$ sudo apache2ctl configtestsudo apache2ctl configtest
[2023/07/13 3:17:24.496 PM] AH00112: Warning: DocumentRoot [/var/www/html/ecc] does not exist
[2023/07/13 3:17:24.497 PM] Syntax OK
[2023/07/13 3:17:24.518 PM] sk2a03@sk2a03:~$  sudo systemctl restart apache2 sudo systemctl restart apache2
[2023/07/13 3:17:29.900 PM] sk2a03@sk2a03:~$ mdkkdir /var/www/html/ecc
[2023/07/13 3:17:47.525 PM] mkdir: cannot create directory ‘/var/www/html/ecc’: Permission denied
[2023/07/13 3:17:47.534 PM] sk2a03@sk2a03:~$ su - suwebuser
[2023/07/13 3:18:00.994 PM] Password: 
[2023/07/13 3:18:04.013 PM] webuser@sk2a03:~$ ls
[2023/07/13 3:18:06.638 PM] public_html
[2023/07/13 3:18:06.639 PM] webuser@sk2a03:~$ exit
[2023/07/13 3:18:14.869 PM] logout
[2023/07/13 3:18:14.887 PM] sk2a03@sk2a03:~$ sudo mkdir /var/www/html/compsudo mkdir /var/www/html/compecc
[2023/07/13 3:18:33.306 PM] sk2a03@sk2a03:~$ cp /var/www/html/phuublic_html/kad14.html cd/var /www/thmkhtmlhtml/ecc/kad14 .html
[2023/07/13 3:19:16.260 PM] cp: cannot create regular file '/var/www/html/ecc/kad14.html': Permission denied
[2023/07/13 3:19:16.269 PM] sk2a03@sk2a03:~$ esu - webuser
[2023/07/13 3:19:33.705 PM] Password: 
[2023/07/13 3:19:35.432 PM] webuser@sk2a03:~$ exitlsexitvim kad14.htmllscd public_htmllscd webuserlscd ..lsexitpwdlspwdexitlscd ..lscd webuserlscd public_htmllsvim kad14.htmlexitlsexitcp /public_html/kad14.html d/var /www/html/decc/kad14.html
[2023/07/13 3:20:06.728 PM] cp: cannot stat '/public_html/kad14.html': No such file or directory
[2023/07/13 3:20:06.728 PM] webuser@sk2a03:~$ cd. ..
[2023/07/13 3:20:26.141 PM] webuser@sk2a03:/home$ ls
[2023/07/13 3:20:28.084 PM] chiro  sk2a03  testuser  unix10  webuser
[2023/07/13 3:20:28.085 PM] webuser@sk2a03:/home$ cd ..
[2023/07/13 3:20:33.624 PM] webuser@sk2a03:/$ cd ..exit
[2023/07/13 3:20:46.742 PM] logout
[2023/07/13 3:20:46.757 PM] sk2a03@sk2a03:~$ su - webusercp /var/www/html/public_html/kad14.html /var/www/html/ecc/kad14.html

[2023/07/13 3:20:58.046 PM] cp: cannot create regular file '/var/www/html/ecc/kad14.html': Permission denied
[2023/07/13 3:20:58.056 PM] sk2a03@sk2a03:~$ cp /var/www/html/public_html/kad14.html /var/www/html/ecc/kad14.htmlsk2a03@sk2a03:~$ 
[2023/07/13 3:21:01.646 PM] cp /var/www/html/public_html/kad14.html /var/www/html/ecc/kad14.htmlvar/www/html/ecc/kad14.htmlsk2a03@sk2a03:~$ var/www/html/public_html/kad14.html var/www/html/ecc/kad14.htmlsk2a03@sk2a03:~$ 

[2023/07/13 3:21:09.753 PM] cp: cannot stat 'var/www/html/public_html/kad14.html': No such file or directory
[2023/07/13 3:21:09.762 PM] sk2a03@sk2a03:~$ cp var/www/html/public_html/kad14.html var/www/html/ecc/kad14.htmlsk2a03@sk2a03:~$ /var/www/html/public_html/kad14.html /var/www/html/ecc/kad14.htmlsk2a03@sk2a03:~$ var/www/html/public_html/kad14.html var/www/html/ecc/kad14.htmlsk2a03@sk2a03:~$ /var/www/html/public_html/kad14.html /var/www/html/ecc/kad14.html
[2023/07/13 3:21:46.794 PM] /kad14.html/kad14.html/kad14.html/kad14.html/kad14.html/kad14.html/kad14.html/kad14.html/kad14.html/kad14.html/kad14.htmle/kad14.htmlc/kad14.htmlc/kad14.html /var/www/html/ecc/kad14.html /var/www/html/ecc/kad14.htmld /var/www/html/ecc/kad14.html /var/www/html/ecc/kad14.htmlm /var/www/html/ecc/kad14.htmlk /var/www/html/ecc/kad14.htmld /var/www/html/ecc/kad14.htmli /var/www/html/ecc/kad14.htmlr /var/www/html/ecc/kad14.html
[2023/07/13 3:21:57.277 PM] mkdir: cannot create directory ‘/var/www/html/ecc/kad14.html’: Permission denied
[2023/07/13 3:21:57.286 PM] sk2a03@sk2a03:~$ mkdir /var/www/html/ecc/kad14.html /var/www/html/ecc/kad14.html /var/www/html/ecc/kad14.html /var/www/html/ecc/kad14.html /var/www/html/ecc/kad14.html /var/www/html/ecc/kad14.htmlt /var/www/html/ecc/kad14.htmlo /var/www/html/ecc/kad14.htmlu /var/www/html/ecc/kad14.htmlc /var/www/html/ecc/kad14.htmlh /var/www/html/ecc/kad14.html
[2023/07/13 3:22:05.577 PM] touch: cannot touch '/var/www/html/ecc/kad14.html': Permission denied
[2023/07/13 3:22:05.585 PM] sk2a03@sk2a03:~$ sudo vim /var/www/html/comp/kad14.phpsudo vim /var/www/html/comp/kad14.phphtml/kad14.html/kad14.html/kad14.htmle/kad14.html/kad14.html/kad14.htmle/kad14.htmlc/kad14.htmlc/kad14.html
[2023/07/13 3:22:24.794 PM] "/var/www/html/ecc/kad14.html" [New]▽             ~                                                                               ~                                                                               ~                                                                               ~                                                                               ~                                                                               ~                                                                               ~                                                                               ~                                                                               ~                                                                               ~                                                                               ~                                                                               ~                                                                               ~                                                                               ~                                                                               ~                                                                               ~                                                                               ~                                                                               ~                                                                               ~                                                                               ~                                                                               ~                                                                               ~                                                                               ~                                                                               0,0-1All~                                                                               ~                                                                               ~                                                                               ~                                                                               ~                                                                               ~                                                                               ~                                                                               ~                                                                               ~                                                                               ~                                                                               ~                                                                               ~                                                                               ~                                                                               ~                                                                               ~                                                                               ~                                                                               ~                                                                               ~                                                                               ~                                                                               ~                                                                               ~                                                                               ~                                                                               ~                                                                               0,0-1All"/var/www/html/ecc/kad14.html" [New]-- INSERT --0,1All<html>
[2023/07/13 3:22:32.888 PM] <body><h1>Hello User Page!!</h1></body></html>6,0-1All^M  ::wq"/var/www/html/ecc/kad14.html"<var/www/html/ecc/kad14.html" [New] 6L, 59B written
[2023/07/13 3:22:34.468 PM] sk2a03@sk2a03:~$ sudo a2ensite vhostsudo a2ensite vhost
[2023/07/13 3:22:42.177 PM] Site vhost already enabled
[2023/07/13 3:22:42.184 PM] sk2a03@sk2a03:~$ sudo apache2ctl configtestsudo apache2ctl configtest
[2023/07/13 3:22:45.728 PM] Syntax OK
[2023/07/13 3:22:45.748 PM] sk2a03@sk2a03:~$ sudo systemctl restart apache2sudo systemctl restart apache2
[2023/07/13 3:22:49.826 PM] sk2a03@sk2a03:~$ 